[0.535s] DEBUG:colcon:Command line arguments: ['/usr/bin/colcon', 'build']
[0.535s] DEBUG:colcon:Parsed command line arguments: Namespace(log_base=None, log_level=None, verb_name='build', build_base='build', install_base='install', merge_install=False, symlink_install=False, test_result_base=None, continue_on_error=False, executor='parallel', parallel_workers=16, event_handlers=None, ignore_user_meta=False, metas=['./colcon.meta'], base_paths=['.'], packages_ignore=None, packages_ignore_regex=None, paths=None, packages_up_to=None, packages_up_to_regex=None, packages_above=None, packages_above_and_dependencies=None, packages_above_depth=None, packages_select_by_dep=None, packages_skip_by_dep=None, packages_skip_up_to=None, packages_select_build_failed=False, packages_skip_build_finished=False, packages_select_test_failures=False, packages_skip_test_passed=False, packages_select=None, packages_skip=None, packages_select_regex=None, packages_skip_regex=None, packages_start=None, packages_end=None, allow_overriding=[], cmake_args=None, cmake_target=None, cmake_target_skip_unavailable=False, cmake_clean_cache=False, cmake_clean_first=False, cmake_force_configure=False, ament_cmake_args=None, catkin_cmake_args=None, catkin_skip_building_tests=False, verb_parser=<colcon_defaults.argument_parser.defaults.DefaultArgumentsDecorator object at 0x7ce56b324100>, verb_extension=<colcon_core.verb.build.BuildVerb object at 0x7ce56b69ebc0>, main=<bound method BuildVerb.main of <colcon_core.verb.build.BuildVerb object at 0x7ce56b69ebc0>>)
[0.648s] Level 1:colcon.colcon_core.package_discovery:discover_packages(colcon_meta) check parameters
[0.648s] Level 1:colcon.colcon_core.package_discovery:discover_packages(recursive) check parameters
[0.648s] Level 1:colcon.colcon_core.package_discovery:discover_packages(ignore) check parameters
[0.648s] Level 1:colcon.colcon_core.package_discovery:discover_packages(path) check parameters
[0.648s] Level 1:colcon.colcon_core.package_discovery:discover_packages(colcon_meta) discover
[0.648s] Level 1:colcon.colcon_core.package_discovery:discover_packages(recursive) discover
[0.648s] INFO:colcon.colcon_core.package_discovery:Crawling recursively for packages in '/home/calper/ros2_ws'
[0.648s] Level 1:colcon.colcon_core.package_identification:_identify(.) by extensions ['ignore', 'ignore_ament_install']
[0.649s] Level 1:colcon.colcon_core.package_identification:_identify(.) by extension 'ignore'
[0.649s] Level 1:colcon.colcon_core.package_identification:_identify(.) by extension 'ignore_ament_install'
[0.649s] Level 1:colcon.colcon_core.package_identification:_identify(.) by extensions ['colcon_pkg']
[0.649s] Level 1:colcon.colcon_core.package_identification:_identify(.) by extension 'colcon_pkg'
[0.649s] Level 1:colcon.colcon_core.package_identification:_identify(.) by extensions ['colcon_meta']
[0.649s] Level 1:colcon.colcon_core.package_identification:_identify(.) by extension 'colcon_meta'
[0.649s] Level 1:colcon.colcon_core.package_identification:_identify(.) by extensions ['ros']
[0.649s] Level 1:colcon.colcon_core.package_identification:_identify(.) by extension 'ros'
[0.666s] Level 1:colcon.colcon_core.package_identification:_identify(.) by extensions ['cmake', 'python']
[0.666s] Level 1:colcon.colcon_core.package_identification:_identify(.) by extension 'cmake'
[0.666s] Level 1:colcon.colcon_core.package_identification:_identify(.) by extension 'python'
[0.666s] Level 1:colcon.colcon_core.package_identification:_identify(.) by extensions ['python_setup_py']
[0.666s] Level 1:colcon.colcon_core.package_identification:_identify(.) by extension 'python_setup_py'
[0.667s] Level 1:colcon.colcon_core.package_identification:_identify(build) by extensions ['ignore', 'ignore_ament_install']
[0.667s] Level 1:colcon.colcon_core.package_identification:_identify(build) by extension 'ignore'
[0.667s] Level 1:colcon.colcon_core.package_identification:_identify(build) ignored
[0.667s] Level 1:colcon.colcon_core.package_identification:_identify(install) by extensions ['ignore', 'ignore_ament_install']
[0.667s] Level 1:colcon.colcon_core.package_identification:_identify(install) by extension 'ignore'
[0.667s] Level 1:colcon.colcon_core.package_identification:_identify(install) ignored
[0.667s] Level 1:colcon.colcon_core.package_identification:_identify(log) by extensions ['ignore', 'ignore_ament_install']
[0.667s] Level 1:colcon.colcon_core.package_identification:_identify(log) by extension 'ignore'
[0.667s] Level 1:colcon.colcon_core.package_identification:_identify(log) ignored
[0.667s] Level 1:colcon.colcon_core.package_identification:_identify(src) by extensions ['ignore', 'ignore_ament_install']
[0.667s] Level 1:colcon.colcon_core.package_identification:_identify(src) by extension 'ignore'
[0.667s] Level 1:colcon.colcon_core.package_identification:_identify(src) by extension 'ignore_ament_install'
[0.667s] Level 1:colcon.colcon_core.package_identification:_identify(src) by extensions ['colcon_pkg']
[0.667s] Level 1:colcon.colcon_core.package_identification:_identify(src) by extension 'colcon_pkg'
[0.667s] Level 1:colcon.colcon_core.package_identification:_identify(src) by extensions ['colcon_meta']
[0.667s] Level 1:colcon.colcon_core.package_identification:_identify(src) by extension 'colcon_meta'
[0.667s] Level 1:colcon.colcon_core.package_identification:_identify(src) by extensions ['ros']
[0.667s] Level 1:colcon.colcon_core.package_identification:_identify(src) by extension 'ros'
[0.667s] Level 1:colcon.colcon_core.package_identification:_identify(src) by extensions ['cmake', 'python']
[0.667s] Level 1:colcon.colcon_core.package_identification:_identify(src) by extension 'cmake'
[0.667s] Level 1:colcon.colcon_core.package_identification:_identify(src) by extension 'python'
[0.667s] Level 1:colcon.colcon_core.package_identification:_identify(src) by extensions ['python_setup_py']
[0.667s] Level 1:colcon.colcon_core.package_identification:_identify(src) by extension 'python_setup_py'
[0.667s] Level 1:colcon.colcon_core.package_identification:_identify(src/build) by extensions ['ignore', 'ignore_ament_install']
[0.668s] Level 1:colcon.colcon_core.package_identification:_identify(src/build) by extension 'ignore'
[0.668s] Level 1:colcon.colcon_core.package_identification:_identify(src/build) ignored
[0.668s] Level 1:colcon.colcon_core.package_identification:_identify(src/cpp_pubsub) by extensions ['ignore', 'ignore_ament_install']
[0.669s] Level 1:colcon.colcon_core.package_identification:_identify(src/cpp_pubsub) by extension 'ignore'
[0.669s] Level 1:colcon.colcon_core.package_identification:_identify(src/cpp_pubsub) by extension 'ignore_ament_install'
[0.669s] Level 1:colcon.colcon_core.package_identification:_identify(src/cpp_pubsub) by extensions ['colcon_pkg']
[0.669s] Level 1:colcon.colcon_core.package_identification:_identify(src/cpp_pubsub) by extension 'colcon_pkg'
[0.669s] Level 1:colcon.colcon_core.package_identification:_identify(src/cpp_pubsub) by extensions ['colcon_meta']
[0.669s] Level 1:colcon.colcon_core.package_identification:_identify(src/cpp_pubsub) by extension 'colcon_meta'
[0.669s] Level 1:colcon.colcon_core.package_identification:_identify(src/cpp_pubsub) by extensions ['ros']
[0.669s] Level 1:colcon.colcon_core.package_identification:_identify(src/cpp_pubsub) by extension 'ros'
[0.671s] DEBUG:colcon.colcon_core.package_identification:Package 'src/cpp_pubsub' with type 'ros.ament_cmake' and name 'cpp_pubsub'
[0.671s] Level 1:colcon.colcon_core.package_identification:_identify(src/esp_package_temp) by extensions ['ignore', 'ignore_ament_install']
[0.671s] Level 1:colcon.colcon_core.package_identification:_identify(src/esp_package_temp) by extension 'ignore'
[0.671s] Level 1:colcon.colcon_core.package_identification:_identify(src/esp_package_temp) by extension 'ignore_ament_install'
[0.671s] Level 1:colcon.colcon_core.package_identification:_identify(src/esp_package_temp) by extensions ['colcon_pkg']
[0.671s] Level 1:colcon.colcon_core.package_identification:_identify(src/esp_package_temp) by extension 'colcon_pkg'
[0.672s] Level 1:colcon.colcon_core.package_identification:_identify(src/esp_package_temp) by extensions ['colcon_meta']
[0.672s] Level 1:colcon.colcon_core.package_identification:_identify(src/esp_package_temp) by extension 'colcon_meta'
[0.672s] Level 1:colcon.colcon_core.package_identification:_identify(src/esp_package_temp) by extensions ['ros']
[0.672s] Level 1:colcon.colcon_core.package_identification:_identify(src/esp_package_temp) by extension 'ros'
[0.672s] DEBUG:colcon.colcon_core.package_identification:Package 'src/esp_package_temp' with type 'ros.ament_cmake' and name 'esp_package_temp'
[0.672s] Level 1:colcon.colcon_core.package_identification:_identify(src/install) by extensions ['ignore', 'ignore_ament_install']
[0.672s] Level 1:colcon.colcon_core.package_identification:_identify(src/install) by extension 'ignore'
[0.672s] Level 1:colcon.colcon_core.package_identification:_identify(src/install) ignored
[0.672s] Level 1:colcon.colcon_core.package_identification:_identify(src/log) by extensions ['ignore', 'ignore_ament_install']
[0.672s] Level 1:colcon.colcon_core.package_identification:_identify(src/log) by extension 'ignore'
[0.672s] Level 1:colcon.colcon_core.package_identification:_identify(src/log) ignored
[0.673s] Level 1:colcon.colcon_core.package_identification:_identify(src/ros_node_temp) by extensions ['ignore', 'ignore_ament_install']
[0.673s] Level 1:colcon.colcon_core.package_identification:_identify(src/ros_node_temp) by extension 'ignore'
[0.673s] Level 1:colcon.colcon_core.package_identification:_identify(src/ros_node_temp) by extension 'ignore_ament_install'
[0.673s] Level 1:colcon.colcon_core.package_identification:_identify(src/ros_node_temp) by extensions ['colcon_pkg']
[0.673s] Level 1:colcon.colcon_core.package_identification:_identify(src/ros_node_temp) by extension 'colcon_pkg'
[0.673s] Level 1:colcon.colcon_core.package_identification:_identify(src/ros_node_temp) by extensions ['colcon_meta']
[0.673s] Level 1:colcon.colcon_core.package_identification:_identify(src/ros_node_temp) by extension 'colcon_meta'
[0.673s] Level 1:colcon.colcon_core.package_identification:_identify(src/ros_node_temp) by extensions ['ros']
[0.673s] Level 1:colcon.colcon_core.package_identification:_identify(src/ros_node_temp) by extension 'ros'
[0.673s] DEBUG:colcon.colcon_core.package_identification:Package 'src/ros_node_temp' with type 'ros.ament_cmake' and name 'ros_node_temp'
[0.673s] Level 1:colcon.colcon_core.package_discovery:discover_packages(recursive) using defaults
[0.673s] Level 1:colcon.colcon_core.package_discovery:discover_packages(ignore) discover
[0.674s] Level 1:colcon.colcon_core.package_discovery:discover_packages(ignore) using defaults
[0.674s] Level 1:colcon.colcon_core.package_discovery:discover_packages(path) discover
[0.674s] Level 1:colcon.colcon_core.package_discovery:discover_packages(path) using defaults
[0.734s] Level 1:colcon.colcon_core.package_discovery:discover_packages(prefix_path) check parameters
[0.734s] Level 1:colcon.colcon_core.package_discovery:discover_packages(prefix_path) discover
[0.741s] Level 1:colcon.colcon_core.package_discovery:discover_packages(prefix_path) using defaults
[0.753s] Level 5:colcon.colcon_core.verb:set package 'cpp_pubsub' build argument 'cmake_args' from command line to 'None'
[0.753s] Level 5:colcon.colcon_core.verb:set package 'cpp_pubsub' build argument 'cmake_target' from command line to 'None'
[0.753s] Level 5:colcon.colcon_core.verb:set package 'cpp_pubsub' build argument 'cmake_target_skip_unavailable' from command line to 'False'
[0.753s] Level 5:colcon.colcon_core.verb:set package 'cpp_pubsub' build argument 'cmake_clean_cache' from command line to 'False'
[0.753s] Level 5:colcon.colcon_core.verb:set package 'cpp_pubsub' build argument 'cmake_clean_first' from command line to 'False'
[0.753s] Level 5:colcon.colcon_core.verb:set package 'cpp_pubsub' build argument 'cmake_force_configure' from command line to 'False'
[0.753s] Level 5:colcon.colcon_core.verb:set package 'cpp_pubsub' build argument 'ament_cmake_args' from command line to 'None'
[0.753s] Level 5:colcon.colcon_core.verb:set package 'cpp_pubsub' build argument 'catkin_cmake_args' from command line to 'None'
[0.753s] Level 5:colcon.colcon_core.verb:set package 'cpp_pubsub' build argument 'catkin_skip_building_tests' from command line to 'False'
[0.753s] DEBUG:colcon.colcon_core.verb:Building package 'cpp_pubsub' with the following arguments: {'ament_cmake_args': None, 'build_base': '/home/calper/ros2_ws/build/cpp_pubsub', 'catkin_cmake_args': None, 'catkin_skip_building_tests': False, 'cmake_args': None, 'cmake_clean_cache': False, 'cmake_clean_first': False, 'cmake_force_configure': False, 'cmake_target': None, 'cmake_target_skip_unavailable': False, 'install_base': '/home/calper/ros2_ws/install/cpp_pubsub', 'merge_install': False, 'path': '/home/calper/ros2_ws/src/cpp_pubsub', 'symlink_install': False, 'test_result_base': None}
[0.759s] Level 5:colcon.colcon_core.verb:set package 'esp_package_temp' build argument 'cmake_args' from command line to 'None'
[0.759s] Level 5:colcon.colcon_core.verb:set package 'esp_package_temp' build argument 'cmake_target' from command line to 'None'
[0.759s] Level 5:colcon.colcon_core.verb:set package 'esp_package_temp' build argument 'cmake_target_skip_unavailable' from command line to 'False'
[0.759s] Level 5:colcon.colcon_core.verb:set package 'esp_package_temp' build argument 'cmake_clean_cache' from command line to 'False'
[0.759s] Level 5:colcon.colcon_core.verb:set package 'esp_package_temp' build argument 'cmake_clean_first' from command line to 'False'
[0.759s] Level 5:colcon.colcon_core.verb:set package 'esp_package_temp' build argument 'cmake_force_configure' from command line to 'False'
[0.759s] Level 5:colcon.colcon_core.verb:set package 'esp_package_temp' build argument 'ament_cmake_args' from command line to 'None'
[0.759s] Level 5:colcon.colcon_core.verb:set package 'esp_package_temp' build argument 'catkin_cmake_args' from command line to 'None'
[0.759s] Level 5:colcon.colcon_core.verb:set package 'esp_package_temp' build argument 'catkin_skip_building_tests' from command line to 'False'
[0.759s] DEBUG:colcon.colcon_core.verb:Building package 'esp_package_temp' with the following arguments: {'ament_cmake_args': None, 'build_base': '/home/calper/ros2_ws/build/esp_package_temp', 'catkin_cmake_args': None, 'catkin_skip_building_tests': False, 'cmake_args': None, 'cmake_clean_cache': False, 'cmake_clean_first': False, 'cmake_force_configure': False, 'cmake_target': None, 'cmake_target_skip_unavailable': False, 'install_base': '/home/calper/ros2_ws/install/esp_package_temp', 'merge_install': False, 'path': '/home/calper/ros2_ws/src/esp_package_temp', 'symlink_install': False, 'test_result_base': None}
[0.765s] Level 5:colcon.colcon_core.verb:set package 'ros_node_temp' build argument 'cmake_args' from command line to 'None'
[0.765s] Level 5:colcon.colcon_core.verb:set package 'ros_node_temp' build argument 'cmake_target' from command line to 'None'
[0.765s] Level 5:colcon.colcon_core.verb:set package 'ros_node_temp' build argument 'cmake_target_skip_unavailable' from command line to 'False'
[0.765s] Level 5:colcon.colcon_core.verb:set package 'ros_node_temp' build argument 'cmake_clean_cache' from command line to 'False'
[0.765s] Level 5:colcon.colcon_core.verb:set package 'ros_node_temp' build argument 'cmake_clean_first' from command line to 'False'
[0.765s] Level 5:colcon.colcon_core.verb:set package 'ros_node_temp' build argument 'cmake_force_configure' from command line to 'False'
[0.765s] Level 5:colcon.colcon_core.verb:set package 'ros_node_temp' build argument 'ament_cmake_args' from command line to 'None'
[0.765s] Level 5:colcon.colcon_core.verb:set package 'ros_node_temp' build argument 'catkin_cmake_args' from command line to 'None'
[0.765s] Level 5:colcon.colcon_core.verb:set package 'ros_node_temp' build argument 'catkin_skip_building_tests' from command line to 'False'
[0.765s] DEBUG:colcon.colcon_core.verb:Building package 'ros_node_temp' with the following arguments: {'ament_cmake_args': None, 'build_base': '/home/calper/ros2_ws/build/ros_node_temp', 'catkin_cmake_args': None, 'catkin_skip_building_tests': False, 'cmake_args': None, 'cmake_clean_cache': False, 'cmake_clean_first': False, 'cmake_force_configure': False, 'cmake_target': None, 'cmake_target_skip_unavailable': False, 'install_base': '/home/calper/ros2_ws/install/ros_node_temp', 'merge_install': False, 'path': '/home/calper/ros2_ws/src/ros_node_temp', 'symlink_install': False, 'test_result_base': None}
[0.772s] INFO:colcon.colcon_core.executor:Executing jobs using 'parallel' executor
[0.778s] DEBUG:colcon.colcon_parallel_executor.executor.parallel:run_until_complete
[0.779s] INFO:colcon.colcon_ros.task.ament_cmake.build:Building ROS package in '/home/calper/ros2_ws/src/cpp_pubsub' with build type 'ament_cmake'
[0.779s] INFO:colcon.colcon_cmake.task.cmake.build:Building CMake package in '/home/calper/ros2_ws/src/cpp_pubsub'
[0.789s] INFO:colcon.colcon_core.plugin_system:Skipping extension 'colcon_core.shell.bat': Not used on non-Windows systems
[0.790s] INFO:colcon.colcon_core.shell:Skip shell extension 'powershell' for command environment: Not usable outside of PowerShell
[0.790s] DEBUG:colcon.colcon_core.shell:Skip shell extension 'dsv' for command environment
[0.798s] INFO:colcon.colcon_ros.task.ament_cmake.build:Building ROS package in '/home/calper/ros2_ws/src/esp_package_temp' with build type 'ament_cmake'
[0.798s] INFO:colcon.colcon_cmake.task.cmake.build:Building CMake package in '/home/calper/ros2_ws/src/esp_package_temp'
[0.804s] INFO:colcon.colcon_core.shell:Skip shell extension 'powershell' for command environment: Not usable outside of PowerShell
[0.804s] DEBUG:colcon.colcon_core.shell:Skip shell extension 'dsv' for command environment
[0.814s] INFO:colcon.colcon_ros.task.ament_cmake.build:Building ROS package in '/home/calper/ros2_ws/src/ros_node_temp' with build type 'ament_cmake'
[0.814s] INFO:colcon.colcon_cmake.task.cmake.build:Building CMake package in '/home/calper/ros2_ws/src/ros_node_temp'
[0.820s] INFO:colcon.colcon_core.shell:Skip shell extension 'powershell' for command environment: Not usable outside of PowerShell
[0.820s] DEBUG:colcon.colcon_core.shell:Skip shell extension 'dsv' for command environment
[0.832s] DEBUG:colcon.colcon_core.event_handler.log_command:Invoking command in '/home/calper/ros2_ws/build/cpp_pubsub': /usr/bin/cmake --build /home/calper/ros2_ws/build/cpp_pubsub -- -j16 -l16
[0.846s] DEBUG:colcon.colcon_core.event_handler.log_command:Invoking command in '/home/calper/ros2_ws/build/esp_package_temp': /usr/bin/cmake --build /home/calper/ros2_ws/build/esp_package_temp -- -j16 -l16
[0.857s] DEBUG:colcon.colcon_core.event_handler.log_command:Invoking command in '/home/calper/ros2_ws/build/ros_node_temp': /usr/bin/cmake --build /home/calper/ros2_ws/build/ros_node_temp -- -j16 -l16
[0.948s] DEBUG:colcon.colcon_core.event_handler.log_command:Invoked command in '/home/calper/ros2_ws/build/esp_package_temp' returned '0': /usr/bin/cmake --build /home/calper/ros2_ws/build/esp_package_temp -- -j16 -l16
[0.964s] DEBUG:colcon.colcon_core.event_handler.log_command:Invoking command in '/home/calper/ros2_ws/build/esp_package_temp': /usr/bin/cmake --install /home/calper/ros2_ws/build/esp_package_temp
[0.970s] Level 1:colcon.colcon_core.environment:create_environment_scripts_only(esp_package_temp)
[0.971s] DEBUG:colcon.colcon_core.event_handler.log_command:Invoked command in '/home/calper/ros2_ws/build/esp_package_temp' returned '0': /usr/bin/cmake --install /home/calper/ros2_ws/build/esp_package_temp
[0.980s] Level 1:colcon.colcon_core.environment:checking '/home/calper/ros2_ws/install/esp_package_temp' for CMake module files
[0.980s] Level 1:colcon.colcon_core.environment:checking '/home/calper/ros2_ws/install/esp_package_temp' for CMake config files
[0.981s] Level 1:colcon.colcon_core.shell:create_environment_hook('esp_package_temp', 'cmake_prefix_path')
[0.986s] INFO:colcon.colcon_core.shell:Creating environment hook '/home/calper/ros2_ws/install/esp_package_temp/share/esp_package_temp/hook/cmake_prefix_path.ps1'
[0.987s] INFO:colcon.colcon_core.shell:Creating environment descriptor '/home/calper/ros2_ws/install/esp_package_temp/share/esp_package_temp/hook/cmake_prefix_path.dsv'
[0.987s] INFO:colcon.colcon_core.shell:Creating environment hook '/home/calper/ros2_ws/install/esp_package_temp/share/esp_package_temp/hook/cmake_prefix_path.sh'
[0.988s] Level 1:colcon.colcon_core.environment:checking '/home/calper/ros2_ws/install/esp_package_temp/lib'
[0.988s] Level 1:colcon.colcon_core.environment:checking '/home/calper/ros2_ws/install/esp_package_temp/bin'
[0.988s] Level 1:colcon.colcon_core.environment:checking '/home/calper/ros2_ws/install/esp_package_temp/lib/pkgconfig/esp_package_temp.pc'
[0.989s] Level 1:colcon.colcon_core.environment:checking '/home/calper/ros2_ws/install/esp_package_temp/lib/python3.10/site-packages'
[0.989s] Level 1:colcon.colcon_core.environment:checking '/home/calper/ros2_ws/install/esp_package_temp/bin'
[0.995s] INFO:colcon.colcon_core.shell:Creating package script '/home/calper/ros2_ws/install/esp_package_temp/share/esp_package_temp/package.ps1'
[1.002s] INFO:colcon.colcon_core.shell:Creating package descriptor '/home/calper/ros2_ws/install/esp_package_temp/share/esp_package_temp/package.dsv'
[1.002s] INFO:colcon.colcon_core.shell:Creating package script '/home/calper/ros2_ws/install/esp_package_temp/share/esp_package_temp/package.sh'
[1.003s] INFO:colcon.colcon_core.shell:Creating package script '/home/calper/ros2_ws/install/esp_package_temp/share/esp_package_temp/package.bash'
[1.004s] INFO:colcon.colcon_core.shell:Creating package script '/home/calper/ros2_ws/install/esp_package_temp/share/esp_package_temp/package.zsh'
[1.004s] Level 1:colcon.colcon_core.environment:create_file_with_runtime_dependencies(/home/calper/ros2_ws/install/esp_package_temp/share/colcon-core/packages/esp_package_temp)
[1.025s] Level 1:colcon.colcon_core.environment:create_environment_scripts_only(esp_package_temp)
[1.031s] Level 1:colcon.colcon_core.environment:checking '/home/calper/ros2_ws/install/esp_package_temp' for CMake module files
[1.031s] Level 1:colcon.colcon_core.environment:checking '/home/calper/ros2_ws/install/esp_package_temp' for CMake config files
[1.031s] Level 1:colcon.colcon_core.shell:create_environment_hook('esp_package_temp', 'cmake_prefix_path')
[1.037s] INFO:colcon.colcon_core.shell:Creating environment hook '/home/calper/ros2_ws/install/esp_package_temp/share/esp_package_temp/hook/cmake_prefix_path.ps1'
[1.037s] INFO:colcon.colcon_core.shell:Creating environment descriptor '/home/calper/ros2_ws/install/esp_package_temp/share/esp_package_temp/hook/cmake_prefix_path.dsv'
[1.037s] INFO:colcon.colcon_core.shell:Creating environment hook '/home/calper/ros2_ws/install/esp_package_temp/share/esp_package_temp/hook/cmake_prefix_path.sh'
[1.038s] Level 1:colcon.colcon_core.environment:checking '/home/calper/ros2_ws/install/esp_package_temp/lib'
[1.038s] Level 1:colcon.colcon_core.environment:checking '/home/calper/ros2_ws/install/esp_package_temp/bin'
[1.038s] Level 1:colcon.colcon_core.environment:checking '/home/calper/ros2_ws/install/esp_package_temp/lib/pkgconfig/esp_package_temp.pc'
[1.038s] Level 1:colcon.colcon_core.environment:checking '/home/calper/ros2_ws/install/esp_package_temp/lib/python3.10/site-packages'
[1.038s] Level 1:colcon.colcon_core.environment:checking '/home/calper/ros2_ws/install/esp_package_temp/bin'
[1.045s] INFO:colcon.colcon_core.shell:Creating package script '/home/calper/ros2_ws/install/esp_package_temp/share/esp_package_temp/package.ps1'
[1.045s] INFO:colcon.colcon_core.shell:Creating package descriptor '/home/calper/ros2_ws/install/esp_package_temp/share/esp_package_temp/package.dsv'
[1.045s] INFO:colcon.colcon_core.shell:Creating package script '/home/calper/ros2_ws/install/esp_package_temp/share/esp_package_temp/package.sh'
[1.045s] INFO:colcon.colcon_core.shell:Creating package script '/home/calper/ros2_ws/install/esp_package_temp/share/esp_package_temp/package.bash'
[1.046s] INFO:colcon.colcon_core.shell:Creating package script '/home/calper/ros2_ws/install/esp_package_temp/share/esp_package_temp/package.zsh'
[1.046s] Level 1:colcon.colcon_core.environment:create_file_with_runtime_dependencies(/home/calper/ros2_ws/install/esp_package_temp/share/colcon-core/packages/esp_package_temp)
[1.047s] DEBUG:colcon.colcon_core.event_handler.log_command:Invoked command in '/home/calper/ros2_ws/build/cpp_pubsub' returned '0': /usr/bin/cmake --build /home/calper/ros2_ws/build/cpp_pubsub -- -j16 -l16
[1.048s] DEBUG:colcon.colcon_core.event_handler.log_command:Invoked command in '/home/calper/ros2_ws/build/ros_node_temp' returned '0': /usr/bin/cmake --build /home/calper/ros2_ws/build/ros_node_temp -- -j16 -l16
[1.061s] DEBUG:colcon.colcon_core.event_handler.log_command:Invoking command in '/home/calper/ros2_ws/build/ros_node_temp': /usr/bin/cmake --install /home/calper/ros2_ws/build/ros_node_temp
[1.062s] DEBUG:colcon.colcon_core.event_handler.log_command:Invoking command in '/home/calper/ros2_ws/build/cpp_pubsub': /usr/bin/cmake --install /home/calper/ros2_ws/build/cpp_pubsub
[1.070s] Level 1:colcon.colcon_core.environment:create_environment_scripts_only(ros_node_temp)
[1.072s] DEBUG:colcon.colcon_core.event_handler.log_command:Invoked command in '/home/calper/ros2_ws/build/ros_node_temp' returned '0': /usr/bin/cmake --install /home/calper/ros2_ws/build/ros_node_temp
[1.077s] Level 1:colcon.colcon_core.environment:checking '/home/calper/ros2_ws/install/ros_node_temp' for CMake module files
[1.077s] Level 1:colcon.colcon_core.environment:checking '/home/calper/ros2_ws/install/ros_node_temp' for CMake config files
[1.077s] Level 1:colcon.colcon_core.shell:create_environment_hook('ros_node_temp', 'cmake_prefix_path')
[1.083s] INFO:colcon.colcon_core.shell:Creating environment hook '/home/calper/ros2_ws/install/ros_node_temp/share/ros_node_temp/hook/cmake_prefix_path.ps1'
[1.084s] INFO:colcon.colcon_core.shell:Creating environment descriptor '/home/calper/ros2_ws/install/ros_node_temp/share/ros_node_temp/hook/cmake_prefix_path.dsv'
[1.084s] INFO:colcon.colcon_core.shell:Creating environment hook '/home/calper/ros2_ws/install/ros_node_temp/share/ros_node_temp/hook/cmake_prefix_path.sh'
[1.084s] Level 1:colcon.colcon_core.environment:checking '/home/calper/ros2_ws/install/ros_node_temp/lib'
[1.084s] Level 1:colcon.colcon_core.environment:checking '/home/calper/ros2_ws/install/ros_node_temp/bin'
[1.084s] Level 1:colcon.colcon_core.environment:checking '/home/calper/ros2_ws/install/ros_node_temp/lib/pkgconfig/ros_node_temp.pc'
[1.084s] Level 1:colcon.colcon_core.environment:checking '/home/calper/ros2_ws/install/ros_node_temp/lib/python3.10/site-packages'
[1.084s] Level 1:colcon.colcon_core.environment:checking '/home/calper/ros2_ws/install/ros_node_temp/bin'
[1.090s] INFO:colcon.colcon_core.shell:Creating package script '/home/calper/ros2_ws/install/ros_node_temp/share/ros_node_temp/package.ps1'
[1.091s] INFO:colcon.colcon_core.shell:Creating package descriptor '/home/calper/ros2_ws/install/ros_node_temp/share/ros_node_temp/package.dsv'
[1.091s] INFO:colcon.colcon_core.shell:Creating package script '/home/calper/ros2_ws/install/ros_node_temp/share/ros_node_temp/package.sh'
[1.091s] INFO:colcon.colcon_core.shell:Creating package script '/home/calper/ros2_ws/install/ros_node_temp/share/ros_node_temp/package.bash'
[1.091s] INFO:colcon.colcon_core.shell:Creating package script '/home/calper/ros2_ws/install/ros_node_temp/share/ros_node_temp/package.zsh'
[1.091s] Level 1:colcon.colcon_core.environment:create_file_with_runtime_dependencies(/home/calper/ros2_ws/install/ros_node_temp/share/colcon-core/packages/ros_node_temp)
[1.092s] Level 1:colcon.colcon_core.environment:create_environment_scripts_only(cpp_pubsub)
[1.093s] DEBUG:colcon.colcon_core.event_handler.log_command:Invoked command in '/home/calper/ros2_ws/build/cpp_pubsub' returned '0': /usr/bin/cmake --install /home/calper/ros2_ws/build/cpp_pubsub
[1.099s] Level 1:colcon.colcon_core.environment:checking '/home/calper/ros2_ws/install/cpp_pubsub' for CMake module files
[1.100s] Level 1:colcon.colcon_core.environment:checking '/home/calper/ros2_ws/install/cpp_pubsub' for CMake config files
[1.100s] Level 1:colcon.colcon_core.shell:create_environment_hook('cpp_pubsub', 'cmake_prefix_path')
[1.107s] INFO:colcon.colcon_core.shell:Creating environment hook '/home/calper/ros2_ws/install/cpp_pubsub/share/cpp_pubsub/hook/cmake_prefix_path.ps1'
[1.107s] INFO:colcon.colcon_core.shell:Creating environment descriptor '/home/calper/ros2_ws/install/cpp_pubsub/share/cpp_pubsub/hook/cmake_prefix_path.dsv'
[1.107s] INFO:colcon.colcon_core.shell:Creating environment hook '/home/calper/ros2_ws/install/cpp_pubsub/share/cpp_pubsub/hook/cmake_prefix_path.sh'
[1.107s] Level 1:colcon.colcon_core.environment:checking '/home/calper/ros2_ws/install/cpp_pubsub/lib'
[1.107s] Level 1:colcon.colcon_core.environment:checking '/home/calper/ros2_ws/install/cpp_pubsub/bin'
[1.107s] Level 1:colcon.colcon_core.environment:checking '/home/calper/ros2_ws/install/cpp_pubsub/lib/pkgconfig/cpp_pubsub.pc'
[1.108s] Level 1:colcon.colcon_core.environment:checking '/home/calper/ros2_ws/install/cpp_pubsub/lib/python3.10/site-packages'
[1.108s] Level 1:colcon.colcon_core.environment:checking '/home/calper/ros2_ws/install/cpp_pubsub/bin'
[1.115s] INFO:colcon.colcon_core.shell:Creating package script '/home/calper/ros2_ws/install/cpp_pubsub/share/cpp_pubsub/package.ps1'
[1.115s] INFO:colcon.colcon_core.shell:Creating package descriptor '/home/calper/ros2_ws/install/cpp_pubsub/share/cpp_pubsub/package.dsv'
[1.115s] INFO:colcon.colcon_core.shell:Creating package script '/home/calper/ros2_ws/install/cpp_pubsub/share/cpp_pubsub/package.sh'
[1.115s] INFO:colcon.colcon_core.shell:Creating package script '/home/calper/ros2_ws/install/cpp_pubsub/share/cpp_pubsub/package.bash'
[1.116s] INFO:colcon.colcon_core.shell:Creating package script '/home/calper/ros2_ws/install/cpp_pubsub/share/cpp_pubsub/package.zsh'
[1.116s] Level 1:colcon.colcon_core.environment:create_file_with_runtime_dependencies(/home/calper/ros2_ws/install/cpp_pubsub/share/colcon-core/packages/cpp_pubsub)
[1.124s] Level 1:colcon.colcon_core.environment:create_environment_scripts_only(ros_node_temp)
[1.130s] Level 1:colcon.colcon_core.environment:checking '/home/calper/ros2_ws/install/ros_node_temp' for CMake module files
[1.131s] Level 1:colcon.colcon_core.environment:checking '/home/calper/ros2_ws/install/ros_node_temp' for CMake config files
[1.131s] Level 1:colcon.colcon_core.shell:create_environment_hook('ros_node_temp', 'cmake_prefix_path')
[1.137s] INFO:colcon.colcon_core.shell:Creating environment hook '/home/calper/ros2_ws/install/ros_node_temp/share/ros_node_temp/hook/cmake_prefix_path.ps1'
[1.138s] INFO:colcon.colcon_core.shell:Creating environment descriptor '/home/calper/ros2_ws/install/ros_node_temp/share/ros_node_temp/hook/cmake_prefix_path.dsv'
[1.138s] INFO:colcon.colcon_core.shell:Creating environment hook '/home/calper/ros2_ws/install/ros_node_temp/share/ros_node_temp/hook/cmake_prefix_path.sh'
[1.138s] Level 1:colcon.colcon_core.environment:checking '/home/calper/ros2_ws/install/ros_node_temp/lib'
[1.138s] Level 1:colcon.colcon_core.environment:checking '/home/calper/ros2_ws/install/ros_node_temp/bin'
[1.138s] Level 1:colcon.colcon_core.environment:checking '/home/calper/ros2_ws/install/ros_node_temp/lib/pkgconfig/ros_node_temp.pc'
[1.138s] Level 1:colcon.colcon_core.environment:checking '/home/calper/ros2_ws/install/ros_node_temp/lib/python3.10/site-packages'
[1.138s] Level 1:colcon.colcon_core.environment:checking '/home/calper/ros2_ws/install/ros_node_temp/bin'
[1.145s] INFO:colcon.colcon_core.shell:Creating package script '/home/calper/ros2_ws/install/ros_node_temp/share/ros_node_temp/package.ps1'
[1.145s] INFO:colcon.colcon_core.shell:Creating package descriptor '/home/calper/ros2_ws/install/ros_node_temp/share/ros_node_temp/package.dsv'
[1.146s] INFO:colcon.colcon_core.shell:Creating package script '/home/calper/ros2_ws/install/ros_node_temp/share/ros_node_temp/package.sh'
[1.146s] INFO:colcon.colcon_core.shell:Creating package script '/home/calper/ros2_ws/install/ros_node_temp/share/ros_node_temp/package.bash'
[1.146s] INFO:colcon.colcon_core.shell:Creating package script '/home/calper/ros2_ws/install/ros_node_temp/share/ros_node_temp/package.zsh'
[1.146s] Level 1:colcon.colcon_core.environment:create_file_with_runtime_dependencies(/home/calper/ros2_ws/install/ros_node_temp/share/colcon-core/packages/ros_node_temp)
[1.153s] Level 1:colcon.colcon_core.environment:create_environment_scripts_only(cpp_pubsub)
[1.160s] Level 1:colcon.colcon_core.environment:checking '/home/calper/ros2_ws/install/cpp_pubsub' for CMake module files
[1.160s] Level 1:colcon.colcon_core.environment:checking '/home/calper/ros2_ws/install/cpp_pubsub' for CMake config files
[1.160s] Level 1:colcon.colcon_core.shell:create_environment_hook('cpp_pubsub', 'cmake_prefix_path')
[1.167s] INFO:colcon.colcon_core.shell:Creating environment hook '/home/calper/ros2_ws/install/cpp_pubsub/share/cpp_pubsub/hook/cmake_prefix_path.ps1'
[1.167s] INFO:colcon.colcon_core.shell:Creating environment descriptor '/home/calper/ros2_ws/install/cpp_pubsub/share/cpp_pubsub/hook/cmake_prefix_path.dsv'
[1.167s] INFO:colcon.colcon_core.shell:Creating environment hook '/home/calper/ros2_ws/install/cpp_pubsub/share/cpp_pubsub/hook/cmake_prefix_path.sh'
[1.167s] Level 1:colcon.colcon_core.environment:checking '/home/calper/ros2_ws/install/cpp_pubsub/lib'
[1.167s] Level 1:colcon.colcon_core.environment:checking '/home/calper/ros2_ws/install/cpp_pubsub/bin'
[1.167s] Level 1:colcon.colcon_core.environment:checking '/home/calper/ros2_ws/install/cpp_pubsub/lib/pkgconfig/cpp_pubsub.pc'
[1.168s] Level 1:colcon.colcon_core.environment:checking '/home/calper/ros2_ws/install/cpp_pubsub/lib/python3.10/site-packages'
[1.168s] Level 1:colcon.colcon_core.environment:checking '/home/calper/ros2_ws/install/cpp_pubsub/bin'
[1.174s] INFO:colcon.colcon_core.shell:Creating package script '/home/calper/ros2_ws/install/cpp_pubsub/share/cpp_pubsub/package.ps1'
[1.174s] INFO:colcon.colcon_core.shell:Creating package descriptor '/home/calper/ros2_ws/install/cpp_pubsub/share/cpp_pubsub/package.dsv'
[1.175s] INFO:colcon.colcon_core.shell:Creating package script '/home/calper/ros2_ws/install/cpp_pubsub/share/cpp_pubsub/package.sh'
[1.175s] INFO:colcon.colcon_core.shell:Creating package script '/home/calper/ros2_ws/install/cpp_pubsub/share/cpp_pubsub/package.bash'
[1.175s] INFO:colcon.colcon_core.shell:Creating package script '/home/calper/ros2_ws/install/cpp_pubsub/share/cpp_pubsub/package.zsh'
[1.175s] Level 1:colcon.colcon_core.environment:create_file_with_runtime_dependencies(/home/calper/ros2_ws/install/cpp_pubsub/share/colcon-core/packages/cpp_pubsub)
[1.176s] DEBUG:colcon.colcon_parallel_executor.executor.parallel:closing loop
[1.176s] DEBUG:colcon.colcon_parallel_executor.executor.parallel:loop closed
[1.176s] DEBUG:colcon.colcon_parallel_executor.executor.parallel:run_until_complete finished with '0'
[1.176s] DEBUG:colcon.colcon_core.event_reactor:joining thread
[1.186s] INFO:colcon.colcon_core.plugin_system:Skipping extension 'colcon_notification.desktop_notification.notify_send': Could not find 'notify-send'
[1.186s] INFO:colcon.colcon_core.plugin_system:Skipping extension 'colcon_notification.desktop_notification.terminal_notifier': Not used on non-Darwin systems
[1.186s] INFO:colcon.colcon_core.plugin_system:Skipping extension 'colcon_notification.desktop_notification.win32': Not used on non-Windows systems
[1.186s] INFO:colcon.colcon_notification.desktop_notification:Sending desktop notification using 'notify2'
[1.197s] DEBUG:colcon.colcon_core.event_reactor:joined thread
[1.205s] INFO:colcon.colcon_core.shell:Creating prefix script '/home/calper/ros2_ws/install/local_setup.ps1'
[1.206s] INFO:colcon.colcon_core.shell:Creating prefix util module '/home/calper/ros2_ws/install/_local_setup_util_ps1.py'
[1.207s] INFO:colcon.colcon_core.shell:Creating prefix chain script '/home/calper/ros2_ws/install/setup.ps1'
[1.213s] INFO:colcon.colcon_core.shell:Creating prefix script '/home/calper/ros2_ws/install/local_setup.sh'
[1.214s] INFO:colcon.colcon_core.shell:Creating prefix util module '/home/calper/ros2_ws/install/_local_setup_util_sh.py'
[1.214s] INFO:colcon.colcon_core.shell:Creating prefix chain script '/home/calper/ros2_ws/install/setup.sh'
[1.220s] INFO:colcon.colcon_core.shell:Creating prefix script '/home/calper/ros2_ws/install/local_setup.bash'
[1.221s] INFO:colcon.colcon_core.shell:Creating prefix chain script '/home/calper/ros2_ws/install/setup.bash'
[1.227s] INFO:colcon.colcon_core.shell:Creating prefix script '/home/calper/ros2_ws/install/local_setup.zsh'
[1.228s] INFO:colcon.colcon_core.shell:Creating prefix chain script '/home/calper/ros2_ws/install/setup.zsh'
