[0.658s] DEBUG:colcon:Command line arguments: ['/usr/bin/colcon', 'build']
[0.658s] DEBUG:colcon:Parsed command line arguments: Namespace(log_base=None, log_level=None, verb_name='build', build_base='build', install_base='install', merge_install=False, symlink_install=False, test_result_base=None, continue_on_error=False, executor='parallel', parallel_workers=16, event_handlers=None, ignore_user_meta=False, metas=['./colcon.meta'], base_paths=['.'], packages_ignore=None, packages_ignore_regex=None, paths=None, packages_up_to=None, packages_up_to_regex=None, packages_above=None, packages_above_and_dependencies=None, packages_above_depth=None, packages_select_by_dep=None, packages_skip_by_dep=None, packages_skip_up_to=None, packages_select_build_failed=False, packages_skip_build_finished=False, packages_select_test_failures=False, packages_skip_test_passed=False, packages_select=None, packages_skip=None, packages_select_regex=None, packages_skip_regex=None, packages_start=None, packages_end=None, allow_overriding=[], cmake_args=None, cmake_target=None, cmake_target_skip_unavailable=False, cmake_clean_cache=False, cmake_clean_first=False, cmake_force_configure=False, ament_cmake_args=None, catkin_cmake_args=None, catkin_skip_building_tests=False, verb_parser=<colcon_defaults.argument_parser.defaults.DefaultArgumentsDecorator object at 0x7872e471d270>, verb_extension=<colcon_core.verb.build.BuildVerb object at 0x7872e4bdb9a0>, main=<bound method BuildVerb.main of <colcon_core.verb.build.BuildVerb object at 0x7872e4bdb9a0>>)
[0.697s] Level 1:colcon.colcon_core.package_discovery:discover_packages(colcon_meta) check parameters
[0.697s] Level 1:colcon.colcon_core.package_discovery:discover_packages(recursive) check parameters
[0.697s] Level 1:colcon.colcon_core.package_discovery:discover_packages(ignore) check parameters
[0.697s] Level 1:colcon.colcon_core.package_discovery:discover_packages(path) check parameters
[0.697s] Level 1:colcon.colcon_core.package_discovery:discover_packages(colcon_meta) discover
[0.697s] Level 1:colcon.colcon_core.package_discovery:discover_packages(recursive) discover
[0.697s] INFO:colcon.colcon_core.package_discovery:Crawling recursively for packages in '/home/calper/ros2_ws'
[0.697s] Level 1:colcon.colcon_core.package_identification:_identify(.) by extensions ['ignore', 'ignore_ament_install']
[0.697s] Level 1:colcon.colcon_core.package_identification:_identify(.) by extension 'ignore'
[0.697s] Level 1:colcon.colcon_core.package_identification:_identify(.) by extension 'ignore_ament_install'
[0.697s] Level 1:colcon.colcon_core.package_identification:_identify(.) by extensions ['colcon_pkg']
[0.697s] Level 1:colcon.colcon_core.package_identification:_identify(.) by extension 'colcon_pkg'
[0.697s] Level 1:colcon.colcon_core.package_identification:_identify(.) by extensions ['colcon_meta']
[0.697s] Level 1:colcon.colcon_core.package_identification:_identify(.) by extension 'colcon_meta'
[0.697s] Level 1:colcon.colcon_core.package_identification:_identify(.) by extensions ['ros']
[0.697s] Level 1:colcon.colcon_core.package_identification:_identify(.) by extension 'ros'
[0.707s] Level 1:colcon.colcon_core.package_identification:_identify(.) by extensions ['cmake', 'python']
[0.707s] Level 1:colcon.colcon_core.package_identification:_identify(.) by extension 'cmake'
[0.707s] Level 1:colcon.colcon_core.package_identification:_identify(.) by extension 'python'
[0.707s] Level 1:colcon.colcon_core.package_identification:_identify(.) by extensions ['python_setup_py']
[0.707s] Level 1:colcon.colcon_core.package_identification:_identify(.) by extension 'python_setup_py'
[0.708s] Level 1:colcon.colcon_core.package_identification:_identify(build) by extensions ['ignore', 'ignore_ament_install']
[0.708s] Level 1:colcon.colcon_core.package_identification:_identify(build) by extension 'ignore'
[0.708s] Level 1:colcon.colcon_core.package_identification:_identify(build) ignored
[0.708s] Level 1:colcon.colcon_core.package_identification:_identify(install) by extensions ['ignore', 'ignore_ament_install']
[0.708s] Level 1:colcon.colcon_core.package_identification:_identify(install) by extension 'ignore'
[0.708s] Level 1:colcon.colcon_core.package_identification:_identify(install) ignored
[0.708s] Level 1:colcon.colcon_core.package_identification:_identify(log) by extensions ['ignore', 'ignore_ament_install']
[0.708s] Level 1:colcon.colcon_core.package_identification:_identify(log) by extension 'ignore'
[0.708s] Level 1:colcon.colcon_core.package_identification:_identify(log) ignored
[0.708s] Level 1:colcon.colcon_core.package_identification:_identify(src) by extensions ['ignore', 'ignore_ament_install']
[0.708s] Level 1:colcon.colcon_core.package_identification:_identify(src) by extension 'ignore'
[0.708s] Level 1:colcon.colcon_core.package_identification:_identify(src) by extension 'ignore_ament_install'
[0.708s] Level 1:colcon.colcon_core.package_identification:_identify(src) by extensions ['colcon_pkg']
[0.708s] Level 1:colcon.colcon_core.package_identification:_identify(src) by extension 'colcon_pkg'
[0.708s] Level 1:colcon.colcon_core.package_identification:_identify(src) by extensions ['colcon_meta']
[0.708s] Level 1:colcon.colcon_core.package_identification:_identify(src) by extension 'colcon_meta'
[0.708s] Level 1:colcon.colcon_core.package_identification:_identify(src) by extensions ['ros']
[0.708s] Level 1:colcon.colcon_core.package_identification:_identify(src) by extension 'ros'
[0.708s] Level 1:colcon.colcon_core.package_identification:_identify(src) by extensions ['cmake', 'python']
[0.708s] Level 1:colcon.colcon_core.package_identification:_identify(src) by extension 'cmake'
[0.708s] Level 1:colcon.colcon_core.package_identification:_identify(src) by extension 'python'
[0.708s] Level 1:colcon.colcon_core.package_identification:_identify(src) by extensions ['python_setup_py']
[0.708s] Level 1:colcon.colcon_core.package_identification:_identify(src) by extension 'python_setup_py'
[0.708s] Level 1:colcon.colcon_core.package_identification:_identify(src/build) by extensions ['ignore', 'ignore_ament_install']
[0.709s] Level 1:colcon.colcon_core.package_identification:_identify(src/build) by extension 'ignore'
[0.709s] Level 1:colcon.colcon_core.package_identification:_identify(src/build) ignored
[0.709s] Level 1:colcon.colcon_core.package_identification:_identify(src/cpp_pubsub) by extensions ['ignore', 'ignore_ament_install']
[0.709s] Level 1:colcon.colcon_core.package_identification:_identify(src/cpp_pubsub) by extension 'ignore'
[0.709s] Level 1:colcon.colcon_core.package_identification:_identify(src/cpp_pubsub) by extension 'ignore_ament_install'
[0.709s] Level 1:colcon.colcon_core.package_identification:_identify(src/cpp_pubsub) by extensions ['colcon_pkg']
[0.709s] Level 1:colcon.colcon_core.package_identification:_identify(src/cpp_pubsub) by extension 'colcon_pkg'
[0.709s] Level 1:colcon.colcon_core.package_identification:_identify(src/cpp_pubsub) by extensions ['colcon_meta']
[0.709s] Level 1:colcon.colcon_core.package_identification:_identify(src/cpp_pubsub) by extension 'colcon_meta'
[0.709s] Level 1:colcon.colcon_core.package_identification:_identify(src/cpp_pubsub) by extensions ['ros']
[0.709s] Level 1:colcon.colcon_core.package_identification:_identify(src/cpp_pubsub) by extension 'ros'
[0.710s] DEBUG:colcon.colcon_core.package_identification:Package 'src/cpp_pubsub' with type 'ros.ament_cmake' and name 'cpp_pubsub'
[0.711s] Level 1:colcon.colcon_core.package_identification:_identify(src/esp_package_temp) by extensions ['ignore', 'ignore_ament_install']
[0.711s] Level 1:colcon.colcon_core.package_identification:_identify(src/esp_package_temp) by extension 'ignore'
[0.711s] Level 1:colcon.colcon_core.package_identification:_identify(src/esp_package_temp) by extension 'ignore_ament_install'
[0.711s] Level 1:colcon.colcon_core.package_identification:_identify(src/esp_package_temp) by extensions ['colcon_pkg']
[0.711s] Level 1:colcon.colcon_core.package_identification:_identify(src/esp_package_temp) by extension 'colcon_pkg'
[0.711s] Level 1:colcon.colcon_core.package_identification:_identify(src/esp_package_temp) by extensions ['colcon_meta']
[0.711s] Level 1:colcon.colcon_core.package_identification:_identify(src/esp_package_temp) by extension 'colcon_meta'
[0.711s] Level 1:colcon.colcon_core.package_identification:_identify(src/esp_package_temp) by extensions ['ros']
[0.711s] Level 1:colcon.colcon_core.package_identification:_identify(src/esp_package_temp) by extension 'ros'
[0.711s] DEBUG:colcon.colcon_core.package_identification:Package 'src/esp_package_temp' with type 'ros.ament_cmake' and name 'esp_package_temp'
[0.711s] Level 1:colcon.colcon_core.package_identification:_identify(src/install) by extensions ['ignore', 'ignore_ament_install']
[0.711s] Level 1:colcon.colcon_core.package_identification:_identify(src/install) by extension 'ignore'
[0.711s] Level 1:colcon.colcon_core.package_identification:_identify(src/install) ignored
[0.711s] Level 1:colcon.colcon_core.package_identification:_identify(src/log) by extensions ['ignore', 'ignore_ament_install']
[0.712s] Level 1:colcon.colcon_core.package_identification:_identify(src/log) by extension 'ignore'
[0.712s] Level 1:colcon.colcon_core.package_identification:_identify(src/log) ignored
[0.712s] Level 1:colcon.colcon_core.package_identification:_identify(src/ros_node_temp) by extensions ['ignore', 'ignore_ament_install']
[0.712s] Level 1:colcon.colcon_core.package_identification:_identify(src/ros_node_temp) by extension 'ignore'
[0.712s] Level 1:colcon.colcon_core.package_identification:_identify(src/ros_node_temp) by extension 'ignore_ament_install'
[0.712s] Level 1:colcon.colcon_core.package_identification:_identify(src/ros_node_temp) by extensions ['colcon_pkg']
[0.712s] Level 1:colcon.colcon_core.package_identification:_identify(src/ros_node_temp) by extension 'colcon_pkg'
[0.712s] Level 1:colcon.colcon_core.package_identification:_identify(src/ros_node_temp) by extensions ['colcon_meta']
[0.712s] Level 1:colcon.colcon_core.package_identification:_identify(src/ros_node_temp) by extension 'colcon_meta'
[0.712s] Level 1:colcon.colcon_core.package_identification:_identify(src/ros_node_temp) by extensions ['ros']
[0.712s] Level 1:colcon.colcon_core.package_identification:_identify(src/ros_node_temp) by extension 'ros'
[0.712s] DEBUG:colcon.colcon_core.package_identification:Package 'src/ros_node_temp' with type 'ros.ament_cmake' and name 'ros_node_temp'
[0.712s] Level 1:colcon.colcon_core.package_discovery:discover_packages(recursive) using defaults
[0.712s] Level 1:colcon.colcon_core.package_discovery:discover_packages(ignore) discover
[0.712s] Level 1:colcon.colcon_core.package_discovery:discover_packages(ignore) using defaults
[0.712s] Level 1:colcon.colcon_core.package_discovery:discover_packages(path) discover
[0.712s] Level 1:colcon.colcon_core.package_discovery:discover_packages(path) using defaults
[0.777s] Level 1:colcon.colcon_core.package_discovery:discover_packages(prefix_path) check parameters
[0.777s] Level 1:colcon.colcon_core.package_discovery:discover_packages(prefix_path) discover
[0.798s] DEBUG:colcon.colcon_installed_package_information.package_discovery:Found 4 installed packages in /home/calper/ros2_ws/install
[0.809s] DEBUG:colcon.colcon_installed_package_information.package_discovery:Found 281 installed packages in /opt/ros/iron
[0.810s] Level 1:colcon.colcon_core.package_discovery:discover_packages(prefix_path) using defaults
[0.858s] Level 5:colcon.colcon_core.verb:set package 'cpp_pubsub' build argument 'cmake_args' from command line to 'None'
[0.858s] Level 5:colcon.colcon_core.verb:set package 'cpp_pubsub' build argument 'cmake_target' from command line to 'None'
[0.858s] Level 5:colcon.colcon_core.verb:set package 'cpp_pubsub' build argument 'cmake_target_skip_unavailable' from command line to 'False'
[0.858s] Level 5:colcon.colcon_core.verb:set package 'cpp_pubsub' build argument 'cmake_clean_cache' from command line to 'False'
[0.858s] Level 5:colcon.colcon_core.verb:set package 'cpp_pubsub' build argument 'cmake_clean_first' from command line to 'False'
[0.858s] Level 5:colcon.colcon_core.verb:set package 'cpp_pubsub' build argument 'cmake_force_configure' from command line to 'False'
[0.858s] Level 5:colcon.colcon_core.verb:set package 'cpp_pubsub' build argument 'ament_cmake_args' from command line to 'None'
[0.858s] Level 5:colcon.colcon_core.verb:set package 'cpp_pubsub' build argument 'catkin_cmake_args' from command line to 'None'
[0.858s] Level 5:colcon.colcon_core.verb:set package 'cpp_pubsub' build argument 'catkin_skip_building_tests' from command line to 'False'
[0.858s] DEBUG:colcon.colcon_core.verb:Building package 'cpp_pubsub' with the following arguments: {'ament_cmake_args': None, 'build_base': '/home/calper/ros2_ws/build/cpp_pubsub', 'catkin_cmake_args': None, 'catkin_skip_building_tests': False, 'cmake_args': None, 'cmake_clean_cache': False, 'cmake_clean_first': False, 'cmake_force_configure': False, 'cmake_target': None, 'cmake_target_skip_unavailable': False, 'install_base': '/home/calper/ros2_ws/install/cpp_pubsub', 'merge_install': False, 'path': '/home/calper/ros2_ws/src/cpp_pubsub', 'symlink_install': False, 'test_result_base': None}
[0.869s] Level 5:colcon.colcon_core.verb:set package 'esp_package_temp' build argument 'cmake_args' from command line to 'None'
[0.869s] Level 5:colcon.colcon_core.verb:set package 'esp_package_temp' build argument 'cmake_target' from command line to 'None'
[0.869s] Level 5:colcon.colcon_core.verb:set package 'esp_package_temp' build argument 'cmake_target_skip_unavailable' from command line to 'False'
[0.869s] Level 5:colcon.colcon_core.verb:set package 'esp_package_temp' build argument 'cmake_clean_cache' from command line to 'False'
[0.869s] Level 5:colcon.colcon_core.verb:set package 'esp_package_temp' build argument 'cmake_clean_first' from command line to 'False'
[0.869s] Level 5:colcon.colcon_core.verb:set package 'esp_package_temp' build argument 'cmake_force_configure' from command line to 'False'
[0.869s] Level 5:colcon.colcon_core.verb:set package 'esp_package_temp' build argument 'ament_cmake_args' from command line to 'None'
[0.869s] Level 5:colcon.colcon_core.verb:set package 'esp_package_temp' build argument 'catkin_cmake_args' from command line to 'None'
[0.869s] Level 5:colcon.colcon_core.verb:set package 'esp_package_temp' build argument 'catkin_skip_building_tests' from command line to 'False'
[0.869s] DEBUG:colcon.colcon_core.verb:Building package 'esp_package_temp' with the following arguments: {'ament_cmake_args': None, 'build_base': '/home/calper/ros2_ws/build/esp_package_temp', 'catkin_cmake_args': None, 'catkin_skip_building_tests': False, 'cmake_args': None, 'cmake_clean_cache': False, 'cmake_clean_first': False, 'cmake_force_configure': False, 'cmake_target': None, 'cmake_target_skip_unavailable': False, 'install_base': '/home/calper/ros2_ws/install/esp_package_temp', 'merge_install': False, 'path': '/home/calper/ros2_ws/src/esp_package_temp', 'symlink_install': False, 'test_result_base': None}
[0.881s] Level 5:colcon.colcon_core.verb:set package 'ros_node_temp' build argument 'cmake_args' from command line to 'None'
[0.881s] Level 5:colcon.colcon_core.verb:set package 'ros_node_temp' build argument 'cmake_target' from command line to 'None'
[0.881s] Level 5:colcon.colcon_core.verb:set package 'ros_node_temp' build argument 'cmake_target_skip_unavailable' from command line to 'False'
[0.881s] Level 5:colcon.colcon_core.verb:set package 'ros_node_temp' build argument 'cmake_clean_cache' from command line to 'False'
[0.881s] Level 5:colcon.colcon_core.verb:set package 'ros_node_temp' build argument 'cmake_clean_first' from command line to 'False'
[0.881s] Level 5:colcon.colcon_core.verb:set package 'ros_node_temp' build argument 'cmake_force_configure' from command line to 'False'
[0.881s] Level 5:colcon.colcon_core.verb:set package 'ros_node_temp' build argument 'ament_cmake_args' from command line to 'None'
[0.881s] Level 5:colcon.colcon_core.verb:set package 'ros_node_temp' build argument 'catkin_cmake_args' from command line to 'None'
[0.881s] Level 5:colcon.colcon_core.verb:set package 'ros_node_temp' build argument 'catkin_skip_building_tests' from command line to 'False'
[0.881s] DEBUG:colcon.colcon_core.verb:Building package 'ros_node_temp' with the following arguments: {'ament_cmake_args': None, 'build_base': '/home/calper/ros2_ws/build/ros_node_temp', 'catkin_cmake_args': None, 'catkin_skip_building_tests': False, 'cmake_args': None, 'cmake_clean_cache': False, 'cmake_clean_first': False, 'cmake_force_configure': False, 'cmake_target': None, 'cmake_target_skip_unavailable': False, 'install_base': '/home/calper/ros2_ws/install/ros_node_temp', 'merge_install': False, 'path': '/home/calper/ros2_ws/src/ros_node_temp', 'symlink_install': False, 'test_result_base': None}
[0.899s] INFO:colcon.colcon_core.executor:Executing jobs using 'parallel' executor
[0.910s] DEBUG:colcon.colcon_parallel_executor.executor.parallel:run_until_complete
[0.911s] INFO:colcon.colcon_ros.task.ament_cmake.build:Building ROS package in '/home/calper/ros2_ws/src/cpp_pubsub' with build type 'ament_cmake'
[0.911s] INFO:colcon.colcon_cmake.task.cmake.build:Building CMake package in '/home/calper/ros2_ws/src/cpp_pubsub'
[0.922s] INFO:colcon.colcon_core.plugin_system:Skipping extension 'colcon_core.shell.bat': Not used on non-Windows systems
[0.922s] INFO:colcon.colcon_core.shell:Skip shell extension 'powershell' for command environment: Not usable outside of PowerShell
[0.922s] DEBUG:colcon.colcon_core.shell:Skip shell extension 'dsv' for command environment
[0.956s] INFO:colcon.colcon_ros.task.ament_cmake.build:Building ROS package in '/home/calper/ros2_ws/src/esp_package_temp' with build type 'ament_cmake'
[0.956s] INFO:colcon.colcon_cmake.task.cmake.build:Building CMake package in '/home/calper/ros2_ws/src/esp_package_temp'
[0.967s] INFO:colcon.colcon_core.shell:Skip shell extension 'powershell' for command environment: Not usable outside of PowerShell
[0.967s] DEBUG:colcon.colcon_core.shell:Skip shell extension 'dsv' for command environment
[1.001s] INFO:colcon.colcon_ros.task.ament_cmake.build:Building ROS package in '/home/calper/ros2_ws/src/ros_node_temp' with build type 'ament_cmake'
[1.001s] INFO:colcon.colcon_cmake.task.cmake.build:Building CMake package in '/home/calper/ros2_ws/src/ros_node_temp'
[1.012s] INFO:colcon.colcon_core.shell:Skip shell extension 'powershell' for command environment: Not usable outside of PowerShell
[1.012s] DEBUG:colcon.colcon_core.shell:Skip shell extension 'dsv' for command environment
[1.050s] DEBUG:colcon.colcon_core.event_handler.log_command:Invoking command in '/home/calper/ros2_ws/build/cpp_pubsub': CMAKE_PREFIX_PATH=${CMAKE_PREFIX_PATH}:/opt/ros/iron /usr/bin/cmake --build /home/calper/ros2_ws/build/cpp_pubsub -- -j16 -l16
[1.052s] DEBUG:colcon.colcon_core.event_handler.log_command:Invoking command in '/home/calper/ros2_ws/build/esp_package_temp': CMAKE_PREFIX_PATH=${CMAKE_PREFIX_PATH}:/opt/ros/iron /usr/bin/cmake --build /home/calper/ros2_ws/build/esp_package_temp -- -j16 -l16
[1.055s] DEBUG:colcon.colcon_core.event_handler.log_command:Invoking command in '/home/calper/ros2_ws/build/ros_node_temp': CMAKE_PREFIX_PATH=${CMAKE_PREFIX_PATH}:/opt/ros/iron /usr/bin/cmake --build /home/calper/ros2_ws/build/ros_node_temp -- -j16 -l16
[1.071s] DEBUG:colcon.colcon_core.event_handler.log_command:Invoked command in '/home/calper/ros2_ws/build/esp_package_temp' returned '0': CMAKE_PREFIX_PATH=${CMAKE_PREFIX_PATH}:/opt/ros/iron /usr/bin/cmake --build /home/calper/ros2_ws/build/esp_package_temp -- -j16 -l16
[1.075s] DEBUG:colcon.colcon_core.event_handler.log_command:Invoked command in '/home/calper/ros2_ws/build/cpp_pubsub' returned '0': CMAKE_PREFIX_PATH=${CMAKE_PREFIX_PATH}:/opt/ros/iron /usr/bin/cmake --build /home/calper/ros2_ws/build/cpp_pubsub -- -j16 -l16
[1.087s] DEBUG:colcon.colcon_core.event_handler.log_command:Invoking command in '/home/calper/ros2_ws/build/esp_package_temp': CMAKE_PREFIX_PATH=${CMAKE_PREFIX_PATH}:/opt/ros/iron /usr/bin/cmake --install /home/calper/ros2_ws/build/esp_package_temp
[1.090s] Level 1:colcon.colcon_core.environment:create_environment_scripts_only(esp_package_temp)
[1.091s] DEBUG:colcon.colcon_core.event_handler.log_command:Invoked command in '/home/calper/ros2_ws/build/esp_package_temp' returned '0': CMAKE_PREFIX_PATH=${CMAKE_PREFIX_PATH}:/opt/ros/iron /usr/bin/cmake --install /home/calper/ros2_ws/build/esp_package_temp
[1.102s] Level 1:colcon.colcon_core.environment:checking '/home/calper/ros2_ws/install/esp_package_temp' for CMake module files
[1.102s] Level 1:colcon.colcon_core.environment:checking '/home/calper/ros2_ws/install/esp_package_temp' for CMake config files
[1.102s] Level 1:colcon.colcon_core.shell:create_environment_hook('esp_package_temp', 'cmake_prefix_path')
[1.113s] INFO:colcon.colcon_core.shell:Creating environment hook '/home/calper/ros2_ws/install/esp_package_temp/share/esp_package_temp/hook/cmake_prefix_path.ps1'
[1.113s] INFO:colcon.colcon_core.shell:Creating environment descriptor '/home/calper/ros2_ws/install/esp_package_temp/share/esp_package_temp/hook/cmake_prefix_path.dsv'
[1.113s] INFO:colcon.colcon_core.shell:Creating environment hook '/home/calper/ros2_ws/install/esp_package_temp/share/esp_package_temp/hook/cmake_prefix_path.sh'
[1.114s] Level 1:colcon.colcon_core.environment:checking '/home/calper/ros2_ws/install/esp_package_temp/lib'
[1.114s] Level 1:colcon.colcon_core.environment:checking '/home/calper/ros2_ws/install/esp_package_temp/bin'
[1.114s] Level 1:colcon.colcon_core.environment:checking '/home/calper/ros2_ws/install/esp_package_temp/lib/pkgconfig/esp_package_temp.pc'
[1.115s] Level 1:colcon.colcon_core.environment:checking '/home/calper/ros2_ws/install/esp_package_temp/lib/python3.10/site-packages'
[1.115s] Level 1:colcon.colcon_core.environment:checking '/home/calper/ros2_ws/install/esp_package_temp/bin'
[1.125s] INFO:colcon.colcon_core.shell:Creating package script '/home/calper/ros2_ws/install/esp_package_temp/share/esp_package_temp/package.ps1'
[1.126s] INFO:colcon.colcon_core.shell:Creating package descriptor '/home/calper/ros2_ws/install/esp_package_temp/share/esp_package_temp/package.dsv'
[1.126s] INFO:colcon.colcon_core.shell:Creating package script '/home/calper/ros2_ws/install/esp_package_temp/share/esp_package_temp/package.sh'
[1.127s] INFO:colcon.colcon_core.shell:Creating package script '/home/calper/ros2_ws/install/esp_package_temp/share/esp_package_temp/package.bash'
[1.127s] INFO:colcon.colcon_core.shell:Creating package script '/home/calper/ros2_ws/install/esp_package_temp/share/esp_package_temp/package.zsh'
[1.128s] Level 1:colcon.colcon_core.environment:create_file_with_runtime_dependencies(/home/calper/ros2_ws/install/esp_package_temp/share/colcon-core/packages/esp_package_temp)
[1.130s] DEBUG:colcon.colcon_core.event_handler.log_command:Invoking command in '/home/calper/ros2_ws/build/cpp_pubsub': CMAKE_PREFIX_PATH=${CMAKE_PREFIX_PATH}:/opt/ros/iron /usr/bin/cmake --install /home/calper/ros2_ws/build/cpp_pubsub
[1.134s] Level 1:colcon.colcon_core.environment:create_environment_scripts_only(cpp_pubsub)
[1.134s] DEBUG:colcon.colcon_core.event_handler.log_command:Invoked command in '/home/calper/ros2_ws/build/cpp_pubsub' returned '0': CMAKE_PREFIX_PATH=${CMAKE_PREFIX_PATH}:/opt/ros/iron /usr/bin/cmake --install /home/calper/ros2_ws/build/cpp_pubsub
[1.145s] Level 1:colcon.colcon_core.environment:checking '/home/calper/ros2_ws/install/cpp_pubsub' for CMake module files
[1.146s] Level 1:colcon.colcon_core.environment:checking '/home/calper/ros2_ws/install/cpp_pubsub' for CMake config files
[1.146s] Level 1:colcon.colcon_core.shell:create_environment_hook('cpp_pubsub', 'cmake_prefix_path')
[1.156s] INFO:colcon.colcon_core.shell:Creating environment hook '/home/calper/ros2_ws/install/cpp_pubsub/share/cpp_pubsub/hook/cmake_prefix_path.ps1'
[1.157s] INFO:colcon.colcon_core.shell:Creating environment descriptor '/home/calper/ros2_ws/install/cpp_pubsub/share/cpp_pubsub/hook/cmake_prefix_path.dsv'
[1.157s] INFO:colcon.colcon_core.shell:Creating environment hook '/home/calper/ros2_ws/install/cpp_pubsub/share/cpp_pubsub/hook/cmake_prefix_path.sh'
[1.157s] Level 1:colcon.colcon_core.environment:checking '/home/calper/ros2_ws/install/cpp_pubsub/lib'
[1.157s] Level 1:colcon.colcon_core.environment:checking '/home/calper/ros2_ws/install/cpp_pubsub/bin'
[1.157s] Level 1:colcon.colcon_core.environment:checking '/home/calper/ros2_ws/install/cpp_pubsub/lib/pkgconfig/cpp_pubsub.pc'
[1.158s] Level 1:colcon.colcon_core.environment:checking '/home/calper/ros2_ws/install/cpp_pubsub/lib/python3.10/site-packages'
[1.158s] Level 1:colcon.colcon_core.environment:checking '/home/calper/ros2_ws/install/cpp_pubsub/bin'
[1.169s] INFO:colcon.colcon_core.shell:Creating package script '/home/calper/ros2_ws/install/cpp_pubsub/share/cpp_pubsub/package.ps1'
[1.170s] INFO:colcon.colcon_core.shell:Creating package descriptor '/home/calper/ros2_ws/install/cpp_pubsub/share/cpp_pubsub/package.dsv'
[1.170s] INFO:colcon.colcon_core.shell:Creating package script '/home/calper/ros2_ws/install/cpp_pubsub/share/cpp_pubsub/package.sh'
[1.170s] INFO:colcon.colcon_core.shell:Creating package script '/home/calper/ros2_ws/install/cpp_pubsub/share/cpp_pubsub/package.bash'
[1.170s] INFO:colcon.colcon_core.shell:Creating package script '/home/calper/ros2_ws/install/cpp_pubsub/share/cpp_pubsub/package.zsh'
[1.171s] Level 1:colcon.colcon_core.environment:create_file_with_runtime_dependencies(/home/calper/ros2_ws/install/cpp_pubsub/share/colcon-core/packages/cpp_pubsub)
[1.183s] Level 1:colcon.colcon_core.environment:create_environment_scripts_only(esp_package_temp)
[1.194s] Level 1:colcon.colcon_core.environment:checking '/home/calper/ros2_ws/install/esp_package_temp' for CMake module files
[1.194s] Level 1:colcon.colcon_core.environment:checking '/home/calper/ros2_ws/install/esp_package_temp' for CMake config files
[1.195s] Level 1:colcon.colcon_core.shell:create_environment_hook('esp_package_temp', 'cmake_prefix_path')
[1.206s] INFO:colcon.colcon_core.shell:Creating environment hook '/home/calper/ros2_ws/install/esp_package_temp/share/esp_package_temp/hook/cmake_prefix_path.ps1'
[1.206s] INFO:colcon.colcon_core.shell:Creating environment descriptor '/home/calper/ros2_ws/install/esp_package_temp/share/esp_package_temp/hook/cmake_prefix_path.dsv'
[1.207s] INFO:colcon.colcon_core.shell:Creating environment hook '/home/calper/ros2_ws/install/esp_package_temp/share/esp_package_temp/hook/cmake_prefix_path.sh'
[1.207s] Level 1:colcon.colcon_core.environment:checking '/home/calper/ros2_ws/install/esp_package_temp/lib'
[1.207s] Level 1:colcon.colcon_core.environment:checking '/home/calper/ros2_ws/install/esp_package_temp/bin'
[1.207s] Level 1:colcon.colcon_core.environment:checking '/home/calper/ros2_ws/install/esp_package_temp/lib/pkgconfig/esp_package_temp.pc'
[1.207s] Level 1:colcon.colcon_core.environment:checking '/home/calper/ros2_ws/install/esp_package_temp/lib/python3.10/site-packages'
[1.207s] Level 1:colcon.colcon_core.environment:checking '/home/calper/ros2_ws/install/esp_package_temp/bin'
[1.219s] INFO:colcon.colcon_core.shell:Creating package script '/home/calper/ros2_ws/install/esp_package_temp/share/esp_package_temp/package.ps1'
[1.220s] INFO:colcon.colcon_core.shell:Creating package descriptor '/home/calper/ros2_ws/install/esp_package_temp/share/esp_package_temp/package.dsv'
[1.220s] INFO:colcon.colcon_core.shell:Creating package script '/home/calper/ros2_ws/install/esp_package_temp/share/esp_package_temp/package.sh'
[1.220s] INFO:colcon.colcon_core.shell:Creating package script '/home/calper/ros2_ws/install/esp_package_temp/share/esp_package_temp/package.bash'
[1.220s] INFO:colcon.colcon_core.shell:Creating package script '/home/calper/ros2_ws/install/esp_package_temp/share/esp_package_temp/package.zsh'
[1.221s] Level 1:colcon.colcon_core.environment:create_file_with_runtime_dependencies(/home/calper/ros2_ws/install/esp_package_temp/share/colcon-core/packages/esp_package_temp)
[1.232s] Level 1:colcon.colcon_core.environment:create_environment_scripts_only(cpp_pubsub)
[1.244s] Level 1:colcon.colcon_core.environment:checking '/home/calper/ros2_ws/install/cpp_pubsub' for CMake module files
[1.245s] Level 1:colcon.colcon_core.environment:checking '/home/calper/ros2_ws/install/cpp_pubsub' for CMake config files
[1.245s] Level 1:colcon.colcon_core.shell:create_environment_hook('cpp_pubsub', 'cmake_prefix_path')
[1.257s] INFO:colcon.colcon_core.shell:Creating environment hook '/home/calper/ros2_ws/install/cpp_pubsub/share/cpp_pubsub/hook/cmake_prefix_path.ps1'
[1.257s] INFO:colcon.colcon_core.shell:Creating environment descriptor '/home/calper/ros2_ws/install/cpp_pubsub/share/cpp_pubsub/hook/cmake_prefix_path.dsv'
[1.257s] INFO:colcon.colcon_core.shell:Creating environment hook '/home/calper/ros2_ws/install/cpp_pubsub/share/cpp_pubsub/hook/cmake_prefix_path.sh'
[1.258s] Level 1:colcon.colcon_core.environment:checking '/home/calper/ros2_ws/install/cpp_pubsub/lib'
[1.258s] Level 1:colcon.colcon_core.environment:checking '/home/calper/ros2_ws/install/cpp_pubsub/bin'
[1.258s] Level 1:colcon.colcon_core.environment:checking '/home/calper/ros2_ws/install/cpp_pubsub/lib/pkgconfig/cpp_pubsub.pc'
[1.258s] Level 1:colcon.colcon_core.environment:checking '/home/calper/ros2_ws/install/cpp_pubsub/lib/python3.10/site-packages'
[1.258s] Level 1:colcon.colcon_core.environment:checking '/home/calper/ros2_ws/install/cpp_pubsub/bin'
[1.270s] INFO:colcon.colcon_core.shell:Creating package script '/home/calper/ros2_ws/install/cpp_pubsub/share/cpp_pubsub/package.ps1'
[1.270s] INFO:colcon.colcon_core.shell:Creating package descriptor '/home/calper/ros2_ws/install/cpp_pubsub/share/cpp_pubsub/package.dsv'
[1.271s] INFO:colcon.colcon_core.shell:Creating package script '/home/calper/ros2_ws/install/cpp_pubsub/share/cpp_pubsub/package.sh'
[1.271s] INFO:colcon.colcon_core.shell:Creating package script '/home/calper/ros2_ws/install/cpp_pubsub/share/cpp_pubsub/package.bash'
[1.271s] INFO:colcon.colcon_core.shell:Creating package script '/home/calper/ros2_ws/install/cpp_pubsub/share/cpp_pubsub/package.zsh'
[1.271s] Level 1:colcon.colcon_core.environment:create_file_with_runtime_dependencies(/home/calper/ros2_ws/install/cpp_pubsub/share/colcon-core/packages/cpp_pubsub)
[3.737s] DEBUG:colcon.colcon_core.event_handler.log_command:Invoked command in '/home/calper/ros2_ws/build/ros_node_temp' returned '0': CMAKE_PREFIX_PATH=${CMAKE_PREFIX_PATH}:/opt/ros/iron /usr/bin/cmake --build /home/calper/ros2_ws/build/ros_node_temp -- -j16 -l16
[3.752s] DEBUG:colcon.colcon_core.event_handler.log_command:Invoking command in '/home/calper/ros2_ws/build/ros_node_temp': CMAKE_PREFIX_PATH=${CMAKE_PREFIX_PATH}:/opt/ros/iron /usr/bin/cmake --install /home/calper/ros2_ws/build/ros_node_temp
[3.759s] Level 1:colcon.colcon_core.environment:create_environment_scripts_only(ros_node_temp)
[3.759s] DEBUG:colcon.colcon_core.event_handler.log_command:Invoked command in '/home/calper/ros2_ws/build/ros_node_temp' returned '0': CMAKE_PREFIX_PATH=${CMAKE_PREFIX_PATH}:/opt/ros/iron /usr/bin/cmake --install /home/calper/ros2_ws/build/ros_node_temp
[3.769s] Level 1:colcon.colcon_core.environment:checking '/home/calper/ros2_ws/install/ros_node_temp' for CMake module files
[3.769s] Level 1:colcon.colcon_core.environment:checking '/home/calper/ros2_ws/install/ros_node_temp' for CMake config files
[3.769s] Level 1:colcon.colcon_core.shell:create_environment_hook('ros_node_temp', 'cmake_prefix_path')
[3.778s] INFO:colcon.colcon_core.shell:Creating environment hook '/home/calper/ros2_ws/install/ros_node_temp/share/ros_node_temp/hook/cmake_prefix_path.ps1'
[3.778s] INFO:colcon.colcon_core.shell:Creating environment descriptor '/home/calper/ros2_ws/install/ros_node_temp/share/ros_node_temp/hook/cmake_prefix_path.dsv'
[3.778s] INFO:colcon.colcon_core.shell:Creating environment hook '/home/calper/ros2_ws/install/ros_node_temp/share/ros_node_temp/hook/cmake_prefix_path.sh'
[3.779s] Level 1:colcon.colcon_core.environment:checking '/home/calper/ros2_ws/install/ros_node_temp/lib'
[3.779s] Level 1:colcon.colcon_core.environment:checking '/home/calper/ros2_ws/install/ros_node_temp/bin'
[3.779s] Level 1:colcon.colcon_core.environment:checking '/home/calper/ros2_ws/install/ros_node_temp/lib/pkgconfig/ros_node_temp.pc'
[3.779s] Level 1:colcon.colcon_core.environment:checking '/home/calper/ros2_ws/install/ros_node_temp/lib/python3.10/site-packages'
[3.779s] Level 1:colcon.colcon_core.environment:checking '/home/calper/ros2_ws/install/ros_node_temp/bin'
[3.788s] INFO:colcon.colcon_core.shell:Creating package script '/home/calper/ros2_ws/install/ros_node_temp/share/ros_node_temp/package.ps1'
[3.788s] INFO:colcon.colcon_core.shell:Creating package descriptor '/home/calper/ros2_ws/install/ros_node_temp/share/ros_node_temp/package.dsv'
[3.789s] INFO:colcon.colcon_core.shell:Creating package script '/home/calper/ros2_ws/install/ros_node_temp/share/ros_node_temp/package.sh'
[3.789s] INFO:colcon.colcon_core.shell:Creating package script '/home/calper/ros2_ws/install/ros_node_temp/share/ros_node_temp/package.bash'
[3.789s] INFO:colcon.colcon_core.shell:Creating package script '/home/calper/ros2_ws/install/ros_node_temp/share/ros_node_temp/package.zsh'
[3.789s] Level 1:colcon.colcon_core.environment:create_file_with_runtime_dependencies(/home/calper/ros2_ws/install/ros_node_temp/share/colcon-core/packages/ros_node_temp)
[3.817s] Level 1:colcon.colcon_core.environment:create_environment_scripts_only(ros_node_temp)
[3.827s] Level 1:colcon.colcon_core.environment:checking '/home/calper/ros2_ws/install/ros_node_temp' for CMake module files
[3.827s] Level 1:colcon.colcon_core.environment:checking '/home/calper/ros2_ws/install/ros_node_temp' for CMake config files
[3.827s] Level 1:colcon.colcon_core.shell:create_environment_hook('ros_node_temp', 'cmake_prefix_path')
[3.836s] INFO:colcon.colcon_core.shell:Creating environment hook '/home/calper/ros2_ws/install/ros_node_temp/share/ros_node_temp/hook/cmake_prefix_path.ps1'
[3.836s] INFO:colcon.colcon_core.shell:Creating environment descriptor '/home/calper/ros2_ws/install/ros_node_temp/share/ros_node_temp/hook/cmake_prefix_path.dsv'
[3.837s] INFO:colcon.colcon_core.shell:Creating environment hook '/home/calper/ros2_ws/install/ros_node_temp/share/ros_node_temp/hook/cmake_prefix_path.sh'
[3.837s] Level 1:colcon.colcon_core.environment:checking '/home/calper/ros2_ws/install/ros_node_temp/lib'
[3.837s] Level 1:colcon.colcon_core.environment:checking '/home/calper/ros2_ws/install/ros_node_temp/bin'
[3.837s] Level 1:colcon.colcon_core.environment:checking '/home/calper/ros2_ws/install/ros_node_temp/lib/pkgconfig/ros_node_temp.pc'
[3.837s] Level 1:colcon.colcon_core.environment:checking '/home/calper/ros2_ws/install/ros_node_temp/lib/python3.10/site-packages'
[3.837s] Level 1:colcon.colcon_core.environment:checking '/home/calper/ros2_ws/install/ros_node_temp/bin'
[3.847s] INFO:colcon.colcon_core.shell:Creating package script '/home/calper/ros2_ws/install/ros_node_temp/share/ros_node_temp/package.ps1'
[3.847s] INFO:colcon.colcon_core.shell:Creating package descriptor '/home/calper/ros2_ws/install/ros_node_temp/share/ros_node_temp/package.dsv'
[3.848s] INFO:colcon.colcon_core.shell:Creating package script '/home/calper/ros2_ws/install/ros_node_temp/share/ros_node_temp/package.sh'
[3.848s] INFO:colcon.colcon_core.shell:Creating package script '/home/calper/ros2_ws/install/ros_node_temp/share/ros_node_temp/package.bash'
[3.848s] INFO:colcon.colcon_core.shell:Creating package script '/home/calper/ros2_ws/install/ros_node_temp/share/ros_node_temp/package.zsh'
[3.849s] Level 1:colcon.colcon_core.environment:create_file_with_runtime_dependencies(/home/calper/ros2_ws/install/ros_node_temp/share/colcon-core/packages/ros_node_temp)
[3.849s] DEBUG:colcon.colcon_parallel_executor.executor.parallel:closing loop
[3.849s] DEBUG:colcon.colcon_parallel_executor.executor.parallel:loop closed
[3.849s] DEBUG:colcon.colcon_parallel_executor.executor.parallel:run_until_complete finished with '0'
[3.849s] DEBUG:colcon.colcon_core.event_reactor:joining thread
[3.862s] INFO:colcon.colcon_core.plugin_system:Skipping extension 'colcon_notification.desktop_notification.notify_send': Could not find 'notify-send'
[3.862s] INFO:colcon.colcon_core.plugin_system:Skipping extension 'colcon_notification.desktop_notification.terminal_notifier': Not used on non-Darwin systems
[3.862s] INFO:colcon.colcon_core.plugin_system:Skipping extension 'colcon_notification.desktop_notification.win32': Not used on non-Windows systems
[3.862s] INFO:colcon.colcon_notification.desktop_notification:Sending desktop notification using 'notify2'
[3.870s] DEBUG:colcon.colcon_core.event_reactor:joined thread
[3.881s] INFO:colcon.colcon_core.shell:Creating prefix script '/home/calper/ros2_ws/install/local_setup.ps1'
[3.882s] INFO:colcon.colcon_core.shell:Creating prefix util module '/home/calper/ros2_ws/install/_local_setup_util_ps1.py'
[3.883s] INFO:colcon.colcon_core.shell:Creating prefix chain script '/home/calper/ros2_ws/install/setup.ps1'
[3.893s] INFO:colcon.colcon_core.shell:Creating prefix script '/home/calper/ros2_ws/install/local_setup.sh'
[3.893s] INFO:colcon.colcon_core.shell:Creating prefix util module '/home/calper/ros2_ws/install/_local_setup_util_sh.py'
[3.893s] INFO:colcon.colcon_core.shell:Creating prefix chain script '/home/calper/ros2_ws/install/setup.sh'
[3.904s] INFO:colcon.colcon_core.shell:Creating prefix script '/home/calper/ros2_ws/install/local_setup.bash'
[3.904s] INFO:colcon.colcon_core.shell:Creating prefix chain script '/home/calper/ros2_ws/install/setup.bash'
[3.915s] INFO:colcon.colcon_core.shell:Creating prefix script '/home/calper/ros2_ws/install/local_setup.zsh'
[3.915s] INFO:colcon.colcon_core.shell:Creating prefix chain script '/home/calper/ros2_ws/install/setup.zsh'
