[ 50%] [32mBuilding CXX object CMakeFiles/temp.dir/src/ros_node_temp.cpp.o[0m
[100%] [32m[1mLinking CXX executable temp[0m
[100%] Built target temp
-- Install configuration: ""
-- Installing: /home/calper/ros2_ws/install/ros_node_temp/lib/ros_node_temp/temp
-- Set non-toolchain portion of runtime path of "/home/calper/ros2_ws/install/ros_node_temp/lib/ros_node_temp/temp" to ""
-- Up-to-date: /home/calper/ros2_ws/install/ros_node_temp/share/ament_index/resource_index/package_run_dependencies/ros_node_temp
-- Up-to-date: /home/calper/ros2_ws/install/ros_node_temp/share/ament_index/resource_index/parent_prefix_path/ros_node_temp
-- Up-to-date: /home/calper/ros2_ws/install/ros_node_temp/share/ros_node_temp/environment/ament_prefix_path.sh
-- Up-to-date: /home/calper/ros2_ws/install/ros_node_temp/share/ros_node_temp/environment/ament_prefix_path.dsv
-- Up-to-date: /home/calper/ros2_ws/install/ros_node_temp/share/ros_node_temp/environment/path.sh
-- Up-to-date: /home/calper/ros2_ws/install/ros_node_temp/share/ros_node_temp/environment/path.dsv
-- Up-to-date: /home/calper/ros2_ws/install/ros_node_temp/share/ros_node_temp/local_setup.bash
-- Up-to-date: /home/calper/ros2_ws/install/ros_node_temp/share/ros_node_temp/local_setup.sh
-- Up-to-date: /home/calper/ros2_ws/install/ros_node_temp/share/ros_node_temp/local_setup.zsh
-- Up-to-date: /home/calper/ros2_ws/install/ros_node_temp/share/ros_node_temp/local_setup.dsv
-- Installing: /home/calper/ros2_ws/install/ros_node_temp/share/ros_node_temp/package.dsv
-- Up-to-date: /home/calper/ros2_ws/install/ros_node_temp/share/ament_index/resource_index/packages/ros_node_temp
-- Up-to-date: /home/calper/ros2_ws/install/ros_node_temp/share/ros_node_temp/cmake/ros_node_tempConfig.cmake
-- Up-to-date: /home/calper/ros2_ws/install/ros_node_temp/share/ros_node_temp/cmake/ros_node_tempConfig-version.cmake
-- Up-to-date: /home/calper/ros2_ws/install/ros_node_temp/share/ros_node_temp/package.xml
