[0.041s] Invoking command in '/home/calper/ros2_ws/build/esp_node_temp': CMAKE_PREFIX_PATH=/opt/ros/iron /usr/bin/cmake /home/calper/ros2_ws/src/esp_node_temp -DCMAKE_INSTALL_PREFIX=/home/calper/ros2_ws/install/esp_node_temp
[0.073s] -- The C compiler identification is GNU 11.4.0
[0.113s] -- The CXX compiler identification is GNU 11.4.0
[0.123s] -- Detecting C compiler ABI info
[0.203s] -- Detecting C compiler ABI info - done
[0.211s] -- Check for working C compiler: /usr/bin/cc - skipped
[0.211s] -- Detecting C compile features
[0.212s] -- Detecting C compile features - done
[0.219s] -- Detecting CXX compiler ABI info
[0.287s] -- Detecting CXX compiler ABI info - done
[0.293s] -- Check for working CXX compiler: /usr/bin/c++ - skipped
[0.293s] -- Detecting CXX compile features
[0.294s] -- Detecting CXX compile features - done
[0.295s] -- Found ament_cmake: 2.0.3 (/opt/ros/iron/share/ament_cmake/cmake)
[0.716s] -- Found Python3: /usr/bin/python3.10 (found version "3.10.12") found components: Interpreter 
[0.768s] -- Found ament_lint_auto: 0.14.2 (/opt/ros/iron/share/ament_lint_auto/cmake)
[0.812s] -- Added test 'lint_cmake' to check CMake code style
[0.813s] -- Added test 'xmllint' to check XML markup files
[0.813s] -- Configuring done (0.8s)
[0.815s] -- Generating done (0.0s)
[0.815s] -- Build files have been written to: /home/calper/ros2_ws/build/esp_node_temp
[0.819s] Invoked command in '/home/calper/ros2_ws/build/esp_node_temp' returned '0': CMAKE_PREFIX_PATH=/opt/ros/iron /usr/bin/cmake /home/calper/ros2_ws/src/esp_node_temp -DCMAKE_INSTALL_PREFIX=/home/calper/ros2_ws/install/esp_node_temp
[0.820s] Invoking command in '/home/calper/ros2_ws/build/esp_node_temp': CMAKE_PREFIX_PATH=/opt/ros/iron /usr/bin/cmake --build /home/calper/ros2_ws/build/esp_node_temp -- -j16 -l16
[0.832s] Invoked command in '/home/calper/ros2_ws/build/esp_node_temp' returned '0': CMAKE_PREFIX_PATH=/opt/ros/iron /usr/bin/cmake --build /home/calper/ros2_ws/build/esp_node_temp -- -j16 -l16
[0.850s] Invoking command in '/home/calper/ros2_ws/build/esp_node_temp': CMAKE_PREFIX_PATH=/opt/ros/iron /usr/bin/cmake --install /home/calper/ros2_ws/build/esp_node_temp
[0.852s] -- Install configuration: ""
[0.852s] -- Installing: /home/calper/ros2_ws/install/esp_node_temp/share/ament_index/resource_index/package_run_dependencies/esp_node_temp
[0.852s] -- Installing: /home/calper/ros2_ws/install/esp_node_temp/share/ament_index/resource_index/parent_prefix_path/esp_node_temp
[0.852s] -- Installing: /home/calper/ros2_ws/install/esp_node_temp/share/esp_node_temp/environment/ament_prefix_path.sh
[0.852s] -- Installing: /home/calper/ros2_ws/install/esp_node_temp/share/esp_node_temp/environment/ament_prefix_path.dsv
[0.852s] -- Installing: /home/calper/ros2_ws/install/esp_node_temp/share/esp_node_temp/environment/path.sh
[0.852s] -- Installing: /home/calper/ros2_ws/install/esp_node_temp/share/esp_node_temp/environment/path.dsv
[0.852s] -- Installing: /home/calper/ros2_ws/install/esp_node_temp/share/esp_node_temp/local_setup.bash
[0.852s] -- Installing: /home/calper/ros2_ws/install/esp_node_temp/share/esp_node_temp/local_setup.sh
[0.853s] -- Installing: /home/calper/ros2_ws/install/esp_node_temp/share/esp_node_temp/local_setup.zsh
[0.853s] -- Installing: /home/calper/ros2_ws/install/esp_node_temp/share/esp_node_temp/local_setup.dsv
[0.853s] -- Installing: /home/calper/ros2_ws/install/esp_node_temp/share/esp_node_temp/package.dsv
[0.853s] -- Installing: /home/calper/ros2_ws/install/esp_node_temp/share/ament_index/resource_index/packages/esp_node_temp
[0.853s] -- Installing: /home/calper/ros2_ws/install/esp_node_temp/share/esp_node_temp/cmake/esp_node_tempConfig.cmake
[0.853s] -- Installing: /home/calper/ros2_ws/install/esp_node_temp/share/esp_node_temp/cmake/esp_node_tempConfig-version.cmake
[0.853s] -- Installing: /home/calper/ros2_ws/install/esp_node_temp/share/esp_node_temp/package.xml
[0.854s] Invoked command in '/home/calper/ros2_ws/build/esp_node_temp' returned '0': CMAKE_PREFIX_PATH=/opt/ros/iron /usr/bin/cmake --install /home/calper/ros2_ws/build/esp_node_temp
