[0.108s] Invoking command in '/home/calper/ros2_ws/build/esp_package_temp': CMAKE_PREFIX_PATH=${CMAKE_PREFIX_PATH}:/opt/ros/iron /usr/bin/cmake --build /home/calper/ros2_ws/build/esp_package_temp -- -j16 -l16
[0.126s] [100%] Built target esp_node_temp
[0.130s] Invoked command in '/home/calper/ros2_ws/build/esp_package_temp' returned '0': CMAKE_PREFIX_PATH=${CMAKE_PREFIX_PATH}:/opt/ros/iron /usr/bin/cmake --build /home/calper/ros2_ws/build/esp_package_temp -- -j16 -l16
[0.146s] Invoking command in '/home/calper/ros2_ws/build/esp_package_temp': CMAKE_PREFIX_PATH=${CMAKE_PREFIX_PATH}:/opt/ros/iron /usr/bin/cmake --install /home/calper/ros2_ws/build/esp_package_temp
[0.148s] -- Install configuration: ""
[0.148s] -- Up-to-date: /home/calper/ros2_ws/install/esp_package_temp/lib/esp_package_temp/esp_node_temp
[0.148s] -- Up-to-date: /home/calper/ros2_ws/install/esp_package_temp/share/ament_index/resource_index/package_run_dependencies/esp_package_temp
[0.149s] -- Up-to-date: /home/calper/ros2_ws/install/esp_package_temp/share/ament_index/resource_index/parent_prefix_path/esp_package_temp
[0.149s] -- Up-to-date: /home/calper/ros2_ws/install/esp_package_temp/share/esp_package_temp/environment/ament_prefix_path.sh
[0.149s] -- Up-to-date: /home/calper/ros2_ws/install/esp_package_temp/share/esp_package_temp/environment/ament_prefix_path.dsv
[0.149s] -- Up-to-date: /home/calper/ros2_ws/install/esp_package_temp/share/esp_package_temp/environment/path.sh
[0.149s] -- Up-to-date: /home/calper/ros2_ws/install/esp_package_temp/share/esp_package_temp/environment/path.dsv
[0.149s] -- Up-to-date: /home/calper/ros2_ws/install/esp_package_temp/share/esp_package_temp/local_setup.bash
[0.149s] -- Up-to-date: /home/calper/ros2_ws/install/esp_package_temp/share/esp_package_temp/local_setup.sh
[0.149s] -- Up-to-date: /home/calper/ros2_ws/install/esp_package_temp/share/esp_package_temp/local_setup.zsh
[0.149s] -- Up-to-date: /home/calper/ros2_ws/install/esp_package_temp/share/esp_package_temp/local_setup.dsv
[0.149s] -- Installing: /home/calper/ros2_ws/install/esp_package_temp/share/esp_package_temp/package.dsv
[0.149s] -- Up-to-date: /home/calper/ros2_ws/install/esp_package_temp/share/ament_index/resource_index/packages/esp_package_temp
[0.149s] -- Up-to-date: /home/calper/ros2_ws/install/esp_package_temp/share/esp_package_temp/cmake/esp_package_tempConfig.cmake
[0.149s] -- Up-to-date: /home/calper/ros2_ws/install/esp_package_temp/share/esp_package_temp/cmake/esp_package_tempConfig-version.cmake
[0.149s] -- Up-to-date: /home/calper/ros2_ws/install/esp_package_temp/share/esp_package_temp/package.xml
[0.150s] Invoked command in '/home/calper/ros2_ws/build/esp_package_temp' returned '0': CMAKE_PREFIX_PATH=${CMAKE_PREFIX_PATH}:/opt/ros/iron /usr/bin/cmake --install /home/calper/ros2_ws/build/esp_package_temp
