[0.042s] Invoking command in '/home/calper/ros2_ws/build/ros_node_temp': CMAKE_PREFIX_PATH=/opt/ros/iron /usr/bin/cmake --build /home/calper/ros2_ws/build/ros_node_temp -- -j16 -l16
[0.103s] [ 50%] [32mBuilding CXX object CMakeFiles/temp.dir/src/ros_node_temp.cpp.o[0m
[2.787s] [100%] [32m[1mLinking CXX executable temp[0m
[2.891s] [100%] Built target temp
[2.895s] Invoked command in '/home/calper/ros2_ws/build/ros_node_temp' returned '0': CMAKE_PREFIX_PATH=/opt/ros/iron /usr/bin/cmake --build /home/calper/ros2_ws/build/ros_node_temp -- -j16 -l16
[2.909s] Invoking command in '/home/calper/ros2_ws/build/ros_node_temp': CMAKE_PREFIX_PATH=/opt/ros/iron /usr/bin/cmake --install /home/calper/ros2_ws/build/ros_node_temp
[2.912s] -- Install configuration: ""
[2.913s] -- Installing: /home/calper/ros2_ws/install/ros_node_temp/lib/ros_node_temp/temp
[2.914s] -- Set non-toolchain portion of runtime path of "/home/calper/ros2_ws/install/ros_node_temp/lib/ros_node_temp/temp" to ""
[2.915s] -- Up-to-date: /home/calper/ros2_ws/install/ros_node_temp/share/ament_index/resource_index/package_run_dependencies/ros_node_temp
[2.915s] -- Up-to-date: /home/calper/ros2_ws/install/ros_node_temp/share/ament_index/resource_index/parent_prefix_path/ros_node_temp
[2.915s] -- Up-to-date: /home/calper/ros2_ws/install/ros_node_temp/share/ros_node_temp/environment/ament_prefix_path.sh
[2.915s] -- Up-to-date: /home/calper/ros2_ws/install/ros_node_temp/share/ros_node_temp/environment/ament_prefix_path.dsv
[2.915s] -- Up-to-date: /home/calper/ros2_ws/install/ros_node_temp/share/ros_node_temp/environment/path.sh
[2.915s] -- Up-to-date: /home/calper/ros2_ws/install/ros_node_temp/share/ros_node_temp/environment/path.dsv
[2.915s] -- Up-to-date: /home/calper/ros2_ws/install/ros_node_temp/share/ros_node_temp/local_setup.bash
[2.915s] -- Up-to-date: /home/calper/ros2_ws/install/ros_node_temp/share/ros_node_temp/local_setup.sh
[2.915s] -- Up-to-date: /home/calper/ros2_ws/install/ros_node_temp/share/ros_node_temp/local_setup.zsh
[2.915s] -- Up-to-date: /home/calper/ros2_ws/install/ros_node_temp/share/ros_node_temp/local_setup.dsv
[2.915s] -- Installing: /home/calper/ros2_ws/install/ros_node_temp/share/ros_node_temp/package.dsv
[2.915s] -- Up-to-date: /home/calper/ros2_ws/install/ros_node_temp/share/ament_index/resource_index/packages/ros_node_temp
[2.915s] -- Up-to-date: /home/calper/ros2_ws/install/ros_node_temp/share/ros_node_temp/cmake/ros_node_tempConfig.cmake
[2.915s] -- Up-to-date: /home/calper/ros2_ws/install/ros_node_temp/share/ros_node_temp/cmake/ros_node_tempConfig-version.cmake
[2.916s] -- Up-to-date: /home/calper/ros2_ws/install/ros_node_temp/share/ros_node_temp/package.xml
[2.916s] Invoked command in '/home/calper/ros2_ws/build/ros_node_temp' returned '0': CMAKE_PREFIX_PATH=/opt/ros/iron /usr/bin/cmake --install /home/calper/ros2_ws/build/ros_node_temp
