[0.055s] Invoking command in '/home/calper/ros2_ws/build/cpp_pubsub': CMAKE_PREFIX_PATH=${CMAKE_PREFIX_PATH}:/opt/ros/iron /usr/bin/cmake /home/calper/ros2_ws/src/cpp_pubsub -DCMAKE_INSTALL_PREFIX=/home/calper/ros2_ws/install/cpp_pubsub
[0.086s] -- The C compiler identification is GNU 11.4.0
[0.143s] -- The CXX compiler identification is GNU 11.4.0
[0.153s] -- Detecting C compiler ABI info
[0.233s] -- Detecting C compiler ABI info - done
[0.244s] -- Check for working C compiler: /usr/bin/cc - skipped
[0.244s] -- Detecting C compile features
[0.244s] -- Detecting C compile features - done
[0.253s] -- Detecting CXX compiler ABI info
[0.328s] -- Detecting CXX compiler ABI info - done
[0.334s] -- Check for working CXX compiler: /usr/bin/c++ - skipped
[0.334s] -- Detecting CXX compile features
[0.334s] -- Detecting CXX compile features - done
[0.337s] -- Found ament_cmake: 2.0.3 (/opt/ros/iron/share/ament_cmake/cmake)
[0.734s] -- Found Python3: /usr/bin/python3.10 (found version "3.10.12") found components: Interpreter 
[0.784s] -- Found rclcpp: 21.0.4 (/opt/ros/iron/share/rclcpp/cmake)
[0.823s] -- Found rosidl_generator_c: 4.0.1 (/opt/ros/iron/share/rosidl_generator_c/cmake)
[0.831s] -- Found rosidl_generator_cpp: 4.0.1 (/opt/ros/iron/share/rosidl_generator_cpp/cmake)
[0.843s] -- Using all available rosidl_typesupport_c: rosidl_typesupport_fastrtps_c;rosidl_typesupport_introspection_c
[0.858s] -- Using all available rosidl_typesupport_cpp: rosidl_typesupport_fastrtps_cpp;rosidl_typesupport_introspection_cpp
[0.986s] -- Found rmw_implementation_cmake: 7.1.0 (/opt/ros/iron/share/rmw_implementation_cmake/cmake)
[0.988s] -- Found rmw_fastrtps_cpp: 7.1.2 (/opt/ros/iron/share/rmw_fastrtps_cpp/cmake)
[1.064s] -- Found OpenSSL: /usr/lib/x86_64-linux-gnu/libcrypto.so (found version "3.0.2")  
[1.082s] -- Found FastRTPS: /opt/ros/iron/include  
[1.110s] -- Using RMW implementation 'rmw_fastrtps_cpp' as default
[1.240s] -- Found std_msgs: 5.0.0 (/opt/ros/iron/share/std_msgs/cmake)
[1.305s] -- Configuring done (1.2s)
[1.313s] -- Generating done (0.0s)
[1.314s] -- Build files have been written to: /home/calper/ros2_ws/build/cpp_pubsub
[1.321s] Invoked command in '/home/calper/ros2_ws/build/cpp_pubsub' returned '0': CMAKE_PREFIX_PATH=${CMAKE_PREFIX_PATH}:/opt/ros/iron /usr/bin/cmake /home/calper/ros2_ws/src/cpp_pubsub -DCMAKE_INSTALL_PREFIX=/home/calper/ros2_ws/install/cpp_pubsub
[1.321s] Invoking command in '/home/calper/ros2_ws/build/cpp_pubsub': CMAKE_PREFIX_PATH=${CMAKE_PREFIX_PATH}:/opt/ros/iron /usr/bin/cmake --build /home/calper/ros2_ws/build/cpp_pubsub -- -j16 -l16
[1.342s] [ 25%] [32mBuilding CXX object CMakeFiles/talker.dir/src/publisher_member_function.cpp.o[0m
[1.343s] [ 50%] [32mBuilding CXX object CMakeFiles/listener.dir/src/subscriber_member_function.cpp.o[0m
[4.541s] [ 75%] [32m[1mLinking CXX executable talker[0m
[4.666s] [ 75%] Built target talker
[6.311s] [100%] [32m[1mLinking CXX executable listener[0m
[6.538s] [100%] Built target listener
[6.541s] Invoked command in '/home/calper/ros2_ws/build/cpp_pubsub' returned '0': CMAKE_PREFIX_PATH=${CMAKE_PREFIX_PATH}:/opt/ros/iron /usr/bin/cmake --build /home/calper/ros2_ws/build/cpp_pubsub -- -j16 -l16
[6.563s] Invoking command in '/home/calper/ros2_ws/build/cpp_pubsub': CMAKE_PREFIX_PATH=${CMAKE_PREFIX_PATH}:/opt/ros/iron /usr/bin/cmake --install /home/calper/ros2_ws/build/cpp_pubsub
[6.565s] -- Install configuration: ""
[6.565s] -- Installing: /home/calper/ros2_ws/install/cpp_pubsub/lib/cpp_pubsub/talker
[6.570s] -- Set non-toolchain portion of runtime path of "/home/calper/ros2_ws/install/cpp_pubsub/lib/cpp_pubsub/talker" to ""
[6.570s] -- Installing: /home/calper/ros2_ws/install/cpp_pubsub/lib/cpp_pubsub/listener
[6.574s] -- Set non-toolchain portion of runtime path of "/home/calper/ros2_ws/install/cpp_pubsub/lib/cpp_pubsub/listener" to ""
[6.574s] -- Installing: /home/calper/ros2_ws/install/cpp_pubsub/share/ament_index/resource_index/package_run_dependencies/cpp_pubsub
[6.574s] -- Installing: /home/calper/ros2_ws/install/cpp_pubsub/share/ament_index/resource_index/parent_prefix_path/cpp_pubsub
[6.574s] -- Installing: /home/calper/ros2_ws/install/cpp_pubsub/share/cpp_pubsub/environment/ament_prefix_path.sh
[6.575s] -- Installing: /home/calper/ros2_ws/install/cpp_pubsub/share/cpp_pubsub/environment/ament_prefix_path.dsv
[6.575s] -- Installing: /home/calper/ros2_ws/install/cpp_pubsub/share/cpp_pubsub/environment/path.sh
[6.575s] -- Installing: /home/calper/ros2_ws/install/cpp_pubsub/share/cpp_pubsub/environment/path.dsv
[6.575s] -- Installing: /home/calper/ros2_ws/install/cpp_pubsub/share/cpp_pubsub/local_setup.bash
[6.575s] -- Installing: /home/calper/ros2_ws/install/cpp_pubsub/share/cpp_pubsub/local_setup.sh
[6.575s] -- Installing: /home/calper/ros2_ws/install/cpp_pubsub/share/cpp_pubsub/local_setup.zsh
[6.575s] -- Installing: /home/calper/ros2_ws/install/cpp_pubsub/share/cpp_pubsub/local_setup.dsv
[6.575s] -- Installing: /home/calper/ros2_ws/install/cpp_pubsub/share/cpp_pubsub/package.dsv
[6.576s] -- Installing: /home/calper/ros2_ws/install/cpp_pubsub/share/ament_index/resource_index/packages/cpp_pubsub
[6.576s] -- Installing: /home/calper/ros2_ws/install/cpp_pubsub/share/cpp_pubsub/cmake/cpp_pubsubConfig.cmake
[6.576s] -- Installing: /home/calper/ros2_ws/install/cpp_pubsub/share/cpp_pubsub/cmake/cpp_pubsubConfig-version.cmake
[6.576s] -- Installing: /home/calper/ros2_ws/install/cpp_pubsub/share/cpp_pubsub/package.xml
[6.577s] Invoked command in '/home/calper/ros2_ws/build/cpp_pubsub' returned '0': CMAKE_PREFIX_PATH=${CMAKE_PREFIX_PATH}:/opt/ros/iron /usr/bin/cmake --install /home/calper/ros2_ws/build/cpp_pubsub
