[0.082s] Invoking command in '/home/calper/ros2_ws/build/cpp_pubsub': /usr/bin/cmake --build /home/calper/ros2_ws/build/cpp_pubsub -- -j16 -l16
[0.103s] [ 50%] Built target listener
[0.104s] [100%] Built target talker
[0.107s] Invoked command in '/home/calper/ros2_ws/build/cpp_pubsub' returned '0': /usr/bin/cmake --build /home/calper/ros2_ws/build/cpp_pubsub -- -j16 -l16
[0.119s] Invoking command in '/home/calper/ros2_ws/build/cpp_pubsub': /usr/bin/cmake --install /home/calper/ros2_ws/build/cpp_pubsub
[0.123s] -- Install configuration: ""
[0.123s] -- Up-to-date: /home/calper/ros2_ws/install/cpp_pubsub/lib/cpp_pubsub/talker
[0.123s] -- Up-to-date: /home/calper/ros2_ws/install/cpp_pubsub/lib/cpp_pubsub/listener
[0.123s] -- Up-to-date: /home/calper/ros2_ws/install/cpp_pubsub/share/ament_index/resource_index/package_run_dependencies/cpp_pubsub
[0.123s] -- Up-to-date: /home/calper/ros2_ws/install/cpp_pubsub/share/ament_index/resource_index/parent_prefix_path/cpp_pubsub
[0.123s] -- Up-to-date: /home/calper/ros2_ws/install/cpp_pubsub/share/cpp_pubsub/environment/ament_prefix_path.sh
[0.124s] -- Up-to-date: /home/calper/ros2_ws/install/cpp_pubsub/share/cpp_pubsub/environment/ament_prefix_path.dsv
[0.124s] -- Up-to-date: /home/calper/ros2_ws/install/cpp_pubsub/share/cpp_pubsub/environment/path.sh
[0.124s] -- Up-to-date: /home/calper/ros2_ws/install/cpp_pubsub/share/cpp_pubsub/environment/path.dsv
[0.124s] -- Up-to-date: /home/calper/ros2_ws/install/cpp_pubsub/share/cpp_pubsub/local_setup.bash
[0.124s] -- Up-to-date: /home/calper/ros2_ws/install/cpp_pubsub/share/cpp_pubsub/local_setup.sh
[0.124s] -- Up-to-date: /home/calper/ros2_ws/install/cpp_pubsub/share/cpp_pubsub/local_setup.zsh
[0.125s] -- Up-to-date: /home/calper/ros2_ws/install/cpp_pubsub/share/cpp_pubsub/local_setup.dsv
[0.125s] -- Installing: /home/calper/ros2_ws/install/cpp_pubsub/share/cpp_pubsub/package.dsv
[0.125s] -- Up-to-date: /home/calper/ros2_ws/install/cpp_pubsub/share/ament_index/resource_index/packages/cpp_pubsub
[0.125s] -- Up-to-date: /home/calper/ros2_ws/install/cpp_pubsub/share/cpp_pubsub/cmake/cpp_pubsubConfig.cmake
[0.125s] -- Up-to-date: /home/calper/ros2_ws/install/cpp_pubsub/share/cpp_pubsub/cmake/cpp_pubsubConfig-version.cmake
[0.125s] -- Up-to-date: /home/calper/ros2_ws/install/cpp_pubsub/share/cpp_pubsub/package.xml
[0.149s] Invoked command in '/home/calper/ros2_ws/build/cpp_pubsub' returned '0': /usr/bin/cmake --install /home/calper/ros2_ws/build/cpp_pubsub
