[0.044s] Invoking command in '/home/calper/ros2_ws/src/build/esp_package_temp': CMAKE_PREFIX_PATH=/opt/ros/iron /usr/bin/cmake /home/calper/ros2_ws/src/esp_package_temp -DCMAKE_INSTALL_PREFIX=/home/calper/ros2_ws/src/install/esp_package_temp
[0.238s] -- The C compiler identification is GNU 11.4.0
[0.356s] -- The CXX compiler identification is GNU 11.4.0
[0.377s] -- Detecting C compiler ABI info
[0.441s] -- Detecting C compiler ABI info - done
[0.447s] -- Check for working C compiler: /usr/bin/cc - skipped
[0.449s] -- Detecting C compile features
[0.449s] -- Detecting C compile features - done
[0.459s] -- Detecting CXX compiler ABI info
[0.508s] -- Detecting CXX compiler ABI info - done
[0.514s] -- Check for working CXX compiler: /usr/bin/c++ - skipped
[0.514s] -- Detecting CXX compile features
[0.514s] -- Detecting CXX compile features - done
[0.520s] -- Found ament_cmake: 2.0.3 (/opt/ros/iron/share/ament_cmake/cmake)
[0.956s] -- Found Python3: /usr/bin/python3.10 (found version "3.10.12") found components: Interpreter 
[1.010s] -- Found ament_lint_auto: 0.14.2 (/opt/ros/iron/share/ament_lint_auto/cmake)
[1.061s] -- Added test 'cppcheck' to perform static code analysis on C / C++ code
[1.062s] -- Configured cppcheck include dirs: $<BUILD_INTERFACE:/home/calper/ros2_ws/src/esp_package_temp/include>
[1.062s] -- Configured cppcheck exclude dirs and/or files: 
[1.062s] -- Added test 'lint_cmake' to check CMake code style
[1.062s] -- Added test 'uncrustify' to check C / C++ code style
[1.062s] -- Configured uncrustify additional arguments: 
[1.063s] -- Added test 'xmllint' to check XML markup files
[1.064s] -- Configuring done (1.0s)
[1.066s] -- Generating done (0.0s)
[1.067s] -- Build files have been written to: /home/calper/ros2_ws/src/build/esp_package_temp
[1.070s] Invoked command in '/home/calper/ros2_ws/src/build/esp_package_temp' returned '0': CMAKE_PREFIX_PATH=/opt/ros/iron /usr/bin/cmake /home/calper/ros2_ws/src/esp_package_temp -DCMAKE_INSTALL_PREFIX=/home/calper/ros2_ws/src/install/esp_package_temp
[1.071s] Invoking command in '/home/calper/ros2_ws/src/build/esp_package_temp': CMAKE_PREFIX_PATH=/opt/ros/iron /usr/bin/cmake --build /home/calper/ros2_ws/src/build/esp_package_temp -- -j16 -l16
[1.090s] [ 50%] [32mBuilding CXX object CMakeFiles/esp_node_temp.dir/src/esp_node_temp.cpp.o[0m
[1.122s] [100%] [32m[1mLinking CXX executable esp_node_temp[0m
[1.153s] [100%] Built target esp_node_temp
[1.158s] Invoked command in '/home/calper/ros2_ws/src/build/esp_package_temp' returned '0': CMAKE_PREFIX_PATH=/opt/ros/iron /usr/bin/cmake --build /home/calper/ros2_ws/src/build/esp_package_temp -- -j16 -l16
[1.174s] Invoking command in '/home/calper/ros2_ws/src/build/esp_package_temp': CMAKE_PREFIX_PATH=/opt/ros/iron /usr/bin/cmake --install /home/calper/ros2_ws/src/build/esp_package_temp
[1.175s] -- Install configuration: ""
[1.175s] -- Installing: /home/calper/ros2_ws/src/install/esp_package_temp/lib/esp_package_temp/esp_node_temp
[1.181s] -- Installing: /home/calper/ros2_ws/src/install/esp_package_temp/share/ament_index/resource_index/package_run_dependencies/esp_package_temp
[1.181s] -- Installing: /home/calper/ros2_ws/src/install/esp_package_temp/share/ament_index/resource_index/parent_prefix_path/esp_package_temp
[1.181s] -- Installing: /home/calper/ros2_ws/src/install/esp_package_temp/share/esp_package_temp/environment/ament_prefix_path.sh
[1.181s] -- Installing: /home/calper/ros2_ws/src/install/esp_package_temp/share/esp_package_temp/environment/ament_prefix_path.dsv
[1.181s] -- Installing: /home/calper/ros2_ws/src/install/esp_package_temp/share/esp_package_temp/environment/path.sh
[1.181s] -- Installing: /home/calper/ros2_ws/src/install/esp_package_temp/share/esp_package_temp/environment/path.dsv
[1.181s] -- Installing: /home/calper/ros2_ws/src/install/esp_package_temp/share/esp_package_temp/local_setup.bash
[1.181s] -- Installing: /home/calper/ros2_ws/src/install/esp_package_temp/share/esp_package_temp/local_setup.sh
[1.181s] -- Installing: /home/calper/ros2_ws/src/install/esp_package_temp/share/esp_package_temp/local_setup.zsh
[1.182s] -- Installing: /home/calper/ros2_ws/src/install/esp_package_temp/share/esp_package_temp/local_setup.dsv
[1.182s] -- Installing: /home/calper/ros2_ws/src/install/esp_package_temp/share/esp_package_temp/package.dsv
[1.182s] -- Installing: /home/calper/ros2_ws/src/install/esp_package_temp/share/ament_index/resource_index/packages/esp_package_temp
[1.182s] -- Installing: /home/calper/ros2_ws/src/install/esp_package_temp/share/esp_package_temp/cmake/esp_package_tempConfig.cmake
[1.182s] -- Installing: /home/calper/ros2_ws/src/install/esp_package_temp/share/esp_package_temp/cmake/esp_package_tempConfig-version.cmake
[1.182s] -- Installing: /home/calper/ros2_ws/src/install/esp_package_temp/share/esp_package_temp/package.xml
[1.183s] Invoked command in '/home/calper/ros2_ws/src/build/esp_package_temp' returned '0': CMAKE_PREFIX_PATH=/opt/ros/iron /usr/bin/cmake --install /home/calper/ros2_ws/src/build/esp_package_temp
