[4.480s] DEBUG:colcon:Command line arguments: ['/usr/bin/colcon', 'build']
[4.480s] DEBUG:colcon:Parsed command line arguments: Namespace(log_base=None, log_level=None, verb_name='build', build_base='build', install_base='install', merge_install=False, symlink_install=False, test_result_base=None, continue_on_error=False, executor='parallel', parallel_workers=16, event_handlers=None, ignore_user_meta=False, metas=['./colcon.meta'], base_paths=['.'], packages_ignore=None, packages_ignore_regex=None, paths=None, packages_up_to=None, packages_up_to_regex=None, packages_above=None, packages_above_and_dependencies=None, packages_above_depth=None, packages_select_by_dep=None, packages_skip_by_dep=None, packages_skip_up_to=None, packages_select_build_failed=False, packages_skip_build_finished=False, packages_select_test_failures=False, packages_skip_test_passed=False, packages_select=None, packages_skip=None, packages_select_regex=None, packages_skip_regex=None, packages_start=None, packages_end=None, allow_overriding=[], cmake_args=None, cmake_target=None, cmake_target_skip_unavailable=False, cmake_clean_cache=False, cmake_clean_first=False, cmake_force_configure=False, ament_cmake_args=None, catkin_cmake_args=None, catkin_skip_building_tests=False, verb_parser=<colcon_defaults.argument_parser.defaults.DefaultArgumentsDecorator object at 0x775e20131420>, verb_extension=<colcon_core.verb.build.BuildVerb object at 0x775e205db9d0>, main=<bound method BuildVerb.main of <colcon_core.verb.build.BuildVerb object at 0x775e205db9d0>>)
[4.542s] Level 1:colcon.colcon_core.package_discovery:discover_packages(colcon_meta) check parameters
[4.542s] Level 1:colcon.colcon_core.package_discovery:discover_packages(recursive) check parameters
[4.542s] Level 1:colcon.colcon_core.package_discovery:discover_packages(ignore) check parameters
[4.542s] Level 1:colcon.colcon_core.package_discovery:discover_packages(path) check parameters
[4.542s] Level 1:colcon.colcon_core.package_discovery:discover_packages(colcon_meta) discover
[4.542s] Level 1:colcon.colcon_core.package_discovery:discover_packages(recursive) discover
[4.542s] INFO:colcon.colcon_core.package_discovery:Crawling recursively for packages in '/home/calper/ros2_ws'
[4.543s] Level 1:colcon.colcon_core.package_identification:_identify(.) by extensions ['ignore', 'ignore_ament_install']
[4.543s] Level 1:colcon.colcon_core.package_identification:_identify(.) by extension 'ignore'
[4.543s] Level 1:colcon.colcon_core.package_identification:_identify(.) by extension 'ignore_ament_install'
[4.543s] Level 1:colcon.colcon_core.package_identification:_identify(.) by extensions ['colcon_pkg']
[4.543s] Level 1:colcon.colcon_core.package_identification:_identify(.) by extension 'colcon_pkg'
[4.543s] Level 1:colcon.colcon_core.package_identification:_identify(.) by extensions ['colcon_meta']
[4.543s] Level 1:colcon.colcon_core.package_identification:_identify(.) by extension 'colcon_meta'
[4.543s] Level 1:colcon.colcon_core.package_identification:_identify(.) by extensions ['ros']
[4.543s] Level 1:colcon.colcon_core.package_identification:_identify(.) by extension 'ros'
[4.565s] Level 1:colcon.colcon_core.package_identification:_identify(.) by extensions ['cmake', 'python']
[4.565s] Level 1:colcon.colcon_core.package_identification:_identify(.) by extension 'cmake'
[4.565s] Level 1:colcon.colcon_core.package_identification:_identify(.) by extension 'python'
[4.566s] Level 1:colcon.colcon_core.package_identification:_identify(.) by extensions ['python_setup_py']
[4.566s] Level 1:colcon.colcon_core.package_identification:_identify(.) by extension 'python_setup_py'
[4.566s] Level 1:colcon.colcon_core.package_identification:_identify(build) by extensions ['ignore', 'ignore_ament_install']
[4.566s] Level 1:colcon.colcon_core.package_identification:_identify(build) by extension 'ignore'
[4.566s] Level 1:colcon.colcon_core.package_identification:_identify(build) ignored
[4.566s] Level 1:colcon.colcon_core.package_identification:_identify(install) by extensions ['ignore', 'ignore_ament_install']
[4.566s] Level 1:colcon.colcon_core.package_identification:_identify(install) by extension 'ignore'
[4.566s] Level 1:colcon.colcon_core.package_identification:_identify(install) ignored
[4.566s] Level 1:colcon.colcon_core.package_identification:_identify(log) by extensions ['ignore', 'ignore_ament_install']
[4.566s] Level 1:colcon.colcon_core.package_identification:_identify(log) by extension 'ignore'
[4.566s] Level 1:colcon.colcon_core.package_identification:_identify(log) ignored
[4.566s] Level 1:colcon.colcon_core.package_identification:_identify(src) by extensions ['ignore', 'ignore_ament_install']
[4.566s] Level 1:colcon.colcon_core.package_identification:_identify(src) by extension 'ignore'
[4.566s] Level 1:colcon.colcon_core.package_identification:_identify(src) by extension 'ignore_ament_install'
[4.566s] Level 1:colcon.colcon_core.package_identification:_identify(src) by extensions ['colcon_pkg']
[4.566s] Level 1:colcon.colcon_core.package_identification:_identify(src) by extension 'colcon_pkg'
[4.566s] Level 1:colcon.colcon_core.package_identification:_identify(src) by extensions ['colcon_meta']
[4.566s] Level 1:colcon.colcon_core.package_identification:_identify(src) by extension 'colcon_meta'
[4.566s] Level 1:colcon.colcon_core.package_identification:_identify(src) by extensions ['ros']
[4.566s] Level 1:colcon.colcon_core.package_identification:_identify(src) by extension 'ros'
[4.567s] Level 1:colcon.colcon_core.package_identification:_identify(src) by extensions ['cmake', 'python']
[4.567s] Level 1:colcon.colcon_core.package_identification:_identify(src) by extension 'cmake'
[4.567s] Level 1:colcon.colcon_core.package_identification:_identify(src) by extension 'python'
[4.567s] Level 1:colcon.colcon_core.package_identification:_identify(src) by extensions ['python_setup_py']
[4.567s] Level 1:colcon.colcon_core.package_identification:_identify(src) by extension 'python_setup_py'
[4.567s] Level 1:colcon.colcon_core.package_identification:_identify(src/build) by extensions ['ignore', 'ignore_ament_install']
[4.567s] Level 1:colcon.colcon_core.package_identification:_identify(src/build) by extension 'ignore'
[4.567s] Level 1:colcon.colcon_core.package_identification:_identify(src/build) ignored
[4.567s] Level 1:colcon.colcon_core.package_identification:_identify(src/cpp_pubsub) by extensions ['ignore', 'ignore_ament_install']
[4.567s] Level 1:colcon.colcon_core.package_identification:_identify(src/cpp_pubsub) by extension 'ignore'
[4.567s] Level 1:colcon.colcon_core.package_identification:_identify(src/cpp_pubsub) by extension 'ignore_ament_install'
[4.567s] Level 1:colcon.colcon_core.package_identification:_identify(src/cpp_pubsub) by extensions ['colcon_pkg']
[4.567s] Level 1:colcon.colcon_core.package_identification:_identify(src/cpp_pubsub) by extension 'colcon_pkg'
[4.567s] Level 1:colcon.colcon_core.package_identification:_identify(src/cpp_pubsub) by extensions ['colcon_meta']
[4.567s] Level 1:colcon.colcon_core.package_identification:_identify(src/cpp_pubsub) by extension 'colcon_meta'
[4.567s] Level 1:colcon.colcon_core.package_identification:_identify(src/cpp_pubsub) by extensions ['ros']
[4.567s] Level 1:colcon.colcon_core.package_identification:_identify(src/cpp_pubsub) by extension 'ros'
[4.570s] DEBUG:colcon.colcon_core.package_identification:Package 'src/cpp_pubsub' with type 'ros.ament_cmake' and name 'cpp_pubsub'
[4.570s] Level 1:colcon.colcon_core.package_identification:_identify(src/esp_package_temp) by extensions ['ignore', 'ignore_ament_install']
[4.571s] Level 1:colcon.colcon_core.package_identification:_identify(src/esp_package_temp) by extension 'ignore'
[4.571s] Level 1:colcon.colcon_core.package_identification:_identify(src/esp_package_temp) by extension 'ignore_ament_install'
[4.571s] Level 1:colcon.colcon_core.package_identification:_identify(src/esp_package_temp) by extensions ['colcon_pkg']
[4.571s] Level 1:colcon.colcon_core.package_identification:_identify(src/esp_package_temp) by extension 'colcon_pkg'
[4.571s] Level 1:colcon.colcon_core.package_identification:_identify(src/esp_package_temp) by extensions ['colcon_meta']
[4.571s] Level 1:colcon.colcon_core.package_identification:_identify(src/esp_package_temp) by extension 'colcon_meta'
[4.571s] Level 1:colcon.colcon_core.package_identification:_identify(src/esp_package_temp) by extensions ['ros']
[4.571s] Level 1:colcon.colcon_core.package_identification:_identify(src/esp_package_temp) by extension 'ros'
[4.572s] DEBUG:colcon.colcon_core.package_identification:Package 'src/esp_package_temp' with type 'ros.ament_cmake' and name 'esp_package_temp'
[4.572s] Level 1:colcon.colcon_core.package_identification:_identify(src/install) by extensions ['ignore', 'ignore_ament_install']
[4.572s] Level 1:colcon.colcon_core.package_identification:_identify(src/install) by extension 'ignore'
[4.572s] Level 1:colcon.colcon_core.package_identification:_identify(src/install) ignored
[4.572s] Level 1:colcon.colcon_core.package_identification:_identify(src/log) by extensions ['ignore', 'ignore_ament_install']
[4.572s] Level 1:colcon.colcon_core.package_identification:_identify(src/log) by extension 'ignore'
[4.572s] Level 1:colcon.colcon_core.package_identification:_identify(src/log) ignored
[4.572s] Level 1:colcon.colcon_core.package_identification:_identify(src/ros_node_temp) by extensions ['ignore', 'ignore_ament_install']
[4.572s] Level 1:colcon.colcon_core.package_identification:_identify(src/ros_node_temp) by extension 'ignore'
[4.572s] Level 1:colcon.colcon_core.package_identification:_identify(src/ros_node_temp) by extension 'ignore_ament_install'
[4.572s] Level 1:colcon.colcon_core.package_identification:_identify(src/ros_node_temp) by extensions ['colcon_pkg']
[4.572s] Level 1:colcon.colcon_core.package_identification:_identify(src/ros_node_temp) by extension 'colcon_pkg'
[4.572s] Level 1:colcon.colcon_core.package_identification:_identify(src/ros_node_temp) by extensions ['colcon_meta']
[4.572s] Level 1:colcon.colcon_core.package_identification:_identify(src/ros_node_temp) by extension 'colcon_meta'
[4.572s] Level 1:colcon.colcon_core.package_identification:_identify(src/ros_node_temp) by extensions ['ros']
[4.572s] Level 1:colcon.colcon_core.package_identification:_identify(src/ros_node_temp) by extension 'ros'
[4.573s] DEBUG:colcon.colcon_core.package_identification:Package 'src/ros_node_temp' with type 'ros.ament_cmake' and name 'ros_node_temp'
[4.573s] Level 1:colcon.colcon_core.package_discovery:discover_packages(recursive) using defaults
[4.573s] Level 1:colcon.colcon_core.package_discovery:discover_packages(ignore) discover
[4.573s] Level 1:colcon.colcon_core.package_discovery:discover_packages(ignore) using defaults
[4.573s] Level 1:colcon.colcon_core.package_discovery:discover_packages(path) discover
[4.573s] Level 1:colcon.colcon_core.package_discovery:discover_packages(path) using defaults
[4.640s] Level 1:colcon.colcon_core.package_discovery:discover_packages(prefix_path) check parameters
[4.640s] Level 1:colcon.colcon_core.package_discovery:discover_packages(prefix_path) discover
[4.666s] DEBUG:colcon.colcon_installed_package_information.package_discovery:Found 281 installed packages in /opt/ros/iron
[4.667s] Level 1:colcon.colcon_core.package_discovery:discover_packages(prefix_path) using defaults
[4.717s] Level 5:colcon.colcon_core.verb:set package 'cpp_pubsub' build argument 'cmake_args' from command line to 'None'
[4.717s] Level 5:colcon.colcon_core.verb:set package 'cpp_pubsub' build argument 'cmake_target' from command line to 'None'
[4.717s] Level 5:colcon.colcon_core.verb:set package 'cpp_pubsub' build argument 'cmake_target_skip_unavailable' from command line to 'False'
[4.717s] Level 5:colcon.colcon_core.verb:set package 'cpp_pubsub' build argument 'cmake_clean_cache' from command line to 'False'
[4.717s] Level 5:colcon.colcon_core.verb:set package 'cpp_pubsub' build argument 'cmake_clean_first' from command line to 'False'
[4.717s] Level 5:colcon.colcon_core.verb:set package 'cpp_pubsub' build argument 'cmake_force_configure' from command line to 'False'
[4.717s] Level 5:colcon.colcon_core.verb:set package 'cpp_pubsub' build argument 'ament_cmake_args' from command line to 'None'
[4.717s] Level 5:colcon.colcon_core.verb:set package 'cpp_pubsub' build argument 'catkin_cmake_args' from command line to 'None'
[4.717s] Level 5:colcon.colcon_core.verb:set package 'cpp_pubsub' build argument 'catkin_skip_building_tests' from command line to 'False'
[4.717s] DEBUG:colcon.colcon_core.verb:Building package 'cpp_pubsub' with the following arguments: {'ament_cmake_args': None, 'build_base': '/home/calper/ros2_ws/build/cpp_pubsub', 'catkin_cmake_args': None, 'catkin_skip_building_tests': False, 'cmake_args': None, 'cmake_clean_cache': False, 'cmake_clean_first': False, 'cmake_force_configure': False, 'cmake_target': None, 'cmake_target_skip_unavailable': False, 'install_base': '/home/calper/ros2_ws/install/cpp_pubsub', 'merge_install': False, 'path': '/home/calper/ros2_ws/src/cpp_pubsub', 'symlink_install': False, 'test_result_base': None}
[4.728s] Level 5:colcon.colcon_core.verb:set package 'esp_package_temp' build argument 'cmake_args' from command line to 'None'
[4.728s] Level 5:colcon.colcon_core.verb:set package 'esp_package_temp' build argument 'cmake_target' from command line to 'None'
[4.728s] Level 5:colcon.colcon_core.verb:set package 'esp_package_temp' build argument 'cmake_target_skip_unavailable' from command line to 'False'
[4.728s] Level 5:colcon.colcon_core.verb:set package 'esp_package_temp' build argument 'cmake_clean_cache' from command line to 'False'
[4.728s] Level 5:colcon.colcon_core.verb:set package 'esp_package_temp' build argument 'cmake_clean_first' from command line to 'False'
[4.728s] Level 5:colcon.colcon_core.verb:set package 'esp_package_temp' build argument 'cmake_force_configure' from command line to 'False'
[4.728s] Level 5:colcon.colcon_core.verb:set package 'esp_package_temp' build argument 'ament_cmake_args' from command line to 'None'
[4.728s] Level 5:colcon.colcon_core.verb:set package 'esp_package_temp' build argument 'catkin_cmake_args' from command line to 'None'
[4.728s] Level 5:colcon.colcon_core.verb:set package 'esp_package_temp' build argument 'catkin_skip_building_tests' from command line to 'False'
[4.728s] DEBUG:colcon.colcon_core.verb:Building package 'esp_package_temp' with the following arguments: {'ament_cmake_args': None, 'build_base': '/home/calper/ros2_ws/build/esp_package_temp', 'catkin_cmake_args': None, 'catkin_skip_building_tests': False, 'cmake_args': None, 'cmake_clean_cache': False, 'cmake_clean_first': False, 'cmake_force_configure': False, 'cmake_target': None, 'cmake_target_skip_unavailable': False, 'install_base': '/home/calper/ros2_ws/install/esp_package_temp', 'merge_install': False, 'path': '/home/calper/ros2_ws/src/esp_package_temp', 'symlink_install': False, 'test_result_base': None}
[4.738s] Level 5:colcon.colcon_core.verb:set package 'ros_node_temp' build argument 'cmake_args' from command line to 'None'
[4.738s] Level 5:colcon.colcon_core.verb:set package 'ros_node_temp' build argument 'cmake_target' from command line to 'None'
[4.738s] Level 5:colcon.colcon_core.verb:set package 'ros_node_temp' build argument 'cmake_target_skip_unavailable' from command line to 'False'
[4.738s] Level 5:colcon.colcon_core.verb:set package 'ros_node_temp' build argument 'cmake_clean_cache' from command line to 'False'
[4.738s] Level 5:colcon.colcon_core.verb:set package 'ros_node_temp' build argument 'cmake_clean_first' from command line to 'False'
[4.738s] Level 5:colcon.colcon_core.verb:set package 'ros_node_temp' build argument 'cmake_force_configure' from command line to 'False'
[4.738s] Level 5:colcon.colcon_core.verb:set package 'ros_node_temp' build argument 'ament_cmake_args' from command line to 'None'
[4.738s] Level 5:colcon.colcon_core.verb:set package 'ros_node_temp' build argument 'catkin_cmake_args' from command line to 'None'
[4.738s] Level 5:colcon.colcon_core.verb:set package 'ros_node_temp' build argument 'catkin_skip_building_tests' from command line to 'False'
[4.738s] DEBUG:colcon.colcon_core.verb:Building package 'ros_node_temp' with the following arguments: {'ament_cmake_args': None, 'build_base': '/home/calper/ros2_ws/build/ros_node_temp', 'catkin_cmake_args': None, 'catkin_skip_building_tests': False, 'cmake_args': None, 'cmake_clean_cache': False, 'cmake_clean_first': False, 'cmake_force_configure': False, 'cmake_target': None, 'cmake_target_skip_unavailable': False, 'install_base': '/home/calper/ros2_ws/install/ros_node_temp', 'merge_install': False, 'path': '/home/calper/ros2_ws/src/ros_node_temp', 'symlink_install': False, 'test_result_base': None}
[4.748s] INFO:colcon.colcon_core.executor:Executing jobs using 'parallel' executor
[4.766s] DEBUG:colcon.colcon_parallel_executor.executor.parallel:run_until_complete
[4.766s] INFO:colcon.colcon_ros.task.ament_cmake.build:Building ROS package in '/home/calper/ros2_ws/src/cpp_pubsub' with build type 'ament_cmake'
[4.766s] INFO:colcon.colcon_cmake.task.cmake.build:Building CMake package in '/home/calper/ros2_ws/src/cpp_pubsub'
[4.778s] INFO:colcon.colcon_core.plugin_system:Skipping extension 'colcon_core.shell.bat': Not used on non-Windows systems
[4.778s] INFO:colcon.colcon_core.shell:Skip shell extension 'powershell' for command environment: Not usable outside of PowerShell
[4.778s] DEBUG:colcon.colcon_core.shell:Skip shell extension 'dsv' for command environment
[4.800s] INFO:colcon.colcon_ros.task.ament_cmake.build:Building ROS package in '/home/calper/ros2_ws/src/esp_package_temp' with build type 'ament_cmake'
[4.800s] INFO:colcon.colcon_cmake.task.cmake.build:Building CMake package in '/home/calper/ros2_ws/src/esp_package_temp'
[4.811s] INFO:colcon.colcon_core.shell:Skip shell extension 'powershell' for command environment: Not usable outside of PowerShell
[4.811s] DEBUG:colcon.colcon_core.shell:Skip shell extension 'dsv' for command environment
[4.834s] INFO:colcon.colcon_ros.task.ament_cmake.build:Building ROS package in '/home/calper/ros2_ws/src/ros_node_temp' with build type 'ament_cmake'
[4.834s] INFO:colcon.colcon_cmake.task.cmake.build:Building CMake package in '/home/calper/ros2_ws/src/ros_node_temp'
[4.845s] INFO:colcon.colcon_core.shell:Skip shell extension 'powershell' for command environment: Not usable outside of PowerShell
[4.845s] DEBUG:colcon.colcon_core.shell:Skip shell extension 'dsv' for command environment
[4.877s] DEBUG:colcon.colcon_core.event_handler.log_command:Invoking command in '/home/calper/ros2_ws/build/cpp_pubsub': CMAKE_PREFIX_PATH=/opt/ros/iron /usr/bin/cmake --build /home/calper/ros2_ws/build/cpp_pubsub -- -j16 -l16
[4.881s] DEBUG:colcon.colcon_core.event_handler.log_command:Invoking command in '/home/calper/ros2_ws/build/esp_package_temp': CMAKE_PREFIX_PATH=/opt/ros/iron /usr/bin/cmake --build /home/calper/ros2_ws/build/esp_package_temp -- -j16 -l16
[4.889s] DEBUG:colcon.colcon_core.event_handler.log_command:Invoking command in '/home/calper/ros2_ws/build/ros_node_temp': CMAKE_PREFIX_PATH=/opt/ros/iron /usr/bin/cmake --build /home/calper/ros2_ws/build/ros_node_temp -- -j16 -l16
[4.913s] DEBUG:colcon.colcon_core.event_handler.log_command:Invoked command in '/home/calper/ros2_ws/build/esp_package_temp' returned '0': CMAKE_PREFIX_PATH=/opt/ros/iron /usr/bin/cmake --build /home/calper/ros2_ws/build/esp_package_temp -- -j16 -l16
[4.928s] DEBUG:colcon.colcon_core.event_handler.log_command:Invoking command in '/home/calper/ros2_ws/build/esp_package_temp': CMAKE_PREFIX_PATH=/opt/ros/iron /usr/bin/cmake --install /home/calper/ros2_ws/build/esp_package_temp
[4.932s] DEBUG:colcon.colcon_core.event_handler.log_command:Invoked command in '/home/calper/ros2_ws/build/ros_node_temp' returned '0': CMAKE_PREFIX_PATH=/opt/ros/iron /usr/bin/cmake --build /home/calper/ros2_ws/build/ros_node_temp -- -j16 -l16
[4.933s] Level 1:colcon.colcon_core.environment:create_environment_scripts_only(esp_package_temp)
[4.934s] DEBUG:colcon.colcon_core.event_handler.log_command:Invoked command in '/home/calper/ros2_ws/build/esp_package_temp' returned '0': CMAKE_PREFIX_PATH=/opt/ros/iron /usr/bin/cmake --install /home/calper/ros2_ws/build/esp_package_temp
[4.947s] Level 1:colcon.colcon_core.environment:checking '/home/calper/ros2_ws/install/esp_package_temp' for CMake module files
[4.947s] Level 1:colcon.colcon_core.environment:checking '/home/calper/ros2_ws/install/esp_package_temp' for CMake config files
[4.947s] Level 1:colcon.colcon_core.shell:create_environment_hook('esp_package_temp', 'cmake_prefix_path')
[4.956s] INFO:colcon.colcon_core.shell:Creating environment hook '/home/calper/ros2_ws/install/esp_package_temp/share/esp_package_temp/hook/cmake_prefix_path.ps1'
[4.956s] INFO:colcon.colcon_core.shell:Creating environment descriptor '/home/calper/ros2_ws/install/esp_package_temp/share/esp_package_temp/hook/cmake_prefix_path.dsv'
[4.957s] INFO:colcon.colcon_core.shell:Creating environment hook '/home/calper/ros2_ws/install/esp_package_temp/share/esp_package_temp/hook/cmake_prefix_path.sh'
[4.957s] Level 1:colcon.colcon_core.environment:checking '/home/calper/ros2_ws/install/esp_package_temp/lib'
[4.957s] Level 1:colcon.colcon_core.environment:checking '/home/calper/ros2_ws/install/esp_package_temp/bin'
[4.958s] Level 1:colcon.colcon_core.environment:checking '/home/calper/ros2_ws/install/esp_package_temp/lib/pkgconfig/esp_package_temp.pc'
[4.958s] Level 1:colcon.colcon_core.environment:checking '/home/calper/ros2_ws/install/esp_package_temp/lib/python3.10/site-packages'
[4.958s] Level 1:colcon.colcon_core.environment:checking '/home/calper/ros2_ws/install/esp_package_temp/bin'
[4.967s] INFO:colcon.colcon_core.shell:Creating package script '/home/calper/ros2_ws/install/esp_package_temp/share/esp_package_temp/package.ps1'
[4.967s] INFO:colcon.colcon_core.shell:Creating package descriptor '/home/calper/ros2_ws/install/esp_package_temp/share/esp_package_temp/package.dsv'
[4.968s] INFO:colcon.colcon_core.shell:Creating package script '/home/calper/ros2_ws/install/esp_package_temp/share/esp_package_temp/package.sh'
[4.968s] INFO:colcon.colcon_core.shell:Creating package script '/home/calper/ros2_ws/install/esp_package_temp/share/esp_package_temp/package.bash'
[4.969s] INFO:colcon.colcon_core.shell:Creating package script '/home/calper/ros2_ws/install/esp_package_temp/share/esp_package_temp/package.zsh'
[4.969s] Level 1:colcon.colcon_core.environment:create_file_with_runtime_dependencies(/home/calper/ros2_ws/install/esp_package_temp/share/colcon-core/packages/esp_package_temp)
[4.971s] DEBUG:colcon.colcon_core.event_handler.log_command:Invoked command in '/home/calper/ros2_ws/build/cpp_pubsub' returned '0': CMAKE_PREFIX_PATH=/opt/ros/iron /usr/bin/cmake --build /home/calper/ros2_ws/build/cpp_pubsub -- -j16 -l16
[4.972s] DEBUG:colcon.colcon_core.event_handler.log_command:Invoking command in '/home/calper/ros2_ws/build/ros_node_temp': CMAKE_PREFIX_PATH=/opt/ros/iron /usr/bin/cmake --install /home/calper/ros2_ws/build/ros_node_temp
[4.978s] Level 1:colcon.colcon_core.environment:create_environment_scripts_only(ros_node_temp)
[4.978s] DEBUG:colcon.colcon_core.event_handler.log_command:Invoked command in '/home/calper/ros2_ws/build/ros_node_temp' returned '0': CMAKE_PREFIX_PATH=/opt/ros/iron /usr/bin/cmake --install /home/calper/ros2_ws/build/ros_node_temp
[4.988s] Level 1:colcon.colcon_core.environment:checking '/home/calper/ros2_ws/install/ros_node_temp' for CMake module files
[4.989s] Level 1:colcon.colcon_core.environment:checking '/home/calper/ros2_ws/install/ros_node_temp' for CMake config files
[4.989s] Level 1:colcon.colcon_core.shell:create_environment_hook('ros_node_temp', 'cmake_prefix_path')
[4.998s] INFO:colcon.colcon_core.shell:Creating environment hook '/home/calper/ros2_ws/install/ros_node_temp/share/ros_node_temp/hook/cmake_prefix_path.ps1'
[4.998s] INFO:colcon.colcon_core.shell:Creating environment descriptor '/home/calper/ros2_ws/install/ros_node_temp/share/ros_node_temp/hook/cmake_prefix_path.dsv'
[4.999s] INFO:colcon.colcon_core.shell:Creating environment hook '/home/calper/ros2_ws/install/ros_node_temp/share/ros_node_temp/hook/cmake_prefix_path.sh'
[4.999s] Level 1:colcon.colcon_core.environment:checking '/home/calper/ros2_ws/install/ros_node_temp/lib'
[4.999s] Level 1:colcon.colcon_core.environment:checking '/home/calper/ros2_ws/install/ros_node_temp/bin'
[4.999s] Level 1:colcon.colcon_core.environment:checking '/home/calper/ros2_ws/install/ros_node_temp/lib/pkgconfig/ros_node_temp.pc'
[4.999s] Level 1:colcon.colcon_core.environment:checking '/home/calper/ros2_ws/install/ros_node_temp/lib/python3.10/site-packages'
[4.999s] Level 1:colcon.colcon_core.environment:checking '/home/calper/ros2_ws/install/ros_node_temp/bin'
[5.009s] INFO:colcon.colcon_core.shell:Creating package script '/home/calper/ros2_ws/install/ros_node_temp/share/ros_node_temp/package.ps1'
[5.009s] INFO:colcon.colcon_core.shell:Creating package descriptor '/home/calper/ros2_ws/install/ros_node_temp/share/ros_node_temp/package.dsv'
[5.009s] INFO:colcon.colcon_core.shell:Creating package script '/home/calper/ros2_ws/install/ros_node_temp/share/ros_node_temp/package.sh'
[5.010s] INFO:colcon.colcon_core.shell:Creating package script '/home/calper/ros2_ws/install/ros_node_temp/share/ros_node_temp/package.bash'
[5.010s] INFO:colcon.colcon_core.shell:Creating package script '/home/calper/ros2_ws/install/ros_node_temp/share/ros_node_temp/package.zsh'
[5.010s] Level 1:colcon.colcon_core.environment:create_file_with_runtime_dependencies(/home/calper/ros2_ws/install/ros_node_temp/share/colcon-core/packages/ros_node_temp)
[5.021s] Level 1:colcon.colcon_core.environment:create_environment_scripts_only(esp_package_temp)
[5.032s] Level 1:colcon.colcon_core.environment:checking '/home/calper/ros2_ws/install/esp_package_temp' for CMake module files
[5.032s] Level 1:colcon.colcon_core.environment:checking '/home/calper/ros2_ws/install/esp_package_temp' for CMake config files
[5.033s] Level 1:colcon.colcon_core.shell:create_environment_hook('esp_package_temp', 'cmake_prefix_path')
[5.043s] INFO:colcon.colcon_core.shell:Creating environment hook '/home/calper/ros2_ws/install/esp_package_temp/share/esp_package_temp/hook/cmake_prefix_path.ps1'
[5.043s] INFO:colcon.colcon_core.shell:Creating environment descriptor '/home/calper/ros2_ws/install/esp_package_temp/share/esp_package_temp/hook/cmake_prefix_path.dsv'
[5.044s] INFO:colcon.colcon_core.shell:Creating environment hook '/home/calper/ros2_ws/install/esp_package_temp/share/esp_package_temp/hook/cmake_prefix_path.sh'
[5.044s] Level 1:colcon.colcon_core.environment:checking '/home/calper/ros2_ws/install/esp_package_temp/lib'
[5.044s] Level 1:colcon.colcon_core.environment:checking '/home/calper/ros2_ws/install/esp_package_temp/bin'
[5.044s] Level 1:colcon.colcon_core.environment:checking '/home/calper/ros2_ws/install/esp_package_temp/lib/pkgconfig/esp_package_temp.pc'
[5.044s] Level 1:colcon.colcon_core.environment:checking '/home/calper/ros2_ws/install/esp_package_temp/lib/python3.10/site-packages'
[5.044s] Level 1:colcon.colcon_core.environment:checking '/home/calper/ros2_ws/install/esp_package_temp/bin'
[5.055s] INFO:colcon.colcon_core.shell:Creating package script '/home/calper/ros2_ws/install/esp_package_temp/share/esp_package_temp/package.ps1'
[5.056s] INFO:colcon.colcon_core.shell:Creating package descriptor '/home/calper/ros2_ws/install/esp_package_temp/share/esp_package_temp/package.dsv'
[5.056s] INFO:colcon.colcon_core.shell:Creating package script '/home/calper/ros2_ws/install/esp_package_temp/share/esp_package_temp/package.sh'
[5.056s] INFO:colcon.colcon_core.shell:Creating package script '/home/calper/ros2_ws/install/esp_package_temp/share/esp_package_temp/package.bash'
[5.056s] INFO:colcon.colcon_core.shell:Creating package script '/home/calper/ros2_ws/install/esp_package_temp/share/esp_package_temp/package.zsh'
[5.057s] Level 1:colcon.colcon_core.environment:create_file_with_runtime_dependencies(/home/calper/ros2_ws/install/esp_package_temp/share/colcon-core/packages/esp_package_temp)
[5.059s] DEBUG:colcon.colcon_core.event_handler.log_command:Invoking command in '/home/calper/ros2_ws/build/cpp_pubsub': CMAKE_PREFIX_PATH=/opt/ros/iron /usr/bin/cmake --install /home/calper/ros2_ws/build/cpp_pubsub
[5.074s] Level 1:colcon.colcon_core.environment:create_environment_scripts_only(ros_node_temp)
[5.084s] Level 1:colcon.colcon_core.environment:checking '/home/calper/ros2_ws/install/ros_node_temp' for CMake module files
[5.084s] Level 1:colcon.colcon_core.environment:checking '/home/calper/ros2_ws/install/ros_node_temp' for CMake config files
[5.085s] Level 1:colcon.colcon_core.shell:create_environment_hook('ros_node_temp', 'cmake_prefix_path')
[5.095s] INFO:colcon.colcon_core.shell:Creating environment hook '/home/calper/ros2_ws/install/ros_node_temp/share/ros_node_temp/hook/cmake_prefix_path.ps1'
[5.095s] INFO:colcon.colcon_core.shell:Creating environment descriptor '/home/calper/ros2_ws/install/ros_node_temp/share/ros_node_temp/hook/cmake_prefix_path.dsv'
[5.095s] INFO:colcon.colcon_core.shell:Creating environment hook '/home/calper/ros2_ws/install/ros_node_temp/share/ros_node_temp/hook/cmake_prefix_path.sh'
[5.095s] Level 1:colcon.colcon_core.environment:checking '/home/calper/ros2_ws/install/ros_node_temp/lib'
[5.095s] Level 1:colcon.colcon_core.environment:checking '/home/calper/ros2_ws/install/ros_node_temp/bin'
[5.096s] Level 1:colcon.colcon_core.environment:checking '/home/calper/ros2_ws/install/ros_node_temp/lib/pkgconfig/ros_node_temp.pc'
[5.096s] Level 1:colcon.colcon_core.environment:checking '/home/calper/ros2_ws/install/ros_node_temp/lib/python3.10/site-packages'
[5.096s] Level 1:colcon.colcon_core.environment:checking '/home/calper/ros2_ws/install/ros_node_temp/bin'
[5.106s] INFO:colcon.colcon_core.shell:Creating package script '/home/calper/ros2_ws/install/ros_node_temp/share/ros_node_temp/package.ps1'
[5.107s] INFO:colcon.colcon_core.shell:Creating package descriptor '/home/calper/ros2_ws/install/ros_node_temp/share/ros_node_temp/package.dsv'
[5.107s] INFO:colcon.colcon_core.shell:Creating package script '/home/calper/ros2_ws/install/ros_node_temp/share/ros_node_temp/package.sh'
[5.107s] INFO:colcon.colcon_core.shell:Creating package script '/home/calper/ros2_ws/install/ros_node_temp/share/ros_node_temp/package.bash'
[5.107s] INFO:colcon.colcon_core.shell:Creating package script '/home/calper/ros2_ws/install/ros_node_temp/share/ros_node_temp/package.zsh'
[5.108s] Level 1:colcon.colcon_core.environment:create_file_with_runtime_dependencies(/home/calper/ros2_ws/install/ros_node_temp/share/colcon-core/packages/ros_node_temp)
[5.108s] Level 1:colcon.colcon_core.environment:create_environment_scripts_only(cpp_pubsub)
[5.109s] DEBUG:colcon.colcon_core.event_handler.log_command:Invoked command in '/home/calper/ros2_ws/build/cpp_pubsub' returned '0': CMAKE_PREFIX_PATH=/opt/ros/iron /usr/bin/cmake --install /home/calper/ros2_ws/build/cpp_pubsub
[5.119s] Level 1:colcon.colcon_core.environment:checking '/home/calper/ros2_ws/install/cpp_pubsub' for CMake module files
[5.120s] Level 1:colcon.colcon_core.environment:checking '/home/calper/ros2_ws/install/cpp_pubsub' for CMake config files
[5.120s] Level 1:colcon.colcon_core.shell:create_environment_hook('cpp_pubsub', 'cmake_prefix_path')
[5.130s] INFO:colcon.colcon_core.shell:Creating environment hook '/home/calper/ros2_ws/install/cpp_pubsub/share/cpp_pubsub/hook/cmake_prefix_path.ps1'
[5.131s] INFO:colcon.colcon_core.shell:Creating environment descriptor '/home/calper/ros2_ws/install/cpp_pubsub/share/cpp_pubsub/hook/cmake_prefix_path.dsv'
[5.131s] INFO:colcon.colcon_core.shell:Creating environment hook '/home/calper/ros2_ws/install/cpp_pubsub/share/cpp_pubsub/hook/cmake_prefix_path.sh'
[5.131s] Level 1:colcon.colcon_core.environment:checking '/home/calper/ros2_ws/install/cpp_pubsub/lib'
[5.131s] Level 1:colcon.colcon_core.environment:checking '/home/calper/ros2_ws/install/cpp_pubsub/bin'
[5.132s] Level 1:colcon.colcon_core.environment:checking '/home/calper/ros2_ws/install/cpp_pubsub/lib/pkgconfig/cpp_pubsub.pc'
[5.132s] Level 1:colcon.colcon_core.environment:checking '/home/calper/ros2_ws/install/cpp_pubsub/lib/python3.10/site-packages'
[5.132s] Level 1:colcon.colcon_core.environment:checking '/home/calper/ros2_ws/install/cpp_pubsub/bin'
[5.142s] INFO:colcon.colcon_core.shell:Creating package script '/home/calper/ros2_ws/install/cpp_pubsub/share/cpp_pubsub/package.ps1'
[5.143s] INFO:colcon.colcon_core.shell:Creating package descriptor '/home/calper/ros2_ws/install/cpp_pubsub/share/cpp_pubsub/package.dsv'
[5.143s] INFO:colcon.colcon_core.shell:Creating package script '/home/calper/ros2_ws/install/cpp_pubsub/share/cpp_pubsub/package.sh'
[5.143s] INFO:colcon.colcon_core.shell:Creating package script '/home/calper/ros2_ws/install/cpp_pubsub/share/cpp_pubsub/package.bash'
[5.143s] INFO:colcon.colcon_core.shell:Creating package script '/home/calper/ros2_ws/install/cpp_pubsub/share/cpp_pubsub/package.zsh'
[5.144s] Level 1:colcon.colcon_core.environment:create_file_with_runtime_dependencies(/home/calper/ros2_ws/install/cpp_pubsub/share/colcon-core/packages/cpp_pubsub)
[5.169s] Level 1:colcon.colcon_core.environment:create_environment_scripts_only(cpp_pubsub)
[5.179s] Level 1:colcon.colcon_core.environment:checking '/home/calper/ros2_ws/install/cpp_pubsub' for CMake module files
[5.179s] Level 1:colcon.colcon_core.environment:checking '/home/calper/ros2_ws/install/cpp_pubsub' for CMake config files
[5.179s] Level 1:colcon.colcon_core.shell:create_environment_hook('cpp_pubsub', 'cmake_prefix_path')
[5.190s] INFO:colcon.colcon_core.shell:Creating environment hook '/home/calper/ros2_ws/install/cpp_pubsub/share/cpp_pubsub/hook/cmake_prefix_path.ps1'
[5.190s] INFO:colcon.colcon_core.shell:Creating environment descriptor '/home/calper/ros2_ws/install/cpp_pubsub/share/cpp_pubsub/hook/cmake_prefix_path.dsv'
[5.190s] INFO:colcon.colcon_core.shell:Creating environment hook '/home/calper/ros2_ws/install/cpp_pubsub/share/cpp_pubsub/hook/cmake_prefix_path.sh'
[5.191s] Level 1:colcon.colcon_core.environment:checking '/home/calper/ros2_ws/install/cpp_pubsub/lib'
[5.191s] Level 1:colcon.colcon_core.environment:checking '/home/calper/ros2_ws/install/cpp_pubsub/bin'
[5.191s] Level 1:colcon.colcon_core.environment:checking '/home/calper/ros2_ws/install/cpp_pubsub/lib/pkgconfig/cpp_pubsub.pc'
[5.191s] Level 1:colcon.colcon_core.environment:checking '/home/calper/ros2_ws/install/cpp_pubsub/lib/python3.10/site-packages'
[5.191s] Level 1:colcon.colcon_core.environment:checking '/home/calper/ros2_ws/install/cpp_pubsub/bin'
[5.202s] INFO:colcon.colcon_core.shell:Creating package script '/home/calper/ros2_ws/install/cpp_pubsub/share/cpp_pubsub/package.ps1'
[5.202s] INFO:colcon.colcon_core.shell:Creating package descriptor '/home/calper/ros2_ws/install/cpp_pubsub/share/cpp_pubsub/package.dsv'
[5.203s] INFO:colcon.colcon_core.shell:Creating package script '/home/calper/ros2_ws/install/cpp_pubsub/share/cpp_pubsub/package.sh'
[5.203s] INFO:colcon.colcon_core.shell:Creating package script '/home/calper/ros2_ws/install/cpp_pubsub/share/cpp_pubsub/package.bash'
[5.203s] INFO:colcon.colcon_core.shell:Creating package script '/home/calper/ros2_ws/install/cpp_pubsub/share/cpp_pubsub/package.zsh'
[5.203s] Level 1:colcon.colcon_core.environment:create_file_with_runtime_dependencies(/home/calper/ros2_ws/install/cpp_pubsub/share/colcon-core/packages/cpp_pubsub)
[5.204s] DEBUG:colcon.colcon_parallel_executor.executor.parallel:closing loop
[5.204s] DEBUG:colcon.colcon_parallel_executor.executor.parallel:loop closed
[5.204s] DEBUG:colcon.colcon_parallel_executor.executor.parallel:run_until_complete finished with '0'
[5.204s] DEBUG:colcon.colcon_core.event_reactor:joining thread
[5.220s] INFO:colcon.colcon_core.plugin_system:Skipping extension 'colcon_notification.desktop_notification.notify_send': Could not find 'notify-send'
[5.220s] INFO:colcon.colcon_core.plugin_system:Skipping extension 'colcon_notification.desktop_notification.terminal_notifier': Not used on non-Darwin systems
[5.220s] INFO:colcon.colcon_core.plugin_system:Skipping extension 'colcon_notification.desktop_notification.win32': Not used on non-Windows systems
[5.220s] INFO:colcon.colcon_notification.desktop_notification:Sending desktop notification using 'notify2'
[5.235s] DEBUG:colcon.colcon_core.event_reactor:joined thread
[5.246s] INFO:colcon.colcon_core.shell:Creating prefix script '/home/calper/ros2_ws/install/local_setup.ps1'
[5.247s] INFO:colcon.colcon_core.shell:Creating prefix util module '/home/calper/ros2_ws/install/_local_setup_util_ps1.py'
[5.248s] INFO:colcon.colcon_core.shell:Creating prefix chain script '/home/calper/ros2_ws/install/setup.ps1'
[5.259s] INFO:colcon.colcon_core.shell:Creating prefix script '/home/calper/ros2_ws/install/local_setup.sh'
[5.260s] INFO:colcon.colcon_core.shell:Creating prefix util module '/home/calper/ros2_ws/install/_local_setup_util_sh.py'
[5.260s] INFO:colcon.colcon_core.shell:Creating prefix chain script '/home/calper/ros2_ws/install/setup.sh'
[5.272s] INFO:colcon.colcon_core.shell:Creating prefix script '/home/calper/ros2_ws/install/local_setup.bash'
[5.273s] INFO:colcon.colcon_core.shell:Creating prefix chain script '/home/calper/ros2_ws/install/setup.bash'
[5.284s] INFO:colcon.colcon_core.shell:Creating prefix script '/home/calper/ros2_ws/install/local_setup.zsh'
[5.285s] INFO:colcon.colcon_core.shell:Creating prefix chain script '/home/calper/ros2_ws/install/setup.zsh'
