[0.639s] DEBUG:colcon:Command line arguments: ['/usr/bin/colcon', 'build', '--packages-select', 'cpp_pubsub']
[0.639s] DEBUG:colcon:Parsed command line arguments: Namespace(log_base=None, log_level=None, verb_name='build', build_base='build', install_base='install', merge_install=False, symlink_install=False, test_result_base=None, continue_on_error=False, executor='parallel', parallel_workers=16, event_handlers=None, ignore_user_meta=False, metas=['./colcon.meta'], base_paths=['.'], packages_ignore=None, packages_ignore_regex=None, paths=None, packages_up_to=None, packages_up_to_regex=None, packages_above=None, packages_above_and_dependencies=None, packages_above_depth=None, packages_select_by_dep=None, packages_skip_by_dep=None, packages_skip_up_to=None, packages_select_build_failed=False, packages_skip_build_finished=False, packages_select_test_failures=False, packages_skip_test_passed=False, packages_select=['cpp_pubsub'], packages_skip=None, packages_select_regex=None, packages_skip_regex=None, packages_start=None, packages_end=None, allow_overriding=[], cmake_args=None, cmake_target=None, cmake_target_skip_unavailable=False, cmake_clean_cache=False, cmake_clean_first=False, cmake_force_configure=False, ament_cmake_args=None, catkin_cmake_args=None, catkin_skip_building_tests=False, verb_parser=<colcon_defaults.argument_parser.defaults.DefaultArgumentsDecorator object at 0x79a116831210>, verb_extension=<colcon_core.verb.build.BuildVerb object at 0x79a116cdf9a0>, main=<bound method BuildVerb.main of <colcon_core.verb.build.BuildVerb object at 0x79a116cdf9a0>>)
[0.677s] Level 1:colcon.colcon_core.package_discovery:discover_packages(colcon_meta) check parameters
[0.677s] Level 1:colcon.colcon_core.package_discovery:discover_packages(recursive) check parameters
[0.677s] Level 1:colcon.colcon_core.package_discovery:discover_packages(ignore) check parameters
[0.677s] Level 1:colcon.colcon_core.package_discovery:discover_packages(path) check parameters
[0.677s] Level 1:colcon.colcon_core.package_discovery:discover_packages(colcon_meta) discover
[0.677s] Level 1:colcon.colcon_core.package_discovery:discover_packages(recursive) discover
[0.677s] INFO:colcon.colcon_core.package_discovery:Crawling recursively for packages in '/home/calper/ros2_ws'
[0.677s] Level 1:colcon.colcon_core.package_identification:_identify(.) by extensions ['ignore', 'ignore_ament_install']
[0.677s] Level 1:colcon.colcon_core.package_identification:_identify(.) by extension 'ignore'
[0.677s] Level 1:colcon.colcon_core.package_identification:_identify(.) by extension 'ignore_ament_install'
[0.677s] Level 1:colcon.colcon_core.package_identification:_identify(.) by extensions ['colcon_pkg']
[0.677s] Level 1:colcon.colcon_core.package_identification:_identify(.) by extension 'colcon_pkg'
[0.677s] Level 1:colcon.colcon_core.package_identification:_identify(.) by extensions ['colcon_meta']
[0.677s] Level 1:colcon.colcon_core.package_identification:_identify(.) by extension 'colcon_meta'
[0.677s] Level 1:colcon.colcon_core.package_identification:_identify(.) by extensions ['ros']
[0.677s] Level 1:colcon.colcon_core.package_identification:_identify(.) by extension 'ros'
[0.687s] Level 1:colcon.colcon_core.package_identification:_identify(.) by extensions ['cmake', 'python']
[0.687s] Level 1:colcon.colcon_core.package_identification:_identify(.) by extension 'cmake'
[0.687s] Level 1:colcon.colcon_core.package_identification:_identify(.) by extension 'python'
[0.687s] Level 1:colcon.colcon_core.package_identification:_identify(.) by extensions ['python_setup_py']
[0.687s] Level 1:colcon.colcon_core.package_identification:_identify(.) by extension 'python_setup_py'
[0.687s] Level 1:colcon.colcon_core.package_identification:_identify(build) by extensions ['ignore', 'ignore_ament_install']
[0.687s] Level 1:colcon.colcon_core.package_identification:_identify(build) by extension 'ignore'
[0.687s] Level 1:colcon.colcon_core.package_identification:_identify(build) ignored
[0.687s] Level 1:colcon.colcon_core.package_identification:_identify(install) by extensions ['ignore', 'ignore_ament_install']
[0.687s] Level 1:colcon.colcon_core.package_identification:_identify(install) by extension 'ignore'
[0.687s] Level 1:colcon.colcon_core.package_identification:_identify(install) ignored
[0.687s] Level 1:colcon.colcon_core.package_identification:_identify(log) by extensions ['ignore', 'ignore_ament_install']
[0.687s] Level 1:colcon.colcon_core.package_identification:_identify(log) by extension 'ignore'
[0.687s] Level 1:colcon.colcon_core.package_identification:_identify(log) ignored
[0.687s] Level 1:colcon.colcon_core.package_identification:_identify(src) by extensions ['ignore', 'ignore_ament_install']
[0.687s] Level 1:colcon.colcon_core.package_identification:_identify(src) by extension 'ignore'
[0.687s] Level 1:colcon.colcon_core.package_identification:_identify(src) by extension 'ignore_ament_install'
[0.687s] Level 1:colcon.colcon_core.package_identification:_identify(src) by extensions ['colcon_pkg']
[0.688s] Level 1:colcon.colcon_core.package_identification:_identify(src) by extension 'colcon_pkg'
[0.688s] Level 1:colcon.colcon_core.package_identification:_identify(src) by extensions ['colcon_meta']
[0.688s] Level 1:colcon.colcon_core.package_identification:_identify(src) by extension 'colcon_meta'
[0.688s] Level 1:colcon.colcon_core.package_identification:_identify(src) by extensions ['ros']
[0.688s] Level 1:colcon.colcon_core.package_identification:_identify(src) by extension 'ros'
[0.688s] Level 1:colcon.colcon_core.package_identification:_identify(src) by extensions ['cmake', 'python']
[0.688s] Level 1:colcon.colcon_core.package_identification:_identify(src) by extension 'cmake'
[0.688s] Level 1:colcon.colcon_core.package_identification:_identify(src) by extension 'python'
[0.688s] Level 1:colcon.colcon_core.package_identification:_identify(src) by extensions ['python_setup_py']
[0.688s] Level 1:colcon.colcon_core.package_identification:_identify(src) by extension 'python_setup_py'
[0.688s] Level 1:colcon.colcon_core.package_identification:_identify(src/build) by extensions ['ignore', 'ignore_ament_install']
[0.688s] Level 1:colcon.colcon_core.package_identification:_identify(src/build) by extension 'ignore'
[0.688s] Level 1:colcon.colcon_core.package_identification:_identify(src/build) ignored
[0.688s] Level 1:colcon.colcon_core.package_identification:_identify(src/cpp_pubsub) by extensions ['ignore', 'ignore_ament_install']
[0.688s] Level 1:colcon.colcon_core.package_identification:_identify(src/cpp_pubsub) by extension 'ignore'
[0.688s] Level 1:colcon.colcon_core.package_identification:_identify(src/cpp_pubsub) by extension 'ignore_ament_install'
[0.688s] Level 1:colcon.colcon_core.package_identification:_identify(src/cpp_pubsub) by extensions ['colcon_pkg']
[0.688s] Level 1:colcon.colcon_core.package_identification:_identify(src/cpp_pubsub) by extension 'colcon_pkg'
[0.688s] Level 1:colcon.colcon_core.package_identification:_identify(src/cpp_pubsub) by extensions ['colcon_meta']
[0.688s] Level 1:colcon.colcon_core.package_identification:_identify(src/cpp_pubsub) by extension 'colcon_meta'
[0.688s] Level 1:colcon.colcon_core.package_identification:_identify(src/cpp_pubsub) by extensions ['ros']
[0.688s] Level 1:colcon.colcon_core.package_identification:_identify(src/cpp_pubsub) by extension 'ros'
[0.690s] DEBUG:colcon.colcon_core.package_identification:Package 'src/cpp_pubsub' with type 'ros.ament_cmake' and name 'cpp_pubsub'
[0.690s] Level 1:colcon.colcon_core.package_identification:_identify(src/esp_package_temp) by extensions ['ignore', 'ignore_ament_install']
[0.690s] Level 1:colcon.colcon_core.package_identification:_identify(src/esp_package_temp) by extension 'ignore'
[0.690s] Level 1:colcon.colcon_core.package_identification:_identify(src/esp_package_temp) by extension 'ignore_ament_install'
[0.690s] Level 1:colcon.colcon_core.package_identification:_identify(src/esp_package_temp) by extensions ['colcon_pkg']
[0.690s] Level 1:colcon.colcon_core.package_identification:_identify(src/esp_package_temp) by extension 'colcon_pkg'
[0.690s] Level 1:colcon.colcon_core.package_identification:_identify(src/esp_package_temp) by extensions ['colcon_meta']
[0.690s] Level 1:colcon.colcon_core.package_identification:_identify(src/esp_package_temp) by extension 'colcon_meta'
[0.690s] Level 1:colcon.colcon_core.package_identification:_identify(src/esp_package_temp) by extensions ['ros']
[0.690s] Level 1:colcon.colcon_core.package_identification:_identify(src/esp_package_temp) by extension 'ros'
[0.690s] DEBUG:colcon.colcon_core.package_identification:Package 'src/esp_package_temp' with type 'ros.ament_cmake' and name 'esp_package_temp'
[0.690s] Level 1:colcon.colcon_core.package_identification:_identify(src/install) by extensions ['ignore', 'ignore_ament_install']
[0.690s] Level 1:colcon.colcon_core.package_identification:_identify(src/install) by extension 'ignore'
[0.691s] Level 1:colcon.colcon_core.package_identification:_identify(src/install) ignored
[0.691s] Level 1:colcon.colcon_core.package_identification:_identify(src/log) by extensions ['ignore', 'ignore_ament_install']
[0.691s] Level 1:colcon.colcon_core.package_identification:_identify(src/log) by extension 'ignore'
[0.691s] Level 1:colcon.colcon_core.package_identification:_identify(src/log) ignored
[0.691s] Level 1:colcon.colcon_core.package_discovery:discover_packages(recursive) using defaults
[0.691s] Level 1:colcon.colcon_core.package_discovery:discover_packages(ignore) discover
[0.691s] Level 1:colcon.colcon_core.package_discovery:discover_packages(ignore) using defaults
[0.691s] Level 1:colcon.colcon_core.package_discovery:discover_packages(path) discover
[0.691s] Level 1:colcon.colcon_core.package_discovery:discover_packages(path) using defaults
[0.733s] INFO:colcon.colcon_core.package_selection:Skipping not selected package 'esp_package_temp' in 'src/esp_package_temp'
[0.753s] Level 1:colcon.colcon_core.package_discovery:discover_packages(prefix_path) check parameters
[0.753s] Level 1:colcon.colcon_core.package_discovery:discover_packages(prefix_path) discover
[0.773s] DEBUG:colcon.colcon_installed_package_information.package_discovery:Found 2 installed packages in /home/calper/ros2_ws/install
[0.793s] DEBUG:colcon.colcon_installed_package_information.package_discovery:Found 281 installed packages in /opt/ros/iron
[0.794s] Level 1:colcon.colcon_core.package_discovery:discover_packages(prefix_path) using defaults
[0.840s] Level 5:colcon.colcon_core.verb:set package 'cpp_pubsub' build argument 'cmake_args' from command line to 'None'
[0.840s] Level 5:colcon.colcon_core.verb:set package 'cpp_pubsub' build argument 'cmake_target' from command line to 'None'
[0.840s] Level 5:colcon.colcon_core.verb:set package 'cpp_pubsub' build argument 'cmake_target_skip_unavailable' from command line to 'False'
[0.840s] Level 5:colcon.colcon_core.verb:set package 'cpp_pubsub' build argument 'cmake_clean_cache' from command line to 'False'
[0.840s] Level 5:colcon.colcon_core.verb:set package 'cpp_pubsub' build argument 'cmake_clean_first' from command line to 'False'
[0.840s] Level 5:colcon.colcon_core.verb:set package 'cpp_pubsub' build argument 'cmake_force_configure' from command line to 'False'
[0.840s] Level 5:colcon.colcon_core.verb:set package 'cpp_pubsub' build argument 'ament_cmake_args' from command line to 'None'
[0.840s] Level 5:colcon.colcon_core.verb:set package 'cpp_pubsub' build argument 'catkin_cmake_args' from command line to 'None'
[0.840s] Level 5:colcon.colcon_core.verb:set package 'cpp_pubsub' build argument 'catkin_skip_building_tests' from command line to 'False'
[0.840s] DEBUG:colcon.colcon_core.verb:Building package 'cpp_pubsub' with the following arguments: {'ament_cmake_args': None, 'build_base': '/home/calper/ros2_ws/build/cpp_pubsub', 'catkin_cmake_args': None, 'catkin_skip_building_tests': False, 'cmake_args': None, 'cmake_clean_cache': False, 'cmake_clean_first': False, 'cmake_force_configure': False, 'cmake_target': None, 'cmake_target_skip_unavailable': False, 'install_base': '/home/calper/ros2_ws/install/cpp_pubsub', 'merge_install': False, 'path': '/home/calper/ros2_ws/src/cpp_pubsub', 'symlink_install': False, 'test_result_base': None}
[0.850s] INFO:colcon.colcon_core.executor:Executing jobs using 'parallel' executor
[0.866s] DEBUG:colcon.colcon_parallel_executor.executor.parallel:run_until_complete
[0.866s] INFO:colcon.colcon_ros.task.ament_cmake.build:Building ROS package in '/home/calper/ros2_ws/src/cpp_pubsub' with build type 'ament_cmake'
[0.866s] INFO:colcon.colcon_cmake.task.cmake.build:Building CMake package in '/home/calper/ros2_ws/src/cpp_pubsub'
[0.877s] INFO:colcon.colcon_core.plugin_system:Skipping extension 'colcon_core.shell.bat': Not used on non-Windows systems
[0.877s] INFO:colcon.colcon_core.shell:Skip shell extension 'powershell' for command environment: Not usable outside of PowerShell
[0.877s] DEBUG:colcon.colcon_core.shell:Skip shell extension 'dsv' for command environment
[0.906s] DEBUG:colcon.colcon_core.shell:Ignoring prefix path '/home/calper/ros2_ws'
[0.922s] DEBUG:colcon.colcon_core.event_handler.log_command:Invoking command in '/home/calper/ros2_ws/build/cpp_pubsub': CMAKE_PREFIX_PATH=${CMAKE_PREFIX_PATH}:/opt/ros/iron /usr/bin/cmake /home/calper/ros2_ws/src/cpp_pubsub -DCMAKE_INSTALL_PREFIX=/home/calper/ros2_ws/install/cpp_pubsub
[2.187s] DEBUG:colcon.colcon_core.event_handler.log_command:Invoked command in '/home/calper/ros2_ws/build/cpp_pubsub' returned '0': CMAKE_PREFIX_PATH=${CMAKE_PREFIX_PATH}:/opt/ros/iron /usr/bin/cmake /home/calper/ros2_ws/src/cpp_pubsub -DCMAKE_INSTALL_PREFIX=/home/calper/ros2_ws/install/cpp_pubsub
[2.187s] DEBUG:colcon.colcon_core.event_handler.log_command:Invoking command in '/home/calper/ros2_ws/build/cpp_pubsub': CMAKE_PREFIX_PATH=${CMAKE_PREFIX_PATH}:/opt/ros/iron /usr/bin/cmake --build /home/calper/ros2_ws/build/cpp_pubsub -- -j16 -l16
[7.408s] DEBUG:colcon.colcon_core.event_handler.log_command:Invoked command in '/home/calper/ros2_ws/build/cpp_pubsub' returned '0': CMAKE_PREFIX_PATH=${CMAKE_PREFIX_PATH}:/opt/ros/iron /usr/bin/cmake --build /home/calper/ros2_ws/build/cpp_pubsub -- -j16 -l16
[7.429s] DEBUG:colcon.colcon_core.event_handler.log_command:Invoking command in '/home/calper/ros2_ws/build/cpp_pubsub': CMAKE_PREFIX_PATH=${CMAKE_PREFIX_PATH}:/opt/ros/iron /usr/bin/cmake --install /home/calper/ros2_ws/build/cpp_pubsub
[7.443s] Level 1:colcon.colcon_core.environment:create_environment_scripts_only(cpp_pubsub)
[7.443s] DEBUG:colcon.colcon_core.event_handler.log_command:Invoked command in '/home/calper/ros2_ws/build/cpp_pubsub' returned '0': CMAKE_PREFIX_PATH=${CMAKE_PREFIX_PATH}:/opt/ros/iron /usr/bin/cmake --install /home/calper/ros2_ws/build/cpp_pubsub
[7.454s] Level 1:colcon.colcon_core.environment:checking '/home/calper/ros2_ws/install/cpp_pubsub' for CMake module files
[7.454s] Level 1:colcon.colcon_core.environment:checking '/home/calper/ros2_ws/install/cpp_pubsub' for CMake config files
[7.454s] Level 1:colcon.colcon_core.shell:create_environment_hook('cpp_pubsub', 'cmake_prefix_path')
[7.463s] INFO:colcon.colcon_core.shell:Creating environment hook '/home/calper/ros2_ws/install/cpp_pubsub/share/cpp_pubsub/hook/cmake_prefix_path.ps1'
[7.463s] INFO:colcon.colcon_core.shell:Creating environment descriptor '/home/calper/ros2_ws/install/cpp_pubsub/share/cpp_pubsub/hook/cmake_prefix_path.dsv'
[7.463s] INFO:colcon.colcon_core.shell:Creating environment hook '/home/calper/ros2_ws/install/cpp_pubsub/share/cpp_pubsub/hook/cmake_prefix_path.sh'
[7.464s] Level 1:colcon.colcon_core.environment:checking '/home/calper/ros2_ws/install/cpp_pubsub/lib'
[7.464s] Level 1:colcon.colcon_core.environment:checking '/home/calper/ros2_ws/install/cpp_pubsub/bin'
[7.464s] Level 1:colcon.colcon_core.environment:checking '/home/calper/ros2_ws/install/cpp_pubsub/lib/pkgconfig/cpp_pubsub.pc'
[7.464s] Level 1:colcon.colcon_core.environment:checking '/home/calper/ros2_ws/install/cpp_pubsub/lib/python3.10/site-packages'
[7.464s] Level 1:colcon.colcon_core.environment:checking '/home/calper/ros2_ws/install/cpp_pubsub/bin'
[7.473s] INFO:colcon.colcon_core.shell:Creating package script '/home/calper/ros2_ws/install/cpp_pubsub/share/cpp_pubsub/package.ps1'
[7.473s] INFO:colcon.colcon_core.shell:Creating package descriptor '/home/calper/ros2_ws/install/cpp_pubsub/share/cpp_pubsub/package.dsv'
[7.473s] INFO:colcon.colcon_core.shell:Creating package script '/home/calper/ros2_ws/install/cpp_pubsub/share/cpp_pubsub/package.sh'
[7.474s] INFO:colcon.colcon_core.shell:Creating package script '/home/calper/ros2_ws/install/cpp_pubsub/share/cpp_pubsub/package.bash'
[7.474s] INFO:colcon.colcon_core.shell:Creating package script '/home/calper/ros2_ws/install/cpp_pubsub/share/cpp_pubsub/package.zsh'
[7.474s] Level 1:colcon.colcon_core.environment:create_file_with_runtime_dependencies(/home/calper/ros2_ws/install/cpp_pubsub/share/colcon-core/packages/cpp_pubsub)
[7.498s] Level 1:colcon.colcon_core.environment:create_environment_scripts_only(cpp_pubsub)
[7.506s] Level 1:colcon.colcon_core.environment:checking '/home/calper/ros2_ws/install/cpp_pubsub' for CMake module files
[7.507s] Level 1:colcon.colcon_core.environment:checking '/home/calper/ros2_ws/install/cpp_pubsub' for CMake config files
[7.507s] Level 1:colcon.colcon_core.shell:create_environment_hook('cpp_pubsub', 'cmake_prefix_path')
[7.515s] INFO:colcon.colcon_core.shell:Creating environment hook '/home/calper/ros2_ws/install/cpp_pubsub/share/cpp_pubsub/hook/cmake_prefix_path.ps1'
[7.515s] INFO:colcon.colcon_core.shell:Creating environment descriptor '/home/calper/ros2_ws/install/cpp_pubsub/share/cpp_pubsub/hook/cmake_prefix_path.dsv'
[7.516s] INFO:colcon.colcon_core.shell:Creating environment hook '/home/calper/ros2_ws/install/cpp_pubsub/share/cpp_pubsub/hook/cmake_prefix_path.sh'
[7.516s] Level 1:colcon.colcon_core.environment:checking '/home/calper/ros2_ws/install/cpp_pubsub/lib'
[7.516s] Level 1:colcon.colcon_core.environment:checking '/home/calper/ros2_ws/install/cpp_pubsub/bin'
[7.516s] Level 1:colcon.colcon_core.environment:checking '/home/calper/ros2_ws/install/cpp_pubsub/lib/pkgconfig/cpp_pubsub.pc'
[7.516s] Level 1:colcon.colcon_core.environment:checking '/home/calper/ros2_ws/install/cpp_pubsub/lib/python3.10/site-packages'
[7.516s] Level 1:colcon.colcon_core.environment:checking '/home/calper/ros2_ws/install/cpp_pubsub/bin'
[7.525s] INFO:colcon.colcon_core.shell:Creating package script '/home/calper/ros2_ws/install/cpp_pubsub/share/cpp_pubsub/package.ps1'
[7.526s] INFO:colcon.colcon_core.shell:Creating package descriptor '/home/calper/ros2_ws/install/cpp_pubsub/share/cpp_pubsub/package.dsv'
[7.526s] INFO:colcon.colcon_core.shell:Creating package script '/home/calper/ros2_ws/install/cpp_pubsub/share/cpp_pubsub/package.sh'
[7.526s] INFO:colcon.colcon_core.shell:Creating package script '/home/calper/ros2_ws/install/cpp_pubsub/share/cpp_pubsub/package.bash'
[7.526s] INFO:colcon.colcon_core.shell:Creating package script '/home/calper/ros2_ws/install/cpp_pubsub/share/cpp_pubsub/package.zsh'
[7.526s] Level 1:colcon.colcon_core.environment:create_file_with_runtime_dependencies(/home/calper/ros2_ws/install/cpp_pubsub/share/colcon-core/packages/cpp_pubsub)
[7.527s] DEBUG:colcon.colcon_parallel_executor.executor.parallel:closing loop
[7.527s] DEBUG:colcon.colcon_parallel_executor.executor.parallel:loop closed
[7.527s] DEBUG:colcon.colcon_parallel_executor.executor.parallel:run_until_complete finished with '0'
[7.527s] DEBUG:colcon.colcon_core.event_reactor:joining thread
[7.538s] INFO:colcon.colcon_core.plugin_system:Skipping extension 'colcon_notification.desktop_notification.notify_send': Could not find 'notify-send'
[7.538s] INFO:colcon.colcon_core.plugin_system:Skipping extension 'colcon_notification.desktop_notification.terminal_notifier': Not used on non-Darwin systems
[7.538s] INFO:colcon.colcon_core.plugin_system:Skipping extension 'colcon_notification.desktop_notification.win32': Not used on non-Windows systems
[7.538s] INFO:colcon.colcon_notification.desktop_notification:Sending desktop notification using 'notify2'
[7.546s] DEBUG:colcon.colcon_core.event_reactor:joined thread
[7.556s] INFO:colcon.colcon_core.shell:Creating prefix script '/home/calper/ros2_ws/install/local_setup.ps1'
[7.556s] INFO:colcon.colcon_core.shell:Creating prefix util module '/home/calper/ros2_ws/install/_local_setup_util_ps1.py'
[7.557s] INFO:colcon.colcon_core.shell:Creating prefix chain script '/home/calper/ros2_ws/install/setup.ps1'
[7.566s] INFO:colcon.colcon_core.shell:Creating prefix script '/home/calper/ros2_ws/install/local_setup.sh'
[7.567s] INFO:colcon.colcon_core.shell:Creating prefix util module '/home/calper/ros2_ws/install/_local_setup_util_sh.py'
[7.567s] INFO:colcon.colcon_core.shell:Creating prefix chain script '/home/calper/ros2_ws/install/setup.sh'
[7.577s] INFO:colcon.colcon_core.shell:Creating prefix script '/home/calper/ros2_ws/install/local_setup.bash'
[7.577s] INFO:colcon.colcon_core.shell:Creating prefix chain script '/home/calper/ros2_ws/install/setup.bash'
[7.587s] INFO:colcon.colcon_core.shell:Creating prefix script '/home/calper/ros2_ws/install/local_setup.zsh'
[7.587s] INFO:colcon.colcon_core.shell:Creating prefix chain script '/home/calper/ros2_ws/install/setup.zsh'
