-- Found ament_cmake: 2.0.3 (/opt/ros/iron/share/ament_cmake/cmake)
-- Found ament_lint_auto: 0.14.2 (/opt/ros/iron/share/ament_lint_auto/cmake)
-- Added test 'cppcheck' to perform static code analysis on C / C++ code
-- Configured cppcheck include dirs: $<BUILD_INTERFACE:/home/calper/ros2_ws/src/esp_package_temp/include>
-- Configured cppcheck exclude dirs and/or files: 
-- Added test 'lint_cmake' to check CMake code style
-- Added test 'uncrustify' to check C / C++ code style
-- Configured uncrustify additional arguments: 
-- Added test 'xmllint' to check XML markup files
-- Configuring done (0.2s)
-- Generating done (0.0s)
-- Build files have been written to: /home/calper/ros2_ws/build/esp_package_temp
[100%] Built target esp_node_temp
-- Install configuration: ""
-- Up-to-date: /home/calper/ros2_ws/install/esp_package_temp/lib/esp_package_temp/esp_node_temp
-- Up-to-date: /home/calper/ros2_ws/install/esp_package_temp/share/ament_index/resource_index/package_run_dependencies/esp_package_temp
-- Installing: /home/calper/ros2_ws/install/esp_package_temp/share/ament_index/resource_index/parent_prefix_path/esp_package_temp
-- Up-to-date: /home/calper/ros2_ws/install/esp_package_temp/share/esp_package_temp/environment/ament_prefix_path.sh
-- Up-to-date: /home/calper/ros2_ws/install/esp_package_temp/share/esp_package_temp/environment/ament_prefix_path.dsv
-- Up-to-date: /home/calper/ros2_ws/install/esp_package_temp/share/esp_package_temp/environment/path.sh
-- Up-to-date: /home/calper/ros2_ws/install/esp_package_temp/share/esp_package_temp/environment/path.dsv
-- Up-to-date: /home/calper/ros2_ws/install/esp_package_temp/share/esp_package_temp/local_setup.bash
-- Up-to-date: /home/calper/ros2_ws/install/esp_package_temp/share/esp_package_temp/local_setup.sh
-- Up-to-date: /home/calper/ros2_ws/install/esp_package_temp/share/esp_package_temp/local_setup.zsh
-- Up-to-date: /home/calper/ros2_ws/install/esp_package_temp/share/esp_package_temp/local_setup.dsv
-- Up-to-date: /home/calper/ros2_ws/install/esp_package_temp/share/esp_package_temp/package.dsv
-- Up-to-date: /home/calper/ros2_ws/install/esp_package_temp/share/ament_index/resource_index/packages/esp_package_temp
-- Up-to-date: /home/calper/ros2_ws/install/esp_package_temp/share/esp_package_temp/cmake/esp_package_tempConfig.cmake
-- Up-to-date: /home/calper/ros2_ws/install/esp_package_temp/share/esp_package_temp/cmake/esp_package_tempConfig-version.cmake
-- Installing: /home/calper/ros2_ws/install/esp_package_temp/share/esp_package_temp/package.xml
