[0.111s] Invoking command in '/home/calper/ros2_ws/build/esp_package_temp': CMAKE_PREFIX_PATH=${CMAKE_PREFIX_PATH}:/opt/ros/iron /usr/bin/cmake --build /home/calper/ros2_ws/build/esp_package_temp -- -j16 -l16
[0.121s] -- Found ament_cmake: 2.0.3 (/opt/ros/iron/share/ament_cmake/cmake)
[0.272s] -- Found ament_lint_auto: 0.14.2 (/opt/ros/iron/share/ament_lint_auto/cmake)
[0.320s] -- Added test 'cppcheck' to perform static code analysis on C / C++ code
[0.320s] -- Configured cppcheck include dirs: $<BUILD_INTERFACE:/home/calper/ros2_ws/src/esp_package_temp/include>
[0.320s] -- Configured cppcheck exclude dirs and/or files: 
[0.320s] -- Added test 'lint_cmake' to check CMake code style
[0.321s] -- Added test 'uncrustify' to check C / C++ code style
[0.321s] -- Configured uncrustify additional arguments: 
[0.321s] -- Added test 'xmllint' to check XML markup files
[0.322s] -- Configuring done (0.2s)
[0.326s] -- Generating done (0.0s)
[0.327s] -- Build files have been written to: /home/calper/ros2_ws/build/esp_package_temp
[0.339s] [100%] Built target esp_node_temp
[0.344s] Invoked command in '/home/calper/ros2_ws/build/esp_package_temp' returned '0': CMAKE_PREFIX_PATH=${CMAKE_PREFIX_PATH}:/opt/ros/iron /usr/bin/cmake --build /home/calper/ros2_ws/build/esp_package_temp -- -j16 -l16
[0.360s] Invoking command in '/home/calper/ros2_ws/build/esp_package_temp': CMAKE_PREFIX_PATH=${CMAKE_PREFIX_PATH}:/opt/ros/iron /usr/bin/cmake --install /home/calper/ros2_ws/build/esp_package_temp
[0.362s] -- Install configuration: ""
[0.362s] -- Up-to-date: /home/calper/ros2_ws/install/esp_package_temp/lib/esp_package_temp/esp_node_temp
[0.362s] -- Up-to-date: /home/calper/ros2_ws/install/esp_package_temp/share/ament_index/resource_index/package_run_dependencies/esp_package_temp
[0.362s] -- Installing: /home/calper/ros2_ws/install/esp_package_temp/share/ament_index/resource_index/parent_prefix_path/esp_package_temp
[0.362s] -- Up-to-date: /home/calper/ros2_ws/install/esp_package_temp/share/esp_package_temp/environment/ament_prefix_path.sh
[0.362s] -- Up-to-date: /home/calper/ros2_ws/install/esp_package_temp/share/esp_package_temp/environment/ament_prefix_path.dsv
[0.362s] -- Up-to-date: /home/calper/ros2_ws/install/esp_package_temp/share/esp_package_temp/environment/path.sh
[0.362s] -- Up-to-date: /home/calper/ros2_ws/install/esp_package_temp/share/esp_package_temp/environment/path.dsv
[0.362s] -- Up-to-date: /home/calper/ros2_ws/install/esp_package_temp/share/esp_package_temp/local_setup.bash
[0.362s] -- Up-to-date: /home/calper/ros2_ws/install/esp_package_temp/share/esp_package_temp/local_setup.sh
[0.362s] -- Up-to-date: /home/calper/ros2_ws/install/esp_package_temp/share/esp_package_temp/local_setup.zsh
[0.362s] -- Up-to-date: /home/calper/ros2_ws/install/esp_package_temp/share/esp_package_temp/local_setup.dsv
[0.362s] -- Up-to-date: /home/calper/ros2_ws/install/esp_package_temp/share/esp_package_temp/package.dsv
[0.363s] -- Up-to-date: /home/calper/ros2_ws/install/esp_package_temp/share/ament_index/resource_index/packages/esp_package_temp
[0.363s] -- Up-to-date: /home/calper/ros2_ws/install/esp_package_temp/share/esp_package_temp/cmake/esp_package_tempConfig.cmake
[0.363s] -- Up-to-date: /home/calper/ros2_ws/install/esp_package_temp/share/esp_package_temp/cmake/esp_package_tempConfig-version.cmake
[0.363s] -- Installing: /home/calper/ros2_ws/install/esp_package_temp/share/esp_package_temp/package.xml
[0.363s] Invoked command in '/home/calper/ros2_ws/build/esp_package_temp' returned '0': CMAKE_PREFIX_PATH=${CMAKE_PREFIX_PATH}:/opt/ros/iron /usr/bin/cmake --install /home/calper/ros2_ws/build/esp_package_temp
