[0.034s] Invoking command in '/home/calper/ros2_ws/build/ros_node_temp': /usr/bin/cmake --build /home/calper/ros2_ws/build/ros_node_temp -- -j16 -l16
[0.059s] [100%] Built target temp
[0.066s] Invoked command in '/home/calper/ros2_ws/build/ros_node_temp' returned '0': /usr/bin/cmake --build /home/calper/ros2_ws/build/ros_node_temp -- -j16 -l16
[0.099s] Invoking command in '/home/calper/ros2_ws/build/ros_node_temp': /usr/bin/cmake --install /home/calper/ros2_ws/build/ros_node_temp
[0.101s] -- Install configuration: ""
[0.101s] -- Up-to-date: /home/calper/ros2_ws/install/ros_node_temp/lib/ros_node_temp/temp
[0.101s] -- Up-to-date: /home/calper/ros2_ws/install/ros_node_temp/share/ament_index/resource_index/package_run_dependencies/ros_node_temp
[0.101s] -- Up-to-date: /home/calper/ros2_ws/install/ros_node_temp/share/ament_index/resource_index/parent_prefix_path/ros_node_temp
[0.101s] -- Up-to-date: /home/calper/ros2_ws/install/ros_node_temp/share/ros_node_temp/environment/ament_prefix_path.sh
[0.102s] -- Up-to-date: /home/calper/ros2_ws/install/ros_node_temp/share/ros_node_temp/environment/ament_prefix_path.dsv
[0.102s] -- Up-to-date: /home/calper/ros2_ws/install/ros_node_temp/share/ros_node_temp/environment/path.sh
[0.102s] -- Up-to-date: /home/calper/ros2_ws/install/ros_node_temp/share/ros_node_temp/environment/path.dsv
[0.102s] -- Up-to-date: /home/calper/ros2_ws/install/ros_node_temp/share/ros_node_temp/local_setup.bash
[0.103s] -- Up-to-date: /home/calper/ros2_ws/install/ros_node_temp/share/ros_node_temp/local_setup.sh
[0.103s] -- Up-to-date: /home/calper/ros2_ws/install/ros_node_temp/share/ros_node_temp/local_setup.zsh
[0.103s] -- Up-to-date: /home/calper/ros2_ws/install/ros_node_temp/share/ros_node_temp/local_setup.dsv
[0.103s] -- Installing: /home/calper/ros2_ws/install/ros_node_temp/share/ros_node_temp/package.dsv
[0.104s] -- Up-to-date: /home/calper/ros2_ws/install/ros_node_temp/share/ament_index/resource_index/packages/ros_node_temp
[0.104s] -- Up-to-date: /home/calper/ros2_ws/install/ros_node_temp/share/ros_node_temp/cmake/ros_node_tempConfig.cmake
[0.104s] -- Up-to-date: /home/calper/ros2_ws/install/ros_node_temp/share/ros_node_temp/cmake/ros_node_tempConfig-version.cmake
[0.104s] -- Up-to-date: /home/calper/ros2_ws/install/ros_node_temp/share/ros_node_temp/package.xml
[0.150s] Invoked command in '/home/calper/ros2_ws/build/ros_node_temp' returned '0': /usr/bin/cmake --install /home/calper/ros2_ws/build/ros_node_temp
