[0.425s] DEBUG:colcon:Command line arguments: ['/usr/bin/colcon', 'build']
[0.425s] DEBUG:colcon:Parsed command line arguments: Namespace(log_base=None, log_level=None, verb_name='build', build_base='build', install_base='install', merge_install=False, symlink_install=False, test_result_base=None, continue_on_error=False, executor='parallel', parallel_workers=16, event_handlers=None, ignore_user_meta=False, metas=['./colcon.meta'], base_paths=['.'], packages_ignore=None, packages_ignore_regex=None, paths=None, packages_up_to=None, packages_up_to_regex=None, packages_above=None, packages_above_and_dependencies=None, packages_above_depth=None, packages_select_by_dep=None, packages_skip_by_dep=None, packages_skip_up_to=None, packages_select_build_failed=False, packages_skip_build_finished=False, packages_select_test_failures=False, packages_skip_test_passed=False, packages_select=None, packages_skip=None, packages_select_regex=None, packages_skip_regex=None, packages_start=None, packages_end=None, allow_overriding=[], cmake_args=None, cmake_target=None, cmake_target_skip_unavailable=False, cmake_clean_cache=False, cmake_clean_first=False, cmake_force_configure=False, ament_cmake_args=None, catkin_cmake_args=None, catkin_skip_building_tests=False, verb_parser=<colcon_defaults.argument_parser.defaults.DefaultArgumentsDecorator object at 0x72d7571f0520>, verb_extension=<colcon_core.verb.build.BuildVerb object at 0x72d75736ebc0>, main=<bound method BuildVerb.main of <colcon_core.verb.build.BuildVerb object at 0x72d75736ebc0>>)
[0.454s] Level 1:colcon.colcon_core.package_discovery:discover_packages(colcon_meta) check parameters
[0.454s] Level 1:colcon.colcon_core.package_discovery:discover_packages(recursive) check parameters
[0.454s] Level 1:colcon.colcon_core.package_discovery:discover_packages(ignore) check parameters
[0.454s] Level 1:colcon.colcon_core.package_discovery:discover_packages(path) check parameters
[0.454s] Level 1:colcon.colcon_core.package_discovery:discover_packages(colcon_meta) discover
[0.454s] Level 1:colcon.colcon_core.package_discovery:discover_packages(recursive) discover
[0.454s] INFO:colcon.colcon_core.package_discovery:Crawling recursively for packages in '/home/calper/ros2_ws'
[0.455s] Level 1:colcon.colcon_core.package_identification:_identify(.) by extensions ['ignore', 'ignore_ament_install']
[0.455s] Level 1:colcon.colcon_core.package_identification:_identify(.) by extension 'ignore'
[0.455s] Level 1:colcon.colcon_core.package_identification:_identify(.) by extension 'ignore_ament_install'
[0.455s] Level 1:colcon.colcon_core.package_identification:_identify(.) by extensions ['colcon_pkg']
[0.455s] Level 1:colcon.colcon_core.package_identification:_identify(.) by extension 'colcon_pkg'
[0.455s] Level 1:colcon.colcon_core.package_identification:_identify(.) by extensions ['colcon_meta']
[0.455s] Level 1:colcon.colcon_core.package_identification:_identify(.) by extension 'colcon_meta'
[0.455s] Level 1:colcon.colcon_core.package_identification:_identify(.) by extensions ['ros']
[0.455s] Level 1:colcon.colcon_core.package_identification:_identify(.) by extension 'ros'
[0.465s] Level 1:colcon.colcon_core.package_identification:_identify(.) by extensions ['cmake', 'python']
[0.465s] Level 1:colcon.colcon_core.package_identification:_identify(.) by extension 'cmake'
[0.465s] Level 1:colcon.colcon_core.package_identification:_identify(.) by extension 'python'
[0.465s] Level 1:colcon.colcon_core.package_identification:_identify(.) by extensions ['python_setup_py']
[0.465s] Level 1:colcon.colcon_core.package_identification:_identify(.) by extension 'python_setup_py'
[0.465s] Level 1:colcon.colcon_core.package_identification:_identify(build) by extensions ['ignore', 'ignore_ament_install']
[0.465s] Level 1:colcon.colcon_core.package_identification:_identify(build) by extension 'ignore'
[0.465s] Level 1:colcon.colcon_core.package_identification:_identify(build) ignored
[0.465s] Level 1:colcon.colcon_core.package_identification:_identify(install) by extensions ['ignore', 'ignore_ament_install']
[0.465s] Level 1:colcon.colcon_core.package_identification:_identify(install) by extension 'ignore'
[0.465s] Level 1:colcon.colcon_core.package_identification:_identify(install) ignored
[0.465s] Level 1:colcon.colcon_core.package_identification:_identify(log) by extensions ['ignore', 'ignore_ament_install']
[0.465s] Level 1:colcon.colcon_core.package_identification:_identify(log) by extension 'ignore'
[0.465s] Level 1:colcon.colcon_core.package_identification:_identify(log) ignored
[0.465s] Level 1:colcon.colcon_core.package_identification:_identify(src) by extensions ['ignore', 'ignore_ament_install']
[0.465s] Level 1:colcon.colcon_core.package_identification:_identify(src) by extension 'ignore'
[0.465s] Level 1:colcon.colcon_core.package_identification:_identify(src) by extension 'ignore_ament_install'
[0.465s] Level 1:colcon.colcon_core.package_identification:_identify(src) by extensions ['colcon_pkg']
[0.465s] Level 1:colcon.colcon_core.package_identification:_identify(src) by extension 'colcon_pkg'
[0.465s] Level 1:colcon.colcon_core.package_identification:_identify(src) by extensions ['colcon_meta']
[0.465s] Level 1:colcon.colcon_core.package_identification:_identify(src) by extension 'colcon_meta'
[0.465s] Level 1:colcon.colcon_core.package_identification:_identify(src) by extensions ['ros']
[0.465s] Level 1:colcon.colcon_core.package_identification:_identify(src) by extension 'ros'
[0.465s] Level 1:colcon.colcon_core.package_identification:_identify(src) by extensions ['cmake', 'python']
[0.465s] Level 1:colcon.colcon_core.package_identification:_identify(src) by extension 'cmake'
[0.466s] Level 1:colcon.colcon_core.package_identification:_identify(src) by extension 'python'
[0.466s] Level 1:colcon.colcon_core.package_identification:_identify(src) by extensions ['python_setup_py']
[0.466s] Level 1:colcon.colcon_core.package_identification:_identify(src) by extension 'python_setup_py'
[0.466s] Level 1:colcon.colcon_core.package_identification:_identify(src/build) by extensions ['ignore', 'ignore_ament_install']
[0.466s] Level 1:colcon.colcon_core.package_identification:_identify(src/build) by extension 'ignore'
[0.466s] Level 1:colcon.colcon_core.package_identification:_identify(src/build) ignored
[0.466s] Level 1:colcon.colcon_core.package_identification:_identify(src/cpp_pubsub) by extensions ['ignore', 'ignore_ament_install']
[0.466s] Level 1:colcon.colcon_core.package_identification:_identify(src/cpp_pubsub) by extension 'ignore'
[0.466s] Level 1:colcon.colcon_core.package_identification:_identify(src/cpp_pubsub) by extension 'ignore_ament_install'
[0.466s] Level 1:colcon.colcon_core.package_identification:_identify(src/cpp_pubsub) by extensions ['colcon_pkg']
[0.466s] Level 1:colcon.colcon_core.package_identification:_identify(src/cpp_pubsub) by extension 'colcon_pkg'
[0.466s] Level 1:colcon.colcon_core.package_identification:_identify(src/cpp_pubsub) by extensions ['colcon_meta']
[0.466s] Level 1:colcon.colcon_core.package_identification:_identify(src/cpp_pubsub) by extension 'colcon_meta'
[0.466s] Level 1:colcon.colcon_core.package_identification:_identify(src/cpp_pubsub) by extensions ['ros']
[0.466s] Level 1:colcon.colcon_core.package_identification:_identify(src/cpp_pubsub) by extension 'ros'
[0.468s] DEBUG:colcon.colcon_core.package_identification:Package 'src/cpp_pubsub' with type 'ros.ament_cmake' and name 'cpp_pubsub'
[0.468s] Level 1:colcon.colcon_core.package_identification:_identify(src/esp_package_temp) by extensions ['ignore', 'ignore_ament_install']
[0.468s] Level 1:colcon.colcon_core.package_identification:_identify(src/esp_package_temp) by extension 'ignore'
[0.468s] Level 1:colcon.colcon_core.package_identification:_identify(src/esp_package_temp) by extension 'ignore_ament_install'
[0.468s] Level 1:colcon.colcon_core.package_identification:_identify(src/esp_package_temp) by extensions ['colcon_pkg']
[0.468s] Level 1:colcon.colcon_core.package_identification:_identify(src/esp_package_temp) by extension 'colcon_pkg'
[0.468s] Level 1:colcon.colcon_core.package_identification:_identify(src/esp_package_temp) by extensions ['colcon_meta']
[0.468s] Level 1:colcon.colcon_core.package_identification:_identify(src/esp_package_temp) by extension 'colcon_meta'
[0.468s] Level 1:colcon.colcon_core.package_identification:_identify(src/esp_package_temp) by extensions ['ros']
[0.468s] Level 1:colcon.colcon_core.package_identification:_identify(src/esp_package_temp) by extension 'ros'
[0.468s] DEBUG:colcon.colcon_core.package_identification:Package 'src/esp_package_temp' with type 'ros.ament_cmake' and name 'esp_package_temp'
[0.468s] Level 1:colcon.colcon_core.package_identification:_identify(src/install) by extensions ['ignore', 'ignore_ament_install']
[0.468s] Level 1:colcon.colcon_core.package_identification:_identify(src/install) by extension 'ignore'
[0.468s] Level 1:colcon.colcon_core.package_identification:_identify(src/install) ignored
[0.468s] Level 1:colcon.colcon_core.package_identification:_identify(src/log) by extensions ['ignore', 'ignore_ament_install']
[0.469s] Level 1:colcon.colcon_core.package_identification:_identify(src/log) by extension 'ignore'
[0.469s] Level 1:colcon.colcon_core.package_identification:_identify(src/log) ignored
[0.469s] Level 1:colcon.colcon_core.package_identification:_identify(src/ros_node_temp) by extensions ['ignore', 'ignore_ament_install']
[0.469s] Level 1:colcon.colcon_core.package_identification:_identify(src/ros_node_temp) by extension 'ignore'
[0.469s] Level 1:colcon.colcon_core.package_identification:_identify(src/ros_node_temp) by extension 'ignore_ament_install'
[0.469s] Level 1:colcon.colcon_core.package_identification:_identify(src/ros_node_temp) by extensions ['colcon_pkg']
[0.469s] Level 1:colcon.colcon_core.package_identification:_identify(src/ros_node_temp) by extension 'colcon_pkg'
[0.469s] Level 1:colcon.colcon_core.package_identification:_identify(src/ros_node_temp) by extensions ['colcon_meta']
[0.469s] Level 1:colcon.colcon_core.package_identification:_identify(src/ros_node_temp) by extension 'colcon_meta'
[0.469s] Level 1:colcon.colcon_core.package_identification:_identify(src/ros_node_temp) by extensions ['ros']
[0.469s] Level 1:colcon.colcon_core.package_identification:_identify(src/ros_node_temp) by extension 'ros'
[0.469s] DEBUG:colcon.colcon_core.package_identification:Package 'src/ros_node_temp' with type 'ros.ament_cmake' and name 'ros_node_temp'
[0.469s] Level 1:colcon.colcon_core.package_discovery:discover_packages(recursive) using defaults
[0.469s] Level 1:colcon.colcon_core.package_discovery:discover_packages(ignore) discover
[0.469s] Level 1:colcon.colcon_core.package_discovery:discover_packages(ignore) using defaults
[0.469s] Level 1:colcon.colcon_core.package_discovery:discover_packages(path) discover
[0.469s] Level 1:colcon.colcon_core.package_discovery:discover_packages(path) using defaults
[0.512s] Level 1:colcon.colcon_core.package_discovery:discover_packages(prefix_path) check parameters
[0.512s] Level 1:colcon.colcon_core.package_discovery:discover_packages(prefix_path) discover
[0.525s] DEBUG:colcon.colcon_installed_package_information.package_discovery:Found 4 installed packages in /home/calper/ros2_ws/install
[0.531s] Level 1:colcon.colcon_core.package_discovery:discover_packages(prefix_path) using defaults
[0.544s] Level 5:colcon.colcon_core.verb:set package 'cpp_pubsub' build argument 'cmake_args' from command line to 'None'
[0.544s] Level 5:colcon.colcon_core.verb:set package 'cpp_pubsub' build argument 'cmake_target' from command line to 'None'
[0.544s] Level 5:colcon.colcon_core.verb:set package 'cpp_pubsub' build argument 'cmake_target_skip_unavailable' from command line to 'False'
[0.544s] Level 5:colcon.colcon_core.verb:set package 'cpp_pubsub' build argument 'cmake_clean_cache' from command line to 'False'
[0.544s] Level 5:colcon.colcon_core.verb:set package 'cpp_pubsub' build argument 'cmake_clean_first' from command line to 'False'
[0.544s] Level 5:colcon.colcon_core.verb:set package 'cpp_pubsub' build argument 'cmake_force_configure' from command line to 'False'
[0.544s] Level 5:colcon.colcon_core.verb:set package 'cpp_pubsub' build argument 'ament_cmake_args' from command line to 'None'
[0.544s] Level 5:colcon.colcon_core.verb:set package 'cpp_pubsub' build argument 'catkin_cmake_args' from command line to 'None'
[0.544s] Level 5:colcon.colcon_core.verb:set package 'cpp_pubsub' build argument 'catkin_skip_building_tests' from command line to 'False'
[0.544s] DEBUG:colcon.colcon_core.verb:Building package 'cpp_pubsub' with the following arguments: {'ament_cmake_args': None, 'build_base': '/home/calper/ros2_ws/build/cpp_pubsub', 'catkin_cmake_args': None, 'catkin_skip_building_tests': False, 'cmake_args': None, 'cmake_clean_cache': False, 'cmake_clean_first': False, 'cmake_force_configure': False, 'cmake_target': None, 'cmake_target_skip_unavailable': False, 'install_base': '/home/calper/ros2_ws/install/cpp_pubsub', 'merge_install': False, 'path': '/home/calper/ros2_ws/src/cpp_pubsub', 'symlink_install': False, 'test_result_base': None}
[0.550s] Level 5:colcon.colcon_core.verb:set package 'esp_package_temp' build argument 'cmake_args' from command line to 'None'
[0.550s] Level 5:colcon.colcon_core.verb:set package 'esp_package_temp' build argument 'cmake_target' from command line to 'None'
[0.550s] Level 5:colcon.colcon_core.verb:set package 'esp_package_temp' build argument 'cmake_target_skip_unavailable' from command line to 'False'
[0.550s] Level 5:colcon.colcon_core.verb:set package 'esp_package_temp' build argument 'cmake_clean_cache' from command line to 'False'
[0.550s] Level 5:colcon.colcon_core.verb:set package 'esp_package_temp' build argument 'cmake_clean_first' from command line to 'False'
[0.550s] Level 5:colcon.colcon_core.verb:set package 'esp_package_temp' build argument 'cmake_force_configure' from command line to 'False'
[0.550s] Level 5:colcon.colcon_core.verb:set package 'esp_package_temp' build argument 'ament_cmake_args' from command line to 'None'
[0.550s] Level 5:colcon.colcon_core.verb:set package 'esp_package_temp' build argument 'catkin_cmake_args' from command line to 'None'
[0.550s] Level 5:colcon.colcon_core.verb:set package 'esp_package_temp' build argument 'catkin_skip_building_tests' from command line to 'False'
[0.550s] DEBUG:colcon.colcon_core.verb:Building package 'esp_package_temp' with the following arguments: {'ament_cmake_args': None, 'build_base': '/home/calper/ros2_ws/build/esp_package_temp', 'catkin_cmake_args': None, 'catkin_skip_building_tests': False, 'cmake_args': None, 'cmake_clean_cache': False, 'cmake_clean_first': False, 'cmake_force_configure': False, 'cmake_target': None, 'cmake_target_skip_unavailable': False, 'install_base': '/home/calper/ros2_ws/install/esp_package_temp', 'merge_install': False, 'path': '/home/calper/ros2_ws/src/esp_package_temp', 'symlink_install': False, 'test_result_base': None}
[0.557s] Level 5:colcon.colcon_core.verb:set package 'ros_node_temp' build argument 'cmake_args' from command line to 'None'
[0.557s] Level 5:colcon.colcon_core.verb:set package 'ros_node_temp' build argument 'cmake_target' from command line to 'None'
[0.557s] Level 5:colcon.colcon_core.verb:set package 'ros_node_temp' build argument 'cmake_target_skip_unavailable' from command line to 'False'
[0.557s] Level 5:colcon.colcon_core.verb:set package 'ros_node_temp' build argument 'cmake_clean_cache' from command line to 'False'
[0.557s] Level 5:colcon.colcon_core.verb:set package 'ros_node_temp' build argument 'cmake_clean_first' from command line to 'False'
[0.557s] Level 5:colcon.colcon_core.verb:set package 'ros_node_temp' build argument 'cmake_force_configure' from command line to 'False'
[0.557s] Level 5:colcon.colcon_core.verb:set package 'ros_node_temp' build argument 'ament_cmake_args' from command line to 'None'
[0.557s] Level 5:colcon.colcon_core.verb:set package 'ros_node_temp' build argument 'catkin_cmake_args' from command line to 'None'
[0.557s] Level 5:colcon.colcon_core.verb:set package 'ros_node_temp' build argument 'catkin_skip_building_tests' from command line to 'False'
[0.557s] DEBUG:colcon.colcon_core.verb:Building package 'ros_node_temp' with the following arguments: {'ament_cmake_args': None, 'build_base': '/home/calper/ros2_ws/build/ros_node_temp', 'catkin_cmake_args': None, 'catkin_skip_building_tests': False, 'cmake_args': None, 'cmake_clean_cache': False, 'cmake_clean_first': False, 'cmake_force_configure': False, 'cmake_target': None, 'cmake_target_skip_unavailable': False, 'install_base': '/home/calper/ros2_ws/install/ros_node_temp', 'merge_install': False, 'path': '/home/calper/ros2_ws/src/ros_node_temp', 'symlink_install': False, 'test_result_base': None}
[0.563s] INFO:colcon.colcon_core.executor:Executing jobs using 'parallel' executor
[0.570s] DEBUG:colcon.colcon_parallel_executor.executor.parallel:run_until_complete
[0.570s] INFO:colcon.colcon_ros.task.ament_cmake.build:Building ROS package in '/home/calper/ros2_ws/src/cpp_pubsub' with build type 'ament_cmake'
[0.570s] INFO:colcon.colcon_cmake.task.cmake.build:Building CMake package in '/home/calper/ros2_ws/src/cpp_pubsub'
[0.577s] INFO:colcon.colcon_core.plugin_system:Skipping extension 'colcon_core.shell.bat': Not used on non-Windows systems
[0.577s] INFO:colcon.colcon_core.shell:Skip shell extension 'powershell' for command environment: Not usable outside of PowerShell
[0.577s] DEBUG:colcon.colcon_core.shell:Skip shell extension 'dsv' for command environment
[0.596s] DEBUG:colcon.colcon_core.shell:Ignoring prefix path '/home/calper/ros2_ws'
[0.597s] INFO:colcon.colcon_ros.task.ament_cmake.build:Building ROS package in '/home/calper/ros2_ws/src/esp_package_temp' with build type 'ament_cmake'
[0.597s] INFO:colcon.colcon_cmake.task.cmake.build:Building CMake package in '/home/calper/ros2_ws/src/esp_package_temp'
[0.604s] INFO:colcon.colcon_core.shell:Skip shell extension 'powershell' for command environment: Not usable outside of PowerShell
[0.604s] DEBUG:colcon.colcon_core.shell:Skip shell extension 'dsv' for command environment
[0.622s] DEBUG:colcon.colcon_core.shell:Ignoring prefix path '/home/calper/ros2_ws'
[0.623s] INFO:colcon.colcon_ros.task.ament_cmake.build:Building ROS package in '/home/calper/ros2_ws/src/ros_node_temp' with build type 'ament_cmake'
[0.623s] INFO:colcon.colcon_cmake.task.cmake.build:Building CMake package in '/home/calper/ros2_ws/src/ros_node_temp'
[0.630s] INFO:colcon.colcon_core.shell:Skip shell extension 'powershell' for command environment: Not usable outside of PowerShell
[0.630s] DEBUG:colcon.colcon_core.shell:Skip shell extension 'dsv' for command environment
[0.649s] DEBUG:colcon.colcon_core.shell:Ignoring prefix path '/home/calper/ros2_ws'
[0.654s] DEBUG:colcon.colcon_core.event_handler.log_command:Invoking command in '/home/calper/ros2_ws/build/cpp_pubsub': /usr/bin/cmake --build /home/calper/ros2_ws/build/cpp_pubsub -- -j16 -l16
[0.656s] DEBUG:colcon.colcon_core.event_handler.log_command:Invoking command in '/home/calper/ros2_ws/build/esp_package_temp': /usr/bin/cmake --build /home/calper/ros2_ws/build/esp_package_temp -- -j16 -l16
[0.659s] DEBUG:colcon.colcon_core.event_handler.log_command:Invoking command in '/home/calper/ros2_ws/build/ros_node_temp': /usr/bin/cmake --build /home/calper/ros2_ws/build/ros_node_temp -- -j16 -l16
[0.675s] DEBUG:colcon.colcon_core.event_handler.log_command:Invoked command in '/home/calper/ros2_ws/build/esp_package_temp' returned '0': /usr/bin/cmake --build /home/calper/ros2_ws/build/esp_package_temp -- -j16 -l16
[0.680s] DEBUG:colcon.colcon_core.event_handler.log_command:Invoked command in '/home/calper/ros2_ws/build/cpp_pubsub' returned '0': /usr/bin/cmake --build /home/calper/ros2_ws/build/cpp_pubsub -- -j16 -l16
[0.681s] DEBUG:colcon.colcon_core.event_handler.log_command:Invoked command in '/home/calper/ros2_ws/build/ros_node_temp' returned '0': /usr/bin/cmake --build /home/calper/ros2_ws/build/ros_node_temp -- -j16 -l16
[0.691s] DEBUG:colcon.colcon_core.event_handler.log_command:Invoking command in '/home/calper/ros2_ws/build/esp_package_temp': /usr/bin/cmake --install /home/calper/ros2_ws/build/esp_package_temp
[0.693s] DEBUG:colcon.colcon_core.event_handler.log_command:Invoking command in '/home/calper/ros2_ws/build/ros_node_temp': /usr/bin/cmake --install /home/calper/ros2_ws/build/ros_node_temp
[0.695s] Level 1:colcon.colcon_core.environment:create_environment_scripts_only(esp_package_temp)
[0.698s] DEBUG:colcon.colcon_core.event_handler.log_command:Invoking command in '/home/calper/ros2_ws/build/cpp_pubsub': /usr/bin/cmake --install /home/calper/ros2_ws/build/cpp_pubsub
[0.699s] DEBUG:colcon.colcon_core.event_handler.log_command:Invoked command in '/home/calper/ros2_ws/build/esp_package_temp' returned '0': /usr/bin/cmake --install /home/calper/ros2_ws/build/esp_package_temp
[0.708s] Level 1:colcon.colcon_core.environment:checking '/home/calper/ros2_ws/install/esp_package_temp' for CMake module files
[0.708s] Level 1:colcon.colcon_core.environment:checking '/home/calper/ros2_ws/install/esp_package_temp' for CMake config files
[0.708s] Level 1:colcon.colcon_core.shell:create_environment_hook('esp_package_temp', 'cmake_prefix_path')
[0.714s] INFO:colcon.colcon_core.shell:Creating environment hook '/home/calper/ros2_ws/install/esp_package_temp/share/esp_package_temp/hook/cmake_prefix_path.ps1'
[0.714s] INFO:colcon.colcon_core.shell:Creating environment descriptor '/home/calper/ros2_ws/install/esp_package_temp/share/esp_package_temp/hook/cmake_prefix_path.dsv'
[0.715s] INFO:colcon.colcon_core.shell:Creating environment hook '/home/calper/ros2_ws/install/esp_package_temp/share/esp_package_temp/hook/cmake_prefix_path.sh'
[0.715s] Level 1:colcon.colcon_core.environment:checking '/home/calper/ros2_ws/install/esp_package_temp/lib'
[0.715s] Level 1:colcon.colcon_core.environment:checking '/home/calper/ros2_ws/install/esp_package_temp/bin'
[0.715s] Level 1:colcon.colcon_core.environment:checking '/home/calper/ros2_ws/install/esp_package_temp/lib/pkgconfig/esp_package_temp.pc'
[0.716s] Level 1:colcon.colcon_core.environment:checking '/home/calper/ros2_ws/install/esp_package_temp/lib/python3.10/site-packages'
[0.716s] Level 1:colcon.colcon_core.environment:checking '/home/calper/ros2_ws/install/esp_package_temp/bin'
[0.722s] INFO:colcon.colcon_core.shell:Creating package script '/home/calper/ros2_ws/install/esp_package_temp/share/esp_package_temp/package.ps1'
[0.722s] INFO:colcon.colcon_core.shell:Creating package descriptor '/home/calper/ros2_ws/install/esp_package_temp/share/esp_package_temp/package.dsv'
[0.723s] INFO:colcon.colcon_core.shell:Creating package script '/home/calper/ros2_ws/install/esp_package_temp/share/esp_package_temp/package.sh'
[0.723s] INFO:colcon.colcon_core.shell:Creating package script '/home/calper/ros2_ws/install/esp_package_temp/share/esp_package_temp/package.bash'
[0.723s] INFO:colcon.colcon_core.shell:Creating package script '/home/calper/ros2_ws/install/esp_package_temp/share/esp_package_temp/package.zsh'
[0.724s] Level 1:colcon.colcon_core.environment:create_file_with_runtime_dependencies(/home/calper/ros2_ws/install/esp_package_temp/share/colcon-core/packages/esp_package_temp)
[0.725s] Level 1:colcon.colcon_core.environment:create_environment_scripts_only(ros_node_temp)
[0.726s] DEBUG:colcon.colcon_core.event_handler.log_command:Invoked command in '/home/calper/ros2_ws/build/ros_node_temp' returned '0': /usr/bin/cmake --install /home/calper/ros2_ws/build/ros_node_temp
[0.732s] Level 1:colcon.colcon_core.environment:checking '/home/calper/ros2_ws/install/ros_node_temp' for CMake module files
[0.732s] Level 1:colcon.colcon_core.environment:checking '/home/calper/ros2_ws/install/ros_node_temp' for CMake config files
[0.732s] Level 1:colcon.colcon_core.shell:create_environment_hook('ros_node_temp', 'cmake_prefix_path')
[0.739s] INFO:colcon.colcon_core.shell:Creating environment hook '/home/calper/ros2_ws/install/ros_node_temp/share/ros_node_temp/hook/cmake_prefix_path.ps1'
[0.739s] INFO:colcon.colcon_core.shell:Creating environment descriptor '/home/calper/ros2_ws/install/ros_node_temp/share/ros_node_temp/hook/cmake_prefix_path.dsv'
[0.739s] INFO:colcon.colcon_core.shell:Creating environment hook '/home/calper/ros2_ws/install/ros_node_temp/share/ros_node_temp/hook/cmake_prefix_path.sh'
[0.739s] Level 1:colcon.colcon_core.environment:checking '/home/calper/ros2_ws/install/ros_node_temp/lib'
[0.739s] Level 1:colcon.colcon_core.environment:checking '/home/calper/ros2_ws/install/ros_node_temp/bin'
[0.739s] Level 1:colcon.colcon_core.environment:checking '/home/calper/ros2_ws/install/ros_node_temp/lib/pkgconfig/ros_node_temp.pc'
[0.740s] Level 1:colcon.colcon_core.environment:checking '/home/calper/ros2_ws/install/ros_node_temp/lib/python3.10/site-packages'
[0.740s] Level 1:colcon.colcon_core.environment:checking '/home/calper/ros2_ws/install/ros_node_temp/bin'
[0.746s] INFO:colcon.colcon_core.shell:Creating package script '/home/calper/ros2_ws/install/ros_node_temp/share/ros_node_temp/package.ps1'
[0.746s] INFO:colcon.colcon_core.shell:Creating package descriptor '/home/calper/ros2_ws/install/ros_node_temp/share/ros_node_temp/package.dsv'
[0.746s] INFO:colcon.colcon_core.shell:Creating package script '/home/calper/ros2_ws/install/ros_node_temp/share/ros_node_temp/package.sh'
[0.747s] INFO:colcon.colcon_core.shell:Creating package script '/home/calper/ros2_ws/install/ros_node_temp/share/ros_node_temp/package.bash'
[0.747s] INFO:colcon.colcon_core.shell:Creating package script '/home/calper/ros2_ws/install/ros_node_temp/share/ros_node_temp/package.zsh'
[0.747s] Level 1:colcon.colcon_core.environment:create_file_with_runtime_dependencies(/home/calper/ros2_ws/install/ros_node_temp/share/colcon-core/packages/ros_node_temp)
[0.748s] Level 1:colcon.colcon_core.environment:create_environment_scripts_only(cpp_pubsub)
[0.748s] DEBUG:colcon.colcon_core.event_handler.log_command:Invoked command in '/home/calper/ros2_ws/build/cpp_pubsub' returned '0': /usr/bin/cmake --install /home/calper/ros2_ws/build/cpp_pubsub
[0.755s] Level 1:colcon.colcon_core.environment:checking '/home/calper/ros2_ws/install/cpp_pubsub' for CMake module files
[0.755s] Level 1:colcon.colcon_core.environment:checking '/home/calper/ros2_ws/install/cpp_pubsub' for CMake config files
[0.755s] Level 1:colcon.colcon_core.shell:create_environment_hook('cpp_pubsub', 'cmake_prefix_path')
[0.762s] INFO:colcon.colcon_core.shell:Creating environment hook '/home/calper/ros2_ws/install/cpp_pubsub/share/cpp_pubsub/hook/cmake_prefix_path.ps1'
[0.762s] INFO:colcon.colcon_core.shell:Creating environment descriptor '/home/calper/ros2_ws/install/cpp_pubsub/share/cpp_pubsub/hook/cmake_prefix_path.dsv'
[0.762s] INFO:colcon.colcon_core.shell:Creating environment hook '/home/calper/ros2_ws/install/cpp_pubsub/share/cpp_pubsub/hook/cmake_prefix_path.sh'
[0.762s] Level 1:colcon.colcon_core.environment:checking '/home/calper/ros2_ws/install/cpp_pubsub/lib'
[0.762s] Level 1:colcon.colcon_core.environment:checking '/home/calper/ros2_ws/install/cpp_pubsub/bin'
[0.762s] Level 1:colcon.colcon_core.environment:checking '/home/calper/ros2_ws/install/cpp_pubsub/lib/pkgconfig/cpp_pubsub.pc'
[0.763s] Level 1:colcon.colcon_core.environment:checking '/home/calper/ros2_ws/install/cpp_pubsub/lib/python3.10/site-packages'
[0.763s] Level 1:colcon.colcon_core.environment:checking '/home/calper/ros2_ws/install/cpp_pubsub/bin'
[0.769s] INFO:colcon.colcon_core.shell:Creating package script '/home/calper/ros2_ws/install/cpp_pubsub/share/cpp_pubsub/package.ps1'
[0.769s] INFO:colcon.colcon_core.shell:Creating package descriptor '/home/calper/ros2_ws/install/cpp_pubsub/share/cpp_pubsub/package.dsv'
[0.770s] INFO:colcon.colcon_core.shell:Creating package script '/home/calper/ros2_ws/install/cpp_pubsub/share/cpp_pubsub/package.sh'
[0.770s] INFO:colcon.colcon_core.shell:Creating package script '/home/calper/ros2_ws/install/cpp_pubsub/share/cpp_pubsub/package.bash'
[0.770s] INFO:colcon.colcon_core.shell:Creating package script '/home/calper/ros2_ws/install/cpp_pubsub/share/cpp_pubsub/package.zsh'
[0.770s] Level 1:colcon.colcon_core.environment:create_file_with_runtime_dependencies(/home/calper/ros2_ws/install/cpp_pubsub/share/colcon-core/packages/cpp_pubsub)
[0.778s] Level 1:colcon.colcon_core.environment:create_environment_scripts_only(esp_package_temp)
[0.784s] Level 1:colcon.colcon_core.environment:checking '/home/calper/ros2_ws/install/esp_package_temp' for CMake module files
[0.784s] Level 1:colcon.colcon_core.environment:checking '/home/calper/ros2_ws/install/esp_package_temp' for CMake config files
[0.785s] Level 1:colcon.colcon_core.shell:create_environment_hook('esp_package_temp', 'cmake_prefix_path')
[0.791s] INFO:colcon.colcon_core.shell:Creating environment hook '/home/calper/ros2_ws/install/esp_package_temp/share/esp_package_temp/hook/cmake_prefix_path.ps1'
[0.791s] INFO:colcon.colcon_core.shell:Creating environment descriptor '/home/calper/ros2_ws/install/esp_package_temp/share/esp_package_temp/hook/cmake_prefix_path.dsv'
[0.791s] INFO:colcon.colcon_core.shell:Creating environment hook '/home/calper/ros2_ws/install/esp_package_temp/share/esp_package_temp/hook/cmake_prefix_path.sh'
[0.791s] Level 1:colcon.colcon_core.environment:checking '/home/calper/ros2_ws/install/esp_package_temp/lib'
[0.791s] Level 1:colcon.colcon_core.environment:checking '/home/calper/ros2_ws/install/esp_package_temp/bin'
[0.792s] Level 1:colcon.colcon_core.environment:checking '/home/calper/ros2_ws/install/esp_package_temp/lib/pkgconfig/esp_package_temp.pc'
[0.792s] Level 1:colcon.colcon_core.environment:checking '/home/calper/ros2_ws/install/esp_package_temp/lib/python3.10/site-packages'
[0.792s] Level 1:colcon.colcon_core.environment:checking '/home/calper/ros2_ws/install/esp_package_temp/bin'
[0.798s] INFO:colcon.colcon_core.shell:Creating package script '/home/calper/ros2_ws/install/esp_package_temp/share/esp_package_temp/package.ps1'
[0.798s] INFO:colcon.colcon_core.shell:Creating package descriptor '/home/calper/ros2_ws/install/esp_package_temp/share/esp_package_temp/package.dsv'
[0.798s] INFO:colcon.colcon_core.shell:Creating package script '/home/calper/ros2_ws/install/esp_package_temp/share/esp_package_temp/package.sh'
[0.798s] INFO:colcon.colcon_core.shell:Creating package script '/home/calper/ros2_ws/install/esp_package_temp/share/esp_package_temp/package.bash'
[0.799s] INFO:colcon.colcon_core.shell:Creating package script '/home/calper/ros2_ws/install/esp_package_temp/share/esp_package_temp/package.zsh'
[0.799s] Level 1:colcon.colcon_core.environment:create_file_with_runtime_dependencies(/home/calper/ros2_ws/install/esp_package_temp/share/colcon-core/packages/esp_package_temp)
[0.805s] Level 1:colcon.colcon_core.environment:create_environment_scripts_only(ros_node_temp)
[0.810s] Level 1:colcon.colcon_core.environment:checking '/home/calper/ros2_ws/install/ros_node_temp' for CMake module files
[0.811s] Level 1:colcon.colcon_core.environment:checking '/home/calper/ros2_ws/install/ros_node_temp' for CMake config files
[0.811s] Level 1:colcon.colcon_core.shell:create_environment_hook('ros_node_temp', 'cmake_prefix_path')
[0.816s] INFO:colcon.colcon_core.shell:Creating environment hook '/home/calper/ros2_ws/install/ros_node_temp/share/ros_node_temp/hook/cmake_prefix_path.ps1'
[0.817s] INFO:colcon.colcon_core.shell:Creating environment descriptor '/home/calper/ros2_ws/install/ros_node_temp/share/ros_node_temp/hook/cmake_prefix_path.dsv'
[0.817s] INFO:colcon.colcon_core.shell:Creating environment hook '/home/calper/ros2_ws/install/ros_node_temp/share/ros_node_temp/hook/cmake_prefix_path.sh'
[0.817s] Level 1:colcon.colcon_core.environment:checking '/home/calper/ros2_ws/install/ros_node_temp/lib'
[0.817s] Level 1:colcon.colcon_core.environment:checking '/home/calper/ros2_ws/install/ros_node_temp/bin'
[0.817s] Level 1:colcon.colcon_core.environment:checking '/home/calper/ros2_ws/install/ros_node_temp/lib/pkgconfig/ros_node_temp.pc'
[0.817s] Level 1:colcon.colcon_core.environment:checking '/home/calper/ros2_ws/install/ros_node_temp/lib/python3.10/site-packages'
[0.817s] Level 1:colcon.colcon_core.environment:checking '/home/calper/ros2_ws/install/ros_node_temp/bin'
[0.823s] INFO:colcon.colcon_core.shell:Creating package script '/home/calper/ros2_ws/install/ros_node_temp/share/ros_node_temp/package.ps1'
[0.824s] INFO:colcon.colcon_core.shell:Creating package descriptor '/home/calper/ros2_ws/install/ros_node_temp/share/ros_node_temp/package.dsv'
[0.824s] INFO:colcon.colcon_core.shell:Creating package script '/home/calper/ros2_ws/install/ros_node_temp/share/ros_node_temp/package.sh'
[0.824s] INFO:colcon.colcon_core.shell:Creating package script '/home/calper/ros2_ws/install/ros_node_temp/share/ros_node_temp/package.bash'
[0.824s] INFO:colcon.colcon_core.shell:Creating package script '/home/calper/ros2_ws/install/ros_node_temp/share/ros_node_temp/package.zsh'
[0.824s] Level 1:colcon.colcon_core.environment:create_file_with_runtime_dependencies(/home/calper/ros2_ws/install/ros_node_temp/share/colcon-core/packages/ros_node_temp)
[0.831s] Level 1:colcon.colcon_core.environment:create_environment_scripts_only(cpp_pubsub)
[0.837s] Level 1:colcon.colcon_core.environment:checking '/home/calper/ros2_ws/install/cpp_pubsub' for CMake module files
[0.837s] Level 1:colcon.colcon_core.environment:checking '/home/calper/ros2_ws/install/cpp_pubsub' for CMake config files
[0.837s] Level 1:colcon.colcon_core.shell:create_environment_hook('cpp_pubsub', 'cmake_prefix_path')
[0.844s] INFO:colcon.colcon_core.shell:Creating environment hook '/home/calper/ros2_ws/install/cpp_pubsub/share/cpp_pubsub/hook/cmake_prefix_path.ps1'
[0.844s] INFO:colcon.colcon_core.shell:Creating environment descriptor '/home/calper/ros2_ws/install/cpp_pubsub/share/cpp_pubsub/hook/cmake_prefix_path.dsv'
[0.844s] INFO:colcon.colcon_core.shell:Creating environment hook '/home/calper/ros2_ws/install/cpp_pubsub/share/cpp_pubsub/hook/cmake_prefix_path.sh'
[0.844s] Level 1:colcon.colcon_core.environment:checking '/home/calper/ros2_ws/install/cpp_pubsub/lib'
[0.844s] Level 1:colcon.colcon_core.environment:checking '/home/calper/ros2_ws/install/cpp_pubsub/bin'
[0.844s] Level 1:colcon.colcon_core.environment:checking '/home/calper/ros2_ws/install/cpp_pubsub/lib/pkgconfig/cpp_pubsub.pc'
[0.845s] Level 1:colcon.colcon_core.environment:checking '/home/calper/ros2_ws/install/cpp_pubsub/lib/python3.10/site-packages'
[0.845s] Level 1:colcon.colcon_core.environment:checking '/home/calper/ros2_ws/install/cpp_pubsub/bin'
[0.851s] INFO:colcon.colcon_core.shell:Creating package script '/home/calper/ros2_ws/install/cpp_pubsub/share/cpp_pubsub/package.ps1'
[0.851s] INFO:colcon.colcon_core.shell:Creating package descriptor '/home/calper/ros2_ws/install/cpp_pubsub/share/cpp_pubsub/package.dsv'
[0.851s] INFO:colcon.colcon_core.shell:Creating package script '/home/calper/ros2_ws/install/cpp_pubsub/share/cpp_pubsub/package.sh'
[0.852s] INFO:colcon.colcon_core.shell:Creating package script '/home/calper/ros2_ws/install/cpp_pubsub/share/cpp_pubsub/package.bash'
[0.852s] INFO:colcon.colcon_core.shell:Creating package script '/home/calper/ros2_ws/install/cpp_pubsub/share/cpp_pubsub/package.zsh'
[0.852s] Level 1:colcon.colcon_core.environment:create_file_with_runtime_dependencies(/home/calper/ros2_ws/install/cpp_pubsub/share/colcon-core/packages/cpp_pubsub)
[0.852s] DEBUG:colcon.colcon_parallel_executor.executor.parallel:closing loop
[0.853s] DEBUG:colcon.colcon_parallel_executor.executor.parallel:loop closed
[0.853s] DEBUG:colcon.colcon_parallel_executor.executor.parallel:run_until_complete finished with '0'
[0.853s] DEBUG:colcon.colcon_core.event_reactor:joining thread
[0.862s] INFO:colcon.colcon_core.plugin_system:Skipping extension 'colcon_notification.desktop_notification.notify_send': Could not find 'notify-send'
[0.862s] INFO:colcon.colcon_core.plugin_system:Skipping extension 'colcon_notification.desktop_notification.terminal_notifier': Not used on non-Darwin systems
[0.862s] INFO:colcon.colcon_core.plugin_system:Skipping extension 'colcon_notification.desktop_notification.win32': Not used on non-Windows systems
[0.862s] INFO:colcon.colcon_notification.desktop_notification:Sending desktop notification using 'notify2'
[0.872s] DEBUG:colcon.colcon_core.event_reactor:joined thread
[0.878s] INFO:colcon.colcon_core.shell:Creating prefix script '/home/calper/ros2_ws/install/local_setup.ps1'
[0.879s] INFO:colcon.colcon_core.shell:Creating prefix util module '/home/calper/ros2_ws/install/_local_setup_util_ps1.py'
[0.879s] INFO:colcon.colcon_core.shell:Creating prefix chain script '/home/calper/ros2_ws/install/setup.ps1'
[0.886s] INFO:colcon.colcon_core.shell:Creating prefix script '/home/calper/ros2_ws/install/local_setup.sh'
[0.886s] INFO:colcon.colcon_core.shell:Creating prefix util module '/home/calper/ros2_ws/install/_local_setup_util_sh.py'
[0.886s] INFO:colcon.colcon_core.shell:Creating prefix chain script '/home/calper/ros2_ws/install/setup.sh'
[0.892s] INFO:colcon.colcon_core.shell:Creating prefix script '/home/calper/ros2_ws/install/local_setup.bash'
[0.893s] INFO:colcon.colcon_core.shell:Creating prefix chain script '/home/calper/ros2_ws/install/setup.bash'
[0.899s] INFO:colcon.colcon_core.shell:Creating prefix script '/home/calper/ros2_ws/install/local_setup.zsh'
[0.899s] INFO:colcon.colcon_core.shell:Creating prefix chain script '/home/calper/ros2_ws/install/setup.zsh'
