[0.141s] Invoking command in '/home/calper/ros2_ws/build/cpp_pubsub': CMAKE_PREFIX_PATH=${CMAKE_PREFIX_PATH}:/opt/ros/iron /usr/bin/cmake --build /home/calper/ros2_ws/build/cpp_pubsub -- -j16 -l16
[0.167s] [ 50%] Built target talker
[0.168s] [100%] Built target listener
[0.171s] Invoked command in '/home/calper/ros2_ws/build/cpp_pubsub' returned '0': CMAKE_PREFIX_PATH=${CMAKE_PREFIX_PATH}:/opt/ros/iron /usr/bin/cmake --build /home/calper/ros2_ws/build/cpp_pubsub -- -j16 -l16
[0.186s] Invoking command in '/home/calper/ros2_ws/build/cpp_pubsub': CMAKE_PREFIX_PATH=${CMAKE_PREFIX_PATH}:/opt/ros/iron /usr/bin/cmake --install /home/calper/ros2_ws/build/cpp_pubsub
[0.187s] -- Install configuration: ""
[0.187s] -- Up-to-date: /home/calper/ros2_ws/install/cpp_pubsub/lib/cpp_pubsub/talker
[0.188s] -- Up-to-date: /home/calper/ros2_ws/install/cpp_pubsub/lib/cpp_pubsub/listener
[0.189s] -- Up-to-date: /home/calper/ros2_ws/install/cpp_pubsub/share/ament_index/resource_index/package_run_dependencies/cpp_pubsub
[0.189s] -- Up-to-date: /home/calper/ros2_ws/install/cpp_pubsub/share/ament_index/resource_index/parent_prefix_path/cpp_pubsub
[0.189s] -- Up-to-date: /home/calper/ros2_ws/install/cpp_pubsub/share/cpp_pubsub/environment/ament_prefix_path.sh
[0.189s] -- Up-to-date: /home/calper/ros2_ws/install/cpp_pubsub/share/cpp_pubsub/environment/ament_prefix_path.dsv
[0.189s] -- Up-to-date: /home/calper/ros2_ws/install/cpp_pubsub/share/cpp_pubsub/environment/path.sh
[0.189s] -- Up-to-date: /home/calper/ros2_ws/install/cpp_pubsub/share/cpp_pubsub/environment/path.dsv
[0.189s] -- Up-to-date: /home/calper/ros2_ws/install/cpp_pubsub/share/cpp_pubsub/local_setup.bash
[0.190s] -- Up-to-date: /home/calper/ros2_ws/install/cpp_pubsub/share/cpp_pubsub/local_setup.sh
[0.190s] -- Up-to-date: /home/calper/ros2_ws/install/cpp_pubsub/share/cpp_pubsub/local_setup.zsh
[0.190s] -- Up-to-date: /home/calper/ros2_ws/install/cpp_pubsub/share/cpp_pubsub/local_setup.dsv
[0.190s] -- Installing: /home/calper/ros2_ws/install/cpp_pubsub/share/cpp_pubsub/package.dsv
[0.190s] -- Up-to-date: /home/calper/ros2_ws/install/cpp_pubsub/share/ament_index/resource_index/packages/cpp_pubsub
[0.190s] -- Up-to-date: /home/calper/ros2_ws/install/cpp_pubsub/share/cpp_pubsub/cmake/cpp_pubsubConfig.cmake
[0.190s] -- Up-to-date: /home/calper/ros2_ws/install/cpp_pubsub/share/cpp_pubsub/cmake/cpp_pubsubConfig-version.cmake
[0.190s] -- Up-to-date: /home/calper/ros2_ws/install/cpp_pubsub/share/cpp_pubsub/package.xml
[0.233s] Invoked command in '/home/calper/ros2_ws/build/cpp_pubsub' returned '0': CMAKE_PREFIX_PATH=${CMAKE_PREFIX_PATH}:/opt/ros/iron /usr/bin/cmake --install /home/calper/ros2_ws/build/cpp_pubsub
