[0.042s] Invoking command in '/home/calper/ros2_ws/build/esp_package_temp': CMAKE_PREFIX_PATH=/opt/ros/iron /usr/bin/cmake /home/calper/ros2_ws/src/esp_package_temp -DCMAKE_INSTALL_PREFIX=/home/calper/ros2_ws/install/esp_package_temp
[0.071s] -- The C compiler identification is GNU 11.4.0
[0.103s] -- The CXX compiler identification is GNU 11.4.0
[0.114s] -- Detecting C compiler ABI info
[0.157s] -- Detecting C compiler ABI info - done
[0.163s] -- Check for working C compiler: /usr/bin/cc - skipped
[0.163s] -- Detecting C compile features
[0.163s] -- Detecting C compile features - done
[0.177s] -- Detecting CXX compiler ABI info
[0.228s] -- Detecting CXX compiler ABI info - done
[0.236s] -- Check for working CXX compiler: /usr/bin/c++ - skipped
[0.236s] -- Detecting CXX compile features
[0.237s] -- Detecting CXX compile features - done
[0.239s] -- Found ament_cmake: 2.0.3 (/opt/ros/iron/share/ament_cmake/cmake)
[0.599s] -- Found Python3: /usr/bin/python3.10 (found version "3.10.12") found components: Interpreter 
[0.649s] -- Found ament_lint_auto: 0.14.2 (/opt/ros/iron/share/ament_lint_auto/cmake)
[0.696s] -- Added test 'cppcheck' to perform static code analysis on C / C++ code
[0.696s] -- Configured cppcheck include dirs: $<BUILD_INTERFACE:/home/calper/ros2_ws/src/esp_package_temp/include>
[0.697s] -- Configured cppcheck exclude dirs and/or files: 
[0.697s] -- Added test 'lint_cmake' to check CMake code style
[0.697s] -- Added test 'uncrustify' to check C / C++ code style
[0.698s] -- Configured uncrustify additional arguments: 
[0.698s] -- Added test 'xmllint' to check XML markup files
[0.699s] -- Configuring done (0.7s)
[0.701s] -- Generating done (0.0s)
[0.702s] -- Build files have been written to: /home/calper/ros2_ws/build/esp_package_temp
[0.705s] Invoked command in '/home/calper/ros2_ws/build/esp_package_temp' returned '0': CMAKE_PREFIX_PATH=/opt/ros/iron /usr/bin/cmake /home/calper/ros2_ws/src/esp_package_temp -DCMAKE_INSTALL_PREFIX=/home/calper/ros2_ws/install/esp_package_temp
[0.706s] Invoking command in '/home/calper/ros2_ws/build/esp_package_temp': CMAKE_PREFIX_PATH=/opt/ros/iron /usr/bin/cmake --build /home/calper/ros2_ws/build/esp_package_temp -- -j16 -l16
[0.722s] [ 50%] [32mBuilding CXX object CMakeFiles/esp_node_temp.dir/src/esp_node_temp.cpp.o[0m
[0.740s] [100%] [32m[1mLinking CXX executable esp_node_temp[0m
[0.763s] [100%] Built target esp_node_temp
[0.768s] Invoked command in '/home/calper/ros2_ws/build/esp_package_temp' returned '0': CMAKE_PREFIX_PATH=/opt/ros/iron /usr/bin/cmake --build /home/calper/ros2_ws/build/esp_package_temp -- -j16 -l16
[0.783s] Invoking command in '/home/calper/ros2_ws/build/esp_package_temp': CMAKE_PREFIX_PATH=/opt/ros/iron /usr/bin/cmake --install /home/calper/ros2_ws/build/esp_package_temp
[0.785s] -- Install configuration: ""
[0.786s] -- Installing: /home/calper/ros2_ws/install/esp_package_temp/lib/esp_package_temp/esp_node_temp
[0.787s] -- Installing: /home/calper/ros2_ws/install/esp_package_temp/share/ament_index/resource_index/package_run_dependencies/esp_package_temp
[0.787s] -- Installing: /home/calper/ros2_ws/install/esp_package_temp/share/ament_index/resource_index/parent_prefix_path/esp_package_temp
[0.787s] -- Installing: /home/calper/ros2_ws/install/esp_package_temp/share/esp_package_temp/environment/ament_prefix_path.sh
[0.787s] -- Installing: /home/calper/ros2_ws/install/esp_package_temp/share/esp_package_temp/environment/ament_prefix_path.dsv
[0.787s] -- Installing: /home/calper/ros2_ws/install/esp_package_temp/share/esp_package_temp/environment/path.sh
[0.787s] -- Installing: /home/calper/ros2_ws/install/esp_package_temp/share/esp_package_temp/environment/path.dsv
[0.787s] -- Installing: /home/calper/ros2_ws/install/esp_package_temp/share/esp_package_temp/local_setup.bash
[0.787s] -- Installing: /home/calper/ros2_ws/install/esp_package_temp/share/esp_package_temp/local_setup.sh
[0.787s] -- Installing: /home/calper/ros2_ws/install/esp_package_temp/share/esp_package_temp/local_setup.zsh
[0.787s] -- Installing: /home/calper/ros2_ws/install/esp_package_temp/share/esp_package_temp/local_setup.dsv
[0.787s] -- Installing: /home/calper/ros2_ws/install/esp_package_temp/share/esp_package_temp/package.dsv
[0.787s] -- Installing: /home/calper/ros2_ws/install/esp_package_temp/share/ament_index/resource_index/packages/esp_package_temp
[0.787s] -- Installing: /home/calper/ros2_ws/install/esp_package_temp/share/esp_package_temp/cmake/esp_package_tempConfig.cmake
[0.787s] -- Installing: /home/calper/ros2_ws/install/esp_package_temp/share/esp_package_temp/cmake/esp_package_tempConfig-version.cmake
[0.787s] -- Installing: /home/calper/ros2_ws/install/esp_package_temp/share/esp_package_temp/package.xml
[0.788s] Invoked command in '/home/calper/ros2_ws/build/esp_package_temp' returned '0': CMAKE_PREFIX_PATH=/opt/ros/iron /usr/bin/cmake --install /home/calper/ros2_ws/build/esp_package_temp
