[0.057s] Invoking command in '/home/calper/ros2_ws/build/cpp_pubsub': CMAKE_PREFIX_PATH=${CMAKE_PREFIX_PATH}:/opt/ros/iron /usr/bin/cmake --build /home/calper/ros2_ws/build/cpp_pubsub -- -j16 -l16
[0.082s] [ 50%] Built target listener
[0.083s] [ 75%] [32mBuilding CXX object CMakeFiles/talker.dir/src/publisher_member_function.cpp.o[0m
[3.030s] [100%] [32m[1mLinking CXX executable talker[0m
[3.130s] [100%] Built target talker
[3.134s] Invoked command in '/home/calper/ros2_ws/build/cpp_pubsub' returned '0': CMAKE_PREFIX_PATH=${CMAKE_PREFIX_PATH}:/opt/ros/iron /usr/bin/cmake --build /home/calper/ros2_ws/build/cpp_pubsub -- -j16 -l16
[3.155s] Invoking command in '/home/calper/ros2_ws/build/cpp_pubsub': CMAKE_PREFIX_PATH=${CMAKE_PREFIX_PATH}:/opt/ros/iron /usr/bin/cmake --install /home/calper/ros2_ws/build/cpp_pubsub
[3.156s] -- Install configuration: ""
[3.156s] -- Installing: /home/calper/ros2_ws/install/cpp_pubsub/lib/cpp_pubsub/talker
[3.161s] -- Set non-toolchain portion of runtime path of "/home/calper/ros2_ws/install/cpp_pubsub/lib/cpp_pubsub/talker" to ""
[3.161s] -- Up-to-date: /home/calper/ros2_ws/install/cpp_pubsub/lib/cpp_pubsub/listener
[3.162s] -- Up-to-date: /home/calper/ros2_ws/install/cpp_pubsub/share/ament_index/resource_index/package_run_dependencies/cpp_pubsub
[3.162s] -- Up-to-date: /home/calper/ros2_ws/install/cpp_pubsub/share/ament_index/resource_index/parent_prefix_path/cpp_pubsub
[3.162s] -- Up-to-date: /home/calper/ros2_ws/install/cpp_pubsub/share/cpp_pubsub/environment/ament_prefix_path.sh
[3.162s] -- Up-to-date: /home/calper/ros2_ws/install/cpp_pubsub/share/cpp_pubsub/environment/ament_prefix_path.dsv
[3.162s] -- Up-to-date: /home/calper/ros2_ws/install/cpp_pubsub/share/cpp_pubsub/environment/path.sh
[3.162s] -- Up-to-date: /home/calper/ros2_ws/install/cpp_pubsub/share/cpp_pubsub/environment/path.dsv
[3.162s] -- Up-to-date: /home/calper/ros2_ws/install/cpp_pubsub/share/cpp_pubsub/local_setup.bash
[3.162s] -- Up-to-date: /home/calper/ros2_ws/install/cpp_pubsub/share/cpp_pubsub/local_setup.sh
[3.162s] -- Up-to-date: /home/calper/ros2_ws/install/cpp_pubsub/share/cpp_pubsub/local_setup.zsh
[3.162s] -- Up-to-date: /home/calper/ros2_ws/install/cpp_pubsub/share/cpp_pubsub/local_setup.dsv
[3.163s] -- Installing: /home/calper/ros2_ws/install/cpp_pubsub/share/cpp_pubsub/package.dsv
[3.163s] -- Up-to-date: /home/calper/ros2_ws/install/cpp_pubsub/share/ament_index/resource_index/packages/cpp_pubsub
[3.163s] -- Up-to-date: /home/calper/ros2_ws/install/cpp_pubsub/share/cpp_pubsub/cmake/cpp_pubsubConfig.cmake
[3.163s] -- Up-to-date: /home/calper/ros2_ws/install/cpp_pubsub/share/cpp_pubsub/cmake/cpp_pubsubConfig-version.cmake
[3.163s] -- Up-to-date: /home/calper/ros2_ws/install/cpp_pubsub/share/cpp_pubsub/package.xml
[3.163s] Invoked command in '/home/calper/ros2_ws/build/cpp_pubsub' returned '0': CMAKE_PREFIX_PATH=${CMAKE_PREFIX_PATH}:/opt/ros/iron /usr/bin/cmake --install /home/calper/ros2_ws/build/cpp_pubsub
