[0.062s] Invoking command in '/home/calper/ros2_ws/build/ros_node_temp': CMAKE_PREFIX_PATH=${CMAKE_PREFIX_PATH}:/opt/ros/iron /usr/bin/cmake /home/calper/ros2_ws/src/ros_node_temp -DCMAKE_INSTALL_PREFIX=/home/calper/ros2_ws/install/ros_node_temp
[0.093s] -- The C compiler identification is GNU 11.4.0
[0.133s] -- The CXX compiler identification is GNU 11.4.0
[0.145s] -- Detecting C compiler ABI info
[0.195s] -- Detecting C compiler ABI info - done
[0.201s] -- Check for working C compiler: /usr/bin/cc - skipped
[0.201s] -- Detecting C compile features
[0.202s] -- Detecting C compile features - done
[0.208s] -- Detecting CXX compiler ABI info
[0.259s] -- Detecting CXX compiler ABI info - done
[0.271s] -- Check for working CXX compiler: /usr/bin/c++ - skipped
[0.271s] -- Detecting CXX compile features
[0.272s] -- Detecting CXX compile features - done
[0.275s] -- Found ament_cmake: 2.0.3 (/opt/ros/iron/share/ament_cmake/cmake)
[0.666s] -- Found Python3: /usr/bin/python3.10 (found version "3.10.12") found components: Interpreter 
[0.718s] -- Found rclcpp: 21.0.4 (/opt/ros/iron/share/rclcpp/cmake)
[0.743s] -- Found rosidl_generator_c: 4.0.1 (/opt/ros/iron/share/rosidl_generator_c/cmake)
[0.750s] -- Found rosidl_generator_cpp: 4.0.1 (/opt/ros/iron/share/rosidl_generator_cpp/cmake)
[0.761s] -- Using all available rosidl_typesupport_c: rosidl_typesupport_fastrtps_c;rosidl_typesupport_introspection_c
[0.774s] -- Using all available rosidl_typesupport_cpp: rosidl_typesupport_fastrtps_cpp;rosidl_typesupport_introspection_cpp
[0.893s] -- Found rmw_implementation_cmake: 7.1.0 (/opt/ros/iron/share/rmw_implementation_cmake/cmake)
[0.894s] -- Found rmw_fastrtps_cpp: 7.1.2 (/opt/ros/iron/share/rmw_fastrtps_cpp/cmake)
[0.961s] -- Found OpenSSL: /usr/lib/x86_64-linux-gnu/libcrypto.so (found version "3.0.2")  
[0.978s] -- Found FastRTPS: /opt/ros/iron/include  
[1.005s] -- Using RMW implementation 'rmw_fastrtps_cpp' as default
[1.128s] -- Found std_msgs: 5.0.0 (/opt/ros/iron/share/std_msgs/cmake)
[1.189s] -- Configuring done (1.1s)
[1.194s] -- Generating done (0.0s)
[1.195s] -- Build files have been written to: /home/calper/ros2_ws/build/ros_node_temp
[1.201s] Invoked command in '/home/calper/ros2_ws/build/ros_node_temp' returned '0': CMAKE_PREFIX_PATH=${CMAKE_PREFIX_PATH}:/opt/ros/iron /usr/bin/cmake /home/calper/ros2_ws/src/ros_node_temp -DCMAKE_INSTALL_PREFIX=/home/calper/ros2_ws/install/ros_node_temp
[1.202s] Invoking command in '/home/calper/ros2_ws/build/ros_node_temp': CMAKE_PREFIX_PATH=${CMAKE_PREFIX_PATH}:/opt/ros/iron /usr/bin/cmake --build /home/calper/ros2_ws/build/ros_node_temp -- -j16 -l16
[1.220s] [ 50%] [32mBuilding CXX object CMakeFiles/temp.dir/src/ros_node_temp.cpp.o[0m
[3.570s] [100%] [32m[1mLinking CXX executable temp[0m
[3.651s] [100%] Built target temp
[3.656s] Invoked command in '/home/calper/ros2_ws/build/ros_node_temp' returned '0': CMAKE_PREFIX_PATH=${CMAKE_PREFIX_PATH}:/opt/ros/iron /usr/bin/cmake --build /home/calper/ros2_ws/build/ros_node_temp -- -j16 -l16
[3.669s] Invoking command in '/home/calper/ros2_ws/build/ros_node_temp': CMAKE_PREFIX_PATH=${CMAKE_PREFIX_PATH}:/opt/ros/iron /usr/bin/cmake --install /home/calper/ros2_ws/build/ros_node_temp
[3.671s] -- Install configuration: ""
[3.671s] -- Installing: /home/calper/ros2_ws/install/ros_node_temp/lib/ros_node_temp/temp
[3.674s] -- Set non-toolchain portion of runtime path of "/home/calper/ros2_ws/install/ros_node_temp/lib/ros_node_temp/temp" to ""
[3.674s] -- Installing: /home/calper/ros2_ws/install/ros_node_temp/share/ament_index/resource_index/package_run_dependencies/ros_node_temp
[3.674s] -- Installing: /home/calper/ros2_ws/install/ros_node_temp/share/ament_index/resource_index/parent_prefix_path/ros_node_temp
[3.674s] -- Installing: /home/calper/ros2_ws/install/ros_node_temp/share/ros_node_temp/environment/ament_prefix_path.sh
[3.674s] -- Installing: /home/calper/ros2_ws/install/ros_node_temp/share/ros_node_temp/environment/ament_prefix_path.dsv
[3.674s] -- Installing: /home/calper/ros2_ws/install/ros_node_temp/share/ros_node_temp/environment/path.sh
[3.674s] -- Installing: /home/calper/ros2_ws/install/ros_node_temp/share/ros_node_temp/environment/path.dsv
[3.674s] -- Installing: /home/calper/ros2_ws/install/ros_node_temp/share/ros_node_temp/local_setup.bash
[3.674s] -- Installing: /home/calper/ros2_ws/install/ros_node_temp/share/ros_node_temp/local_setup.sh
[3.674s] -- Installing: /home/calper/ros2_ws/install/ros_node_temp/share/ros_node_temp/local_setup.zsh
[3.675s] -- Installing: /home/calper/ros2_ws/install/ros_node_temp/share/ros_node_temp/local_setup.dsv
[3.675s] -- Installing: /home/calper/ros2_ws/install/ros_node_temp/share/ros_node_temp/package.dsv
[3.675s] -- Installing: /home/calper/ros2_ws/install/ros_node_temp/share/ament_index/resource_index/packages/ros_node_temp
[3.675s] -- Installing: /home/calper/ros2_ws/install/ros_node_temp/share/ros_node_temp/cmake/ros_node_tempConfig.cmake
[3.675s] -- Installing: /home/calper/ros2_ws/install/ros_node_temp/share/ros_node_temp/cmake/ros_node_tempConfig-version.cmake
[3.675s] -- Installing: /home/calper/ros2_ws/install/ros_node_temp/share/ros_node_temp/package.xml
[3.676s] Invoked command in '/home/calper/ros2_ws/build/ros_node_temp' returned '0': CMAKE_PREFIX_PATH=${CMAKE_PREFIX_PATH}:/opt/ros/iron /usr/bin/cmake --install /home/calper/ros2_ws/build/ros_node_temp
